#
# There is insufficient memory for the Java Runtime Environment to continue.
# Native memory allocation (malloc) failed to allocate 46880 bytes for Chunk::new
# Possible reasons:
#   The system is out of physical RAM or swap space
#   The process is running with CompressedOops enabled, and the Java Heap may be blocking the growth of the native heap
# Possible solutions:
#   Reduce memory load on the system
#   Increase physical memory or swap space
#   Check if swap backing store is full
#   Decrease Java heap size (-Xmx/-Xms)
#   Decrease number of Java threads
#   Decrease Java thread stack sizes (-Xss)
#   Set larger code cache with -XX:ReservedCodeCacheSize=
#   JVM is running with Unscaled Compressed Oops mode in which the Java heap is
#     placed in the first 4GB address space. The Java Heap base address is the
#     maximum limit for the native heap growth. Please use -XX:HeapBaseMinAddress
#     to set the Java Heap base and to place the Java Heap above 4GB virtual address.
# This output file may be truncated or incomplete.
#
#  Out of Memory Error (arena.cpp:189), pid=15500, tid=8928
#
# JRE version: Java(TM) SE Runtime Environment (17.0.12+8) (build 17.0.12+8-LTS-286)
# Java VM: Java HotSpot(TM) 64-Bit Server VM (17.0.12+8-LTS-286, mixed mode, emulated-client, tiered, compressed oops, compressed class ptrs, g1 gc, windows-amd64)
# No core dump will be written. Minidumps are not enabled by default on client versions of Windows
#

---------------  S U M M A R Y ------------

Command Line: -Dcom.sun.management.jmxremote -Dcom.sun.management.jmxremote.port=55739 -Dcom.sun.management.jmxremote.authenticate=false -Dcom.sun.management.jmxremote.ssl=false -Djava.rmi.server.hostname=localhost -Dspring.jmx.enabled=true -Dmanagement.endpoints.jmx.exposure.include=* -Dspring.application.admin.enabled=true -Dspring.output.ansi.enabled=always -XX:TieredStopAtLevel=1 -Dspring.boot.project.name=Employee_Management_System -Dfile.encoding=UTF-8 -Dstdout.encoding=UTF-8 -Dstderr.encoding=UTF-8 -XX:+ShowCodeDetailsInExceptionMessages -agentpath:C:\Program Files\SentinelOne\Sentinel Agent 25.1.3.334\SentinelJava64.dll=extendedCapabilities com.example.demo.EmployeeManagementSystemApplication

Host: Intel(R) Core(TM) i5-3470 CPU @ 3.20GHz, 4 cores, 7G,  Windows 10 , 64 bit Build 19041 (10.0.19041.5915)
Time: Wed May  6 19:18:04 2026 India Standard Time elapsed time: 0.200650 seconds (0d 0h 0m 0s)

---------------  T H R E A D  ---------------

Current thread (0x0000017c5386af10):  JavaThread "main" [_thread_in_vm, id=8928, stack(0x0000002956800000,0x0000002956900000)]

Stack: [0x0000002956800000,0x0000002956900000]
Native frames: (J=compiled Java code, j=interpreted, Vv=VM code, C=native code)
V  [jvm.dll+0x67a04a]
V  [jvm.dll+0x7da4ed]
V  [jvm.dll+0x7dbe33]
V  [jvm.dll+0x7dc4a3]
V  [jvm.dll+0x24508f]
V  [jvm.dll+0xab773]
V  [jvm.dll+0xabd3c]
V  [jvm.dll+0x1f0588]
V  [jvm.dll+0x1ef2a6]
V  [jvm.dll+0x7547ad]
V  [jvm.dll+0x755bc6]
V  [jvm.dll+0x755ef8]
V  [jvm.dll+0x23d13b]
V  [jvm.dll+0x23d38f]
V  [jvm.dll+0x55dc68]
V  [jvm.dll+0x560b4e]
V  [jvm.dll+0x380f73]
V  [jvm.dll+0x3805df]
C  0x0000017c5c8da2aa

Java frames: (J=compiled Java code, j=interpreted, Vv=VM code)
j  java.lang.invoke.LambdaForm.compileToBytecode()V+69 java.base@17.0.12
j  java.lang.invoke.DirectMethodHandle.makePreparedLambdaForm(Ljava/lang/invoke/MethodType;I)Ljava/lang/invoke/LambdaForm;+792 java.base@17.0.12
j  java.lang.invoke.DirectMethodHandle.preparedLambdaForm(Ljava/lang/invoke/MethodType;I)Ljava/lang/invoke/LambdaForm;+17 java.base@17.0.12
j  java.lang.invoke.DirectMethodHandle.preparedLambdaForm(Ljava/lang/invoke/MemberName;Z)Ljava/lang/invoke/LambdaForm;+159 java.base@17.0.12
j  java.lang.invoke.DirectMethodHandle.preparedLambdaForm(Ljava/lang/invoke/MemberName;)Ljava/lang/invoke/LambdaForm;+2 java.base@17.0.12
j  java.lang.invoke.DirectMethodHandle.make(BLjava/lang/Class;Ljava/lang/invoke/MemberName;Ljava/lang/Class;)Ljava/lang/invoke/DirectMethodHandle;+163 java.base@17.0.12
j  java.lang.invoke.MethodHandles$Lookup.getDirectMethodCommon(BLjava/lang/Class;Ljava/lang/invoke/MemberName;ZZLjava/lang/invoke/MethodHandles$Lookup;)Ljava/lang/invoke/MethodHandle;+210 java.base@17.0.12
j  java.lang.invoke.MethodHandles$Lookup.getDirectMethodNoSecurityManager(BLjava/lang/Class;Ljava/lang/invoke/MemberName;Ljava/lang/invoke/MethodHandles$Lookup;)Ljava/lang/invoke/MethodHandle;+14 java.base@17.0.12
j  java.lang.invoke.MethodHandles$Lookup.getDirectMethodForConstant(BLjava/lang/Class;Ljava/lang/invoke/MemberName;)Ljava/lang/invoke/MethodHandle;+31 java.base@17.0.12
j  java.lang.invoke.MethodHandles$Lookup.linkMethodHandleConstant(BLjava/lang/Class;Ljava/lang/String;Ljava/lang/Object;)Ljava/lang/invoke/MethodHandle;+153 java.base@17.0.12
j  java.lang.invoke.MethodHandleNatives.linkMethodHandleConstant(Ljava/lang/Class;ILjava/lang/Class;Ljava/lang/String;Ljava/lang/Object;)Ljava/lang/invoke/MethodHandle;+38 java.base@17.0.12
v  ~StubRoutines::call_stub
j  jdk.internal.module.DefaultRoots.compute(Ljava/lang/module/ModuleFinder;Ljava/lang/module/ModuleFinder;)Ljava/util/Set;+11 java.base@17.0.12
j  jdk.internal.module.ModuleBootstrap.boot2()Ljava/lang/ModuleLayer;+727 java.base@17.0.12
j  jdk.internal.module.ModuleBootstrap.boot()Ljava/lang/ModuleLayer;+64 java.base@17.0.12
j  java.lang.System.initPhase2(ZZ)I+0 java.base@17.0.12
v  ~StubRoutines::call_stub

---------------  P R O C E S S  ---------------

Threads class SMR info:
_java_thread_list=0x0000017c66f7cf00, length=9, elements={
0x0000017c5386af10, 0x0000017c66f6d260, 0x0000017c64a661a0, 0x0000017c64a6c300,
0x0000017c64a6c7e0, 0x0000017c64a6ccc0, 0x0000017c66fb6aa0, 0x0000017c66fb7f90,
0x0000017c66fb84b0
}

Java Threads: ( => current thread )
=>0x0000017c5386af10 JavaThread "main" [_thread_in_vm, id=8928, stack(0x0000002956800000,0x0000002956900000)]
  0x0000017c66f6d260 JavaThread "Reference Handler" daemon [_thread_blocked, id=7376, stack(0x0000002956f00000,0x0000002957000000)]
  0x0000017c64a661a0 JavaThread "Finalizer" daemon [_thread_blocked, id=15532, stack(0x0000002957000000,0x0000002957100000)]
  0x0000017c64a6c300 JavaThread "Signal Dispatcher" daemon [_thread_blocked, id=7900, stack(0x0000002957100000,0x0000002957200000)]
  0x0000017c64a6c7e0 JavaThread "Attach Listener" daemon [_thread_blocked, id=7056, stack(0x0000002957200000,0x0000002957300000)]
  0x0000017c64a6ccc0 JavaThread "Service Thread" daemon [_thread_blocked, id=12472, stack(0x0000002957300000,0x0000002957400000)]
  0x0000017c66fb6aa0 JavaThread "Monitor Deflation Thread" daemon [_thread_blocked, id=8744, stack(0x0000002957400000,0x0000002957500000)]
  0x0000017c66fb7f90 JavaThread "C1 CompilerThread0" daemon [_thread_blocked, id=14932, stack(0x0000002957500000,0x0000002957600000)]
  0x0000017c66fb84b0 JavaThread "Sweeper thread" daemon [_thread_blocked, id=5328, stack(0x0000002957600000,0x0000002957700000)]

Other Threads:
  0x0000017c64a635f0 VMThread "VM Thread" [stack: 0x0000002956e00000,0x0000002956f00000] [id=8248]
  0x0000017c648909e0 GCTaskThread "GC Thread#0" [stack: 0x0000002956900000,0x0000002956a00000] [id=12904]
  0x0000017c538adcc0 ConcurrentGCThread "G1 Main Marker" [stack: 0x0000002956a00000,0x0000002956b00000] [id=16988]
  0x0000017c538ae4e0 ConcurrentGCThread "G1 Conc#0" [stack: 0x0000002956b00000,0x0000002956c00000] [id=15608]
  0x0000017c6494dec0 ConcurrentGCThread "G1 Refine#0" [stack: 0x0000002956c00000,0x0000002956d00000] [id=18360]
  0x0000017c64950320 ConcurrentGCThread "G1 Service" [stack: 0x0000002956d00000,0x0000002956e00000] [id=7104]

Threads with active compile tasks:

VM state: not at safepoint (normal execution)

VM Mutex/Monitor currently owned by a thread: None

Heap address: 0x0000000081c00000, size: 2020 MB, Compressed Oops mode: 32-bit

CDS archive(s) not mapped
Compressed class space mapped at: 0x0000000100000000-0x0000000140000000, reserved size: 1073741824
Narrow klass base: 0x0000000000000000, Narrow klass shift: 3, Narrow klass range: 0x140000000

GC Precious Log:
 CPUs: 4 total, 4 available
 Memory: 8078M
 Large Page Support: Disabled
 NUMA Support: Disabled
 Compressed Oops: Enabled (32-bit)
 Heap Region Size: 1M
 Heap Min Capacity: 8M
 Heap Initial Capacity: 128M
 Heap Max Capacity: 2020M
 Pre-touch: Disabled
 Parallel Workers: 4
 Concurrent Workers: 1
 Concurrent Refinement Workers: 4
 Periodic GC: Disabled

Heap:
 garbage-first heap   total 131072K, used 0K [0x0000000081c00000, 0x0000000100000000)
  region size 1024K, 1 young (1024K), 0 survivors (0K)
 Metaspace       used 3741K, committed 3776K, reserved 1114112K
  class space    used 288K, committed 320K, reserved 1048576K

Heap Regions: E=young(eden), S=young(survivor), O=old, HS=humongous(starts), HC=humongous(continues), CS=collection set, F=free, OA=open archive, CA=closed archive, TAMS=top-at-mark-start (previous, next)
|   0|0x0000000081c00000, 0x0000000081c00000, 0x0000000081d00000|  0%| F|  |TAMS 0x0000000081c00000, 0x0000000081c00000| Untracked 
|   1|0x0000000081d00000, 0x0000000081d00000, 0x0000000081e00000|  0%| F|  |TAMS 0x0000000081d00000, 0x0000000081d00000| Untracked 
|   2|0x0000000081e00000, 0x0000000081e00000, 0x0000000081f00000|  0%| F|  |TAMS 0x0000000081e00000, 0x0000000081e00000| Untracked 
|   3|0x0000000081f00000, 0x0000000081f00000, 0x0000000082000000|  0%| F|  |TAMS 0x0000000081f00000, 0x0000000081f00000| Untracked 
|   4|0x0000000082000000, 0x0000000082000000, 0x0000000082100000|  0%| F|  |TAMS 0x0000000082000000, 0x0000000082000000| Untracked 
|   5|0x0000000082100000, 0x0000000082100000, 0x0000000082200000|  0%| F|  |TAMS 0x0000000082100000, 0x0000000082100000| Untracked 
|   6|0x0000000082200000, 0x0000000082200000, 0x0000000082300000|  0%| F|  |TAMS 0x0000000082200000, 0x0000000082200000| Untracked 
|   7|0x0000000082300000, 0x0000000082300000, 0x0000000082400000|  0%| F|  |TAMS 0x0000000082300000, 0x0000000082300000| Untracked 
|   8|0x0000000082400000, 0x0000000082400000, 0x0000000082500000|  0%| F|  |TAMS 0x0000000082400000, 0x0000000082400000| Untracked 
|   9|0x0000000082500000, 0x0000000082500000, 0x0000000082600000|  0%| F|  |TAMS 0x0000000082500000, 0x0000000082500000| Untracked 
|  10|0x0000000082600000, 0x0000000082600000, 0x0000000082700000|  0%| F|  |TAMS 0x0000000082600000, 0x0000000082600000| Untracked 
|  11|0x0000000082700000, 0x0000000082700000, 0x0000000082800000|  0%| F|  |TAMS 0x0000000082700000, 0x0000000082700000| Untracked 
|  12|0x0000000082800000, 0x0000000082800000, 0x0000000082900000|  0%| F|  |TAMS 0x0000000082800000, 0x0000000082800000| Untracked 
|  13|0x0000000082900000, 0x0000000082900000, 0x0000000082a00000|  0%| F|  |TAMS 0x0000000082900000, 0x0000000082900000| Untracked 
|  14|0x0000000082a00000, 0x0000000082a00000, 0x0000000082b00000|  0%| F|  |TAMS 0x0000000082a00000, 0x0000000082a00000| Untracked 
|  15|0x0000000082b00000, 0x0000000082b00000, 0x0000000082c00000|  0%| F|  |TAMS 0x0000000082b00000, 0x0000000082b00000| Untracked 
|  16|0x0000000082c00000, 0x0000000082c00000, 0x0000000082d00000|  0%| F|  |TAMS 0x0000000082c00000, 0x0000000082c00000| Untracked 
|  17|0x0000000082d00000, 0x0000000082d00000, 0x0000000082e00000|  0%| F|  |TAMS 0x0000000082d00000, 0x0000000082d00000| Untracked 
|  18|0x0000000082e00000, 0x0000000082e00000, 0x0000000082f00000|  0%| F|  |TAMS 0x0000000082e00000, 0x0000000082e00000| Untracked 
|  19|0x0000000082f00000, 0x0000000082f00000, 0x0000000083000000|  0%| F|  |TAMS 0x0000000082f00000, 0x0000000082f00000| Untracked 
|  20|0x0000000083000000, 0x0000000083000000, 0x0000000083100000|  0%| F|  |TAMS 0x0000000083000000, 0x0000000083000000| Untracked 
|  21|0x0000000083100000, 0x0000000083100000, 0x0000000083200000|  0%| F|  |TAMS 0x0000000083100000, 0x0000000083100000| Untracked 
|  22|0x0000000083200000, 0x0000000083200000, 0x0000000083300000|  0%| F|  |TAMS 0x0000000083200000, 0x0000000083200000| Untracked 
|  23|0x0000000083300000, 0x0000000083300000, 0x0000000083400000|  0%| F|  |TAMS 0x0000000083300000, 0x0000000083300000| Untracked 
|  24|0x0000000083400000, 0x0000000083400000, 0x0000000083500000|  0%| F|  |TAMS 0x0000000083400000, 0x0000000083400000| Untracked 
|  25|0x0000000083500000, 0x0000000083500000, 0x0000000083600000|  0%| F|  |TAMS 0x0000000083500000, 0x0000000083500000| Untracked 
|  26|0x0000000083600000, 0x0000000083600000, 0x0000000083700000|  0%| F|  |TAMS 0x0000000083600000, 0x0000000083600000| Untracked 
|  27|0x0000000083700000, 0x0000000083700000, 0x0000000083800000|  0%| F|  |TAMS 0x0000000083700000, 0x0000000083700000| Untracked 
|  28|0x0000000083800000, 0x0000000083800000, 0x0000000083900000|  0%| F|  |TAMS 0x0000000083800000, 0x0000000083800000| Untracked 
|  29|0x0000000083900000, 0x0000000083900000, 0x0000000083a00000|  0%| F|  |TAMS 0x0000000083900000, 0x0000000083900000| Untracked 
|  30|0x0000000083a00000, 0x0000000083a00000, 0x0000000083b00000|  0%| F|  |TAMS 0x0000000083a00000, 0x0000000083a00000| Untracked 
|  31|0x0000000083b00000, 0x0000000083b00000, 0x0000000083c00000|  0%| F|  |TAMS 0x0000000083b00000, 0x0000000083b00000| Untracked 
|  32|0x0000000083c00000, 0x0000000083c00000, 0x0000000083d00000|  0%| F|  |TAMS 0x0000000083c00000, 0x0000000083c00000| Untracked 
|  33|0x0000000083d00000, 0x0000000083d00000, 0x0000000083e00000|  0%| F|  |TAMS 0x0000000083d00000, 0x0000000083d00000| Untracked 
|  34|0x0000000083e00000, 0x0000000083e00000, 0x0000000083f00000|  0%| F|  |TAMS 0x0000000083e00000, 0x0000000083e00000| Untracked 
|  35|0x0000000083f00000, 0x0000000083f00000, 0x0000000084000000|  0%| F|  |TAMS 0x0000000083f00000, 0x0000000083f00000| Untracked 
|  36|0x0000000084000000, 0x0000000084000000, 0x0000000084100000|  0%| F|  |TAMS 0x0000000084000000, 0x0000000084000000| Untracked 
|  37|0x0000000084100000, 0x0000000084100000, 0x0000000084200000|  0%| F|  |TAMS 0x0000000084100000, 0x0000000084100000| Untracked 
|  38|0x0000000084200000, 0x0000000084200000, 0x0000000084300000|  0%| F|  |TAMS 0x0000000084200000, 0x0000000084200000| Untracked 
|  39|0x0000000084300000, 0x0000000084300000, 0x0000000084400000|  0%| F|  |TAMS 0x0000000084300000, 0x0000000084300000| Untracked 
|  40|0x0000000084400000, 0x0000000084400000, 0x0000000084500000|  0%| F|  |TAMS 0x0000000084400000, 0x0000000084400000| Untracked 
|  41|0x0000000084500000, 0x0000000084500000, 0x0000000084600000|  0%| F|  |TAMS 0x0000000084500000, 0x0000000084500000| Untracked 
|  42|0x0000000084600000, 0x0000000084600000, 0x0000000084700000|  0%| F|  |TAMS 0x0000000084600000, 0x0000000084600000| Untracked 
|  43|0x0000000084700000, 0x0000000084700000, 0x0000000084800000|  0%| F|  |TAMS 0x0000000084700000, 0x0000000084700000| Untracked 
|  44|0x0000000084800000, 0x0000000084800000, 0x0000000084900000|  0%| F|  |TAMS 0x0000000084800000, 0x0000000084800000| Untracked 
|  45|0x0000000084900000, 0x0000000084900000, 0x0000000084a00000|  0%| F|  |TAMS 0x0000000084900000, 0x0000000084900000| Untracked 
|  46|0x0000000084a00000, 0x0000000084a00000, 0x0000000084b00000|  0%| F|  |TAMS 0x0000000084a00000, 0x0000000084a00000| Untracked 
|  47|0x0000000084b00000, 0x0000000084b00000, 0x0000000084c00000|  0%| F|  |TAMS 0x0000000084b00000, 0x0000000084b00000| Untracked 
|  48|0x0000000084c00000, 0x0000000084c00000, 0x0000000084d00000|  0%| F|  |TAMS 0x0000000084c00000, 0x0000000084c00000| Untracked 
|  49|0x0000000084d00000, 0x0000000084d00000, 0x0000000084e00000|  0%| F|  |TAMS 0x0000000084d00000, 0x0000000084d00000| Untracked 
|  50|0x0000000084e00000, 0x0000000084e00000, 0x0000000084f00000|  0%| F|  |TAMS 0x0000000084e00000, 0x0000000084e00000| Untracked 
|  51|0x0000000084f00000, 0x0000000084f00000, 0x0000000085000000|  0%| F|  |TAMS 0x0000000084f00000, 0x0000000084f00000| Untracked 
|  52|0x0000000085000000, 0x0000000085000000, 0x0000000085100000|  0%| F|  |TAMS 0x0000000085000000, 0x0000000085000000| Untracked 
|  53|0x0000000085100000, 0x0000000085100000, 0x0000000085200000|  0%| F|  |TAMS 0x0000000085100000, 0x0000000085100000| Untracked 
|  54|0x0000000085200000, 0x0000000085200000, 0x0000000085300000|  0%| F|  |TAMS 0x0000000085200000, 0x0000000085200000| Untracked 
|  55|0x0000000085300000, 0x0000000085300000, 0x0000000085400000|  0%| F|  |TAMS 0x0000000085300000, 0x0000000085300000| Untracked 
|  56|0x0000000085400000, 0x0000000085400000, 0x0000000085500000|  0%| F|  |TAMS 0x0000000085400000, 0x0000000085400000| Untracked 
|  57|0x0000000085500000, 0x0000000085500000, 0x0000000085600000|  0%| F|  |TAMS 0x0000000085500000, 0x0000000085500000| Untracked 
|  58|0x0000000085600000, 0x0000000085600000, 0x0000000085700000|  0%| F|  |TAMS 0x0000000085600000, 0x0000000085600000| Untracked 
|  59|0x0000000085700000, 0x0000000085700000, 0x0000000085800000|  0%| F|  |TAMS 0x0000000085700000, 0x0000000085700000| Untracked 
|  60|0x0000000085800000, 0x0000000085800000, 0x0000000085900000|  0%| F|  |TAMS 0x0000000085800000, 0x0000000085800000| Untracked 
|  61|0x0000000085900000, 0x0000000085900000, 0x0000000085a00000|  0%| F|  |TAMS 0x0000000085900000, 0x0000000085900000| Untracked 
|  62|0x0000000085a00000, 0x0000000085a00000, 0x0000000085b00000|  0%| F|  |TAMS 0x0000000085a00000, 0x0000000085a00000| Untracked 
|  63|0x0000000085b00000, 0x0000000085b00000, 0x0000000085c00000|  0%| F|  |TAMS 0x0000000085b00000, 0x0000000085b00000| Untracked 
|  64|0x0000000085c00000, 0x0000000085c00000, 0x0000000085d00000|  0%| F|  |TAMS 0x0000000085c00000, 0x0000000085c00000| Untracked 
|  65|0x0000000085d00000, 0x0000000085d00000, 0x0000000085e00000|  0%| F|  |TAMS 0x0000000085d00000, 0x0000000085d00000| Untracked 
|  66|0x0000000085e00000, 0x0000000085e00000, 0x0000000085f00000|  0%| F|  |TAMS 0x0000000085e00000, 0x0000000085e00000| Untracked 
|  67|0x0000000085f00000, 0x0000000085f00000, 0x0000000086000000|  0%| F|  |TAMS 0x0000000085f00000, 0x0000000085f00000| Untracked 
|  68|0x0000000086000000, 0x0000000086000000, 0x0000000086100000|  0%| F|  |TAMS 0x0000000086000000, 0x0000000086000000| Untracked 
|  69|0x0000000086100000, 0x0000000086100000, 0x0000000086200000|  0%| F|  |TAMS 0x0000000086100000, 0x0000000086100000| Untracked 
|  70|0x0000000086200000, 0x0000000086200000, 0x0000000086300000|  0%| F|  |TAMS 0x0000000086200000, 0x0000000086200000| Untracked 
|  71|0x0000000086300000, 0x0000000086300000, 0x0000000086400000|  0%| F|  |TAMS 0x0000000086300000, 0x0000000086300000| Untracked 
|  72|0x0000000086400000, 0x0000000086400000, 0x0000000086500000|  0%| F|  |TAMS 0x0000000086400000, 0x0000000086400000| Untracked 
|  73|0x0000000086500000, 0x0000000086500000, 0x0000000086600000|  0%| F|  |TAMS 0x0000000086500000, 0x0000000086500000| Untracked 
|  74|0x0000000086600000, 0x0000000086600000, 0x0000000086700000|  0%| F|  |TAMS 0x0000000086600000, 0x0000000086600000| Untracked 
|  75|0x0000000086700000, 0x0000000086700000, 0x0000000086800000|  0%| F|  |TAMS 0x0000000086700000, 0x0000000086700000| Untracked 
|  76|0x0000000086800000, 0x0000000086800000, 0x0000000086900000|  0%| F|  |TAMS 0x0000000086800000, 0x0000000086800000| Untracked 
|  77|0x0000000086900000, 0x0000000086900000, 0x0000000086a00000|  0%| F|  |TAMS 0x0000000086900000, 0x0000000086900000| Untracked 
|  78|0x0000000086a00000, 0x0000000086a00000, 0x0000000086b00000|  0%| F|  |TAMS 0x0000000086a00000, 0x0000000086a00000| Untracked 
|  79|0x0000000086b00000, 0x0000000086b00000, 0x0000000086c00000|  0%| F|  |TAMS 0x0000000086b00000, 0x0000000086b00000| Untracked 
|  80|0x0000000086c00000, 0x0000000086c00000, 0x0000000086d00000|  0%| F|  |TAMS 0x0000000086c00000, 0x0000000086c00000| Untracked 
|  81|0x0000000086d00000, 0x0000000086d00000, 0x0000000086e00000|  0%| F|  |TAMS 0x0000000086d00000, 0x0000000086d00000| Untracked 
|  82|0x0000000086e00000, 0x0000000086e00000, 0x0000000086f00000|  0%| F|  |TAMS 0x0000000086e00000, 0x0000000086e00000| Untracked 
|  83|0x0000000086f00000, 0x0000000086f00000, 0x0000000087000000|  0%| F|  |TAMS 0x0000000086f00000, 0x0000000086f00000| Untracked 
|  84|0x0000000087000000, 0x0000000087000000, 0x0000000087100000|  0%| F|  |TAMS 0x0000000087000000, 0x0000000087000000| Untracked 
|  85|0x0000000087100000, 0x0000000087100000, 0x0000000087200000|  0%| F|  |TAMS 0x0000000087100000, 0x0000000087100000| Untracked 
|  86|0x0000000087200000, 0x0000000087200000, 0x0000000087300000|  0%| F|  |TAMS 0x0000000087200000, 0x0000000087200000| Untracked 
|  87|0x0000000087300000, 0x0000000087300000, 0x0000000087400000|  0%| F|  |TAMS 0x0000000087300000, 0x0000000087300000| Untracked 
|  88|0x0000000087400000, 0x0000000087400000, 0x0000000087500000|  0%| F|  |TAMS 0x0000000087400000, 0x0000000087400000| Untracked 
|  89|0x0000000087500000, 0x0000000087500000, 0x0000000087600000|  0%| F|  |TAMS 0x0000000087500000, 0x0000000087500000| Untracked 
|  90|0x0000000087600000, 0x0000000087600000, 0x0000000087700000|  0%| F|  |TAMS 0x0000000087600000, 0x0000000087600000| Untracked 
|  91|0x0000000087700000, 0x0000000087700000, 0x0000000087800000|  0%| F|  |TAMS 0x0000000087700000, 0x0000000087700000| Untracked 
|  92|0x0000000087800000, 0x0000000087800000, 0x0000000087900000|  0%| F|  |TAMS 0x0000000087800000, 0x0000000087800000| Untracked 
|  93|0x0000000087900000, 0x0000000087900000, 0x0000000087a00000|  0%| F|  |TAMS 0x0000000087900000, 0x0000000087900000| Untracked 
|  94|0x0000000087a00000, 0x0000000087a00000, 0x0000000087b00000|  0%| F|  |TAMS 0x0000000087a00000, 0x0000000087a00000| Untracked 
|  95|0x0000000087b00000, 0x0000000087b00000, 0x0000000087c00000|  0%| F|  |TAMS 0x0000000087b00000, 0x0000000087b00000| Untracked 
|  96|0x0000000087c00000, 0x0000000087c00000, 0x0000000087d00000|  0%| F|  |TAMS 0x0000000087c00000, 0x0000000087c00000| Untracked 
|  97|0x0000000087d00000, 0x0000000087d00000, 0x0000000087e00000|  0%| F|  |TAMS 0x0000000087d00000, 0x0000000087d00000| Untracked 
|  98|0x0000000087e00000, 0x0000000087e00000, 0x0000000087f00000|  0%| F|  |TAMS 0x0000000087e00000, 0x0000000087e00000| Untracked 
|  99|0x0000000087f00000, 0x0000000087f00000, 0x0000000088000000|  0%| F|  |TAMS 0x0000000087f00000, 0x0000000087f00000| Untracked 
| 100|0x0000000088000000, 0x0000000088000000, 0x0000000088100000|  0%| F|  |TAMS 0x0000000088000000, 0x0000000088000000| Untracked 
| 101|0x0000000088100000, 0x0000000088100000, 0x0000000088200000|  0%| F|  |TAMS 0x0000000088100000, 0x0000000088100000| Untracked 
| 102|0x0000000088200000, 0x0000000088200000, 0x0000000088300000|  0%| F|  |TAMS 0x0000000088200000, 0x0000000088200000| Untracked 
| 103|0x0000000088300000, 0x0000000088300000, 0x0000000088400000|  0%| F|  |TAMS 0x0000000088300000, 0x0000000088300000| Untracked 
| 104|0x0000000088400000, 0x0000000088400000, 0x0000000088500000|  0%| F|  |TAMS 0x0000000088400000, 0x0000000088400000| Untracked 
| 105|0x0000000088500000, 0x0000000088500000, 0x0000000088600000|  0%| F|  |TAMS 0x0000000088500000, 0x0000000088500000| Untracked 
| 106|0x0000000088600000, 0x0000000088600000, 0x0000000088700000|  0%| F|  |TAMS 0x0000000088600000, 0x0000000088600000| Untracked 
| 107|0x0000000088700000, 0x0000000088700000, 0x0000000088800000|  0%| F|  |TAMS 0x0000000088700000, 0x0000000088700000| Untracked 
| 108|0x0000000088800000, 0x0000000088800000, 0x0000000088900000|  0%| F|  |TAMS 0x0000000088800000, 0x0000000088800000| Untracked 
| 109|0x0000000088900000, 0x0000000088900000, 0x0000000088a00000|  0%| F|  |TAMS 0x0000000088900000, 0x0000000088900000| Untracked 
| 110|0x0000000088a00000, 0x0000000088a00000, 0x0000000088b00000|  0%| F|  |TAMS 0x0000000088a00000, 0x0000000088a00000| Untracked 
| 111|0x0000000088b00000, 0x0000000088b00000, 0x0000000088c00000|  0%| F|  |TAMS 0x0000000088b00000, 0x0000000088b00000| Untracked 
| 112|0x0000000088c00000, 0x0000000088c00000, 0x0000000088d00000|  0%| F|  |TAMS 0x0000000088c00000, 0x0000000088c00000| Untracked 
| 113|0x0000000088d00000, 0x0000000088d00000, 0x0000000088e00000|  0%| F|  |TAMS 0x0000000088d00000, 0x0000000088d00000| Untracked 
| 114|0x0000000088e00000, 0x0000000088e00000, 0x0000000088f00000|  0%| F|  |TAMS 0x0000000088e00000, 0x0000000088e00000| Untracked 
| 115|0x0000000088f00000, 0x0000000088f00000, 0x0000000089000000|  0%| F|  |TAMS 0x0000000088f00000, 0x0000000088f00000| Untracked 
| 116|0x0000000089000000, 0x0000000089000000, 0x0000000089100000|  0%| F|  |TAMS 0x0000000089000000, 0x0000000089000000| Untracked 
| 117|0x0000000089100000, 0x0000000089100000, 0x0000000089200000|  0%| F|  |TAMS 0x0000000089100000, 0x0000000089100000| Untracked 
| 118|0x0000000089200000, 0x0000000089200000, 0x0000000089300000|  0%| F|  |TAMS 0x0000000089200000, 0x0000000089200000| Untracked 
| 119|0x0000000089300000, 0x0000000089300000, 0x0000000089400000|  0%| F|  |TAMS 0x0000000089300000, 0x0000000089300000| Untracked 
| 120|0x0000000089400000, 0x0000000089400000, 0x0000000089500000|  0%| F|  |TAMS 0x0000000089400000, 0x0000000089400000| Untracked 
| 121|0x0000000089500000, 0x0000000089500000, 0x0000000089600000|  0%| F|  |TAMS 0x0000000089500000, 0x0000000089500000| Untracked 
| 122|0x0000000089600000, 0x0000000089600000, 0x0000000089700000|  0%| F|  |TAMS 0x0000000089600000, 0x0000000089600000| Untracked 
| 123|0x0000000089700000, 0x0000000089700000, 0x0000000089800000|  0%| F|  |TAMS 0x0000000089700000, 0x0000000089700000| Untracked 
| 124|0x0000000089800000, 0x0000000089800000, 0x0000000089900000|  0%| F|  |TAMS 0x0000000089800000, 0x0000000089800000| Untracked 
| 125|0x0000000089900000, 0x0000000089900000, 0x0000000089a00000|  0%| F|  |TAMS 0x0000000089900000, 0x0000000089900000| Untracked 
| 126|0x0000000089a00000, 0x0000000089a00000, 0x0000000089b00000|  0%| F|  |TAMS 0x0000000089a00000, 0x0000000089a00000| Untracked 
| 127|0x0000000089b00000, 0x0000000089c00000, 0x0000000089c00000|100%| E|  |TAMS 0x0000000089b00000, 0x0000000089b00000| Complete 

Card table byte_map: [0x0000017c60100000,0x0000017c60500000] _byte_map_base: 0x0000017c5fcf2000

Marking Bits (Prev, Next): (CMBitMap*) 0x0000017c538a2420, (CMBitMap*) 0x0000017c538a2460
 Prev Bits: [0x0000017c60900000, 0x0000017c62890000)
 Next Bits: [0x0000017c62890000, 0x0000017c64820000)

Polling page: 0x0000017c531f0000

Metaspace:

Usage:
  Non-class:      3.37 MB used.
      Class:    288.34 KB used.
       Both:      3.65 MB used.

Virtual space:
  Non-class space:       64.00 MB reserved,       3.38 MB (  5%) committed,  1 nodes.
      Class space:        1.00 GB reserved,     320.00 KB ( <1%) committed,  1 nodes.
             Both:        1.06 GB reserved,       3.69 MB ( <1%) committed. 

Chunk freelists:
   Non-Class:  12.00 MB
       Class:  15.62 MB
        Both:  27.62 MB

MaxMetaspaceSize: unlimited
CompressedClassSpaceSize: 1.00 GB
Initial GC threshold: 21.00 MB
Current GC threshold: 21.00 MB
CDS: off
MetaspaceReclaimPolicy: balanced
 - commit_granule_bytes: 65536.
 - commit_granule_words: 8192.
 - virtual_space_node_default_size: 8388608.
 - enlarge_chunks_in_place: 1.
 - new_chunks_are_fully_committed: 0.
 - uncommit_free_chunks: 1.
 - use_allocation_guard: 0.
 - handle_deallocations: 1.


Internal statistics:

num_allocs_failed_limit: 0.
num_arena_births: 2.
num_arena_deaths: 0.
num_vsnodes_births: 2.
num_vsnodes_deaths: 0.
num_space_committed: 59.
num_space_uncommitted: 0.
num_chunks_returned_to_freelist: 0.
num_chunks_taken_from_freelist: 4.
num_chunk_merges: 0.
num_chunk_splits: 2.
num_chunks_enlarged: 0.
num_inconsistent_stats: 0.

CodeCache: size=49152Kb used=1072Kb max_used=1072Kb free=48079Kb
 bounds [0x0000017c5c8c0000, 0x0000017c5cb30000, 0x0000017c5f8c0000]
 total_blobs=336 nmethods=44 adapters=220
 compilation: enabled
              stopped_count=0, restarted_count=0
 full_count=0

Compilation events (20 events):
Event: 0.150 Thread 0x0000017c66fb7f90   32       1       java.lang.String::indexOf (29 bytes)
Event: 0.150 Thread 0x0000017c66fb7f90 nmethod 32 0x0000017c5c9c4a90 code [0x0000017c5c9c4c40, 0x0000017c5c9c4db8]
Event: 0.150 Thread 0x0000017c66fb7f90   33       1       java.lang.StringLatin1::indexOf (36 bytes)
Event: 0.151 Thread 0x0000017c66fb7f90 nmethod 33 0x0000017c5c9c4e90 code [0x0000017c5c9c5020, 0x0000017c5c9c51b8]
Event: 0.152 Thread 0x0000017c66fb7f90   34       1       java.lang.String::indexOf (7 bytes)
Event: 0.152 Thread 0x0000017c66fb7f90 nmethod 34 0x0000017c5c9c5290 code [0x0000017c5c9c5440, 0x0000017c5c9c55b8]
Event: 0.160 Thread 0x0000017c66fb7f90   35       1       java.lang.Math::min (11 bytes)
Event: 0.160 Thread 0x0000017c66fb7f90 nmethod 35 0x0000017c5c9c5690 code [0x0000017c5c9c5820, 0x0000017c5c9c58d8]
Event: 0.167 Thread 0x0000017c66fb7f90   36       1       java.io.File::getPrefixLength (5 bytes)
Event: 0.167 Thread 0x0000017c66fb7f90 nmethod 36 0x0000017c5c9c5990 code [0x0000017c5c9c5b20, 0x0000017c5c9c5bf8]
Event: 0.181 Thread 0x0000017c66fb7f90   37       1       java.lang.String::<init> (15 bytes)
Event: 0.181 Thread 0x0000017c66fb7f90 nmethod 37 0x0000017c5c9c6290 code [0x0000017c5c9c6420, 0x0000017c5c9c6538]
Event: 0.182 Thread 0x0000017c66fb7f90   38       1       java.util.concurrent.ConcurrentHashMap::tabAt (22 bytes)
Event: 0.182 Thread 0x0000017c66fb7f90 nmethod 38 0x0000017c5c9c6a10 code [0x0000017c5c9c6ba0, 0x0000017c5c9c6cb8]
Event: 0.182 Thread 0x0000017c66fb7f90   39       1       jdk.internal.misc.Unsafe::getReferenceAcquire (7 bytes)
Event: 0.182 Thread 0x0000017c66fb7f90 nmethod 39 0x0000017c5c9c6d90 code [0x0000017c5c9c6f20, 0x0000017c5c9c7038]
Event: 0.182 Thread 0x0000017c66fb7f90   42       1       java.util.ImmutableCollections$SetN$SetNIterator::next (90 bytes)
Event: 0.182 Thread 0x0000017c66fb7f90 nmethod 42 0x0000017c5c9c7090 code [0x0000017c5c9c7240, 0x0000017c5c9c73c8]
Event: 0.182 Thread 0x0000017c66fb7f90   41       1       java.util.concurrent.ConcurrentHashMap::spread (10 bytes)
Event: 0.182 Thread 0x0000017c66fb7f90 nmethod 41 0x0000017c5c9c7510 code [0x0000017c5c9c76a0, 0x0000017c5c9c7758]

GC Heap History (0 events):
No events

Deoptimization events (0 events):
No events

Classes unloaded (0 events):
No events

Classes redefined (0 events):
No events

Internal exceptions (0 events):
No events

VM Operations (0 events):
No events

Events (20 events):
Event: 0.188 loading class java/lang/invoke/DirectMethodHandle$Holder done
Event: 0.189 loading class sun/invoke/util/ValueConversions
Event: 0.189 loading class sun/invoke/util/ValueConversions done
Event: 0.189 loading class java/lang/invoke/MethodHandleImpl
Event: 0.189 loading class java/lang/invoke/MethodHandleImpl done
Event: 0.189 loading class java/lang/invoke/Invokers
Event: 0.189 loading class java/lang/invoke/Invokers done
Event: 0.189 loading class java/lang/invoke/LambdaForm$Kind
Event: 0.189 loading class java/lang/invoke/LambdaForm$Kind done
Event: 0.190 loading class java/lang/NoSuchMethodException
Event: 0.190 loading class java/lang/NoSuchMethodException done
Event: 0.190 loading class java/lang/invoke/LambdaForm$BasicType
Event: 0.190 loading class java/lang/invoke/LambdaForm$BasicType done
Event: 0.190 loading class java/lang/reflect/Array
Event: 0.190 loading class java/lang/reflect/Array done
Event: 0.190 loading class java/lang/invoke/LambdaForm$Name
Event: 0.191 loading class java/lang/invoke/LambdaForm$Name done
Event: 0.191 loading class java/lang/invoke/LambdaForm$Holder
Event: 0.191 loading class java/lang/invoke/LambdaForm$Holder done
Event: 0.191 loading class java/lang/invoke/InvokerBytecodeGenerator


Dynamic libraries:
0x00007ff7b8760000 - 0x00007ff7b8770000 	C:\Program Files\Java\jdk-17\bin\javaw.exe
0x0000017c535b0000 - 0x0000017c537a8000 	C:\Windows\SYSTEM32\ntd1l.dll
0x0000017c530a0000 - 0x0000017c53162000 	C:\Windows\System32\kern3l32.dll
0x00007ffeed2f0000 - 0x00007ffeed4e8000 	C:\Windows\SYSTEM32\ntdll.dll
0x00007ffeec5c0000 - 0x00007ffeec682000 	C:\Windows\System32\KERNEL32.DLL
0x00007ffeeaaa0000 - 0x00007ffeead96000 	C:\Windows\System32\KERNELBASE.dll
0x00007ffeea4e0000 - 0x00007ffeea8bb000 	C:\Program Files\SentinelOne\Sentinel Agent 25.1.3.334\InProcessClient64.dll
0x00007ffeebc00000 - 0x00007ffeebcb1000 	C:\Windows\System32\ADVAPI32.dll
0x00007ffeebb50000 - 0x00007ffeebbee000 	C:\Windows\System32\msvcrt.dll
0x00007ffeec330000 - 0x00007ffeec3cf000 	C:\Windows\System32\sechost.dll
0x00007ffeec200000 - 0x00007ffeec320000 	C:\Windows\System32\RPCRT4.dll
0x00007ffeeaa70000 - 0x00007ffeeaa97000 	C:\Windows\System32\bcrypt.dll
0x00007ffeea4d0000 - 0x00007ffeea4da000 	C:\Windows\SYSTEM32\VERSION.dll
0x00007ffeeb220000 - 0x00007ffeeb320000 	C:\Windows\System32\ucrtbase.dll
0x00007ffee4190000 - 0x00007ffee41a9000 	C:\Program Files\Java\jdk-17\bin\jli.dll
0x00007ffeda140000 - 0x00007ffeda15b000 	C:\Program Files\Java\jdk-17\bin\VCRUNTIME140.dll
0x00007ffed8490000 - 0x00007ffed872b000 	C:\Windows\WinSxS\amd64_microsoft.windows.common-controls_6595b64144ccf1df_6.0.19041.6280_none_60bc30a171f2f3f3\COMCTL32.dll
0x00007ffeec690000 - 0x00007ffeec6bb000 	C:\Windows\System32\GDI32.dll
0x00007ffeea990000 - 0x00007ffeea9b2000 	C:\Windows\System32\win32u.dll
0x00007ffeeb440000 - 0x00007ffeeb5dd000 	C:\Windows\System32\USER32.dll
0x00007ffeeb100000 - 0x00007ffeeb219000 	C:\Windows\System32\gdi32full.dll
0x00007ffeeaf90000 - 0x00007ffeeb02d000 	C:\Windows\System32\msvcp_win.dll
0x00007ffeea3f0000 - 0x00007ffeea3fb000 	C:\Windows\SYSTEM32\FLTLIB.DLL
0x00007ffeec960000 - 0x00007ffeec98f000 	C:\Windows\System32\IMM32.DLL
0x00007ffee72a0000 - 0x00007ffee72ac000 	C:\Program Files\Java\jdk-17\bin\vcruntime140_1.dll
0x00007ffed5710000 - 0x00007ffed579e000 	C:\Program Files\Java\jdk-17\bin\msvcp140.dll
0x00007ffe82030000 - 0x00007ffe82c10000 	C:\Program Files\Java\jdk-17\bin\server\jvm.dll
0x00007ffeecb30000 - 0x00007ffeecb38000 	C:\Windows\System32\PSAPI.DLL
0x00007ffed63d0000 - 0x00007ffed63d9000 	C:\Windows\SYSTEM32\WSOCK32.dll
0x00007ffeec990000 - 0x00007ffeec9fb000 	C:\Windows\System32\WS2_32.dll
0x00007ffedef00000 - 0x00007ffedef27000 	C:\Windows\SYSTEM32\WINMM.dll
0x00007ffee8250000 - 0x00007ffee8262000 	C:\Windows\SYSTEM32\kernel.appcore.dll
0x00007ffee6950000 - 0x00007ffee695a000 	C:\Program Files\Java\jdk-17\bin\jimage.dll
0x00007ffed8110000 - 0x00007ffed8311000 	C:\Windows\SYSTEM32\DBGHELP.DLL
0x00007ffed6400000 - 0x00007ffed6434000 	C:\Windows\SYSTEM32\dbgcore.DLL
0x00007ffeeada0000 - 0x00007ffeeae22000 	C:\Windows\System32\bcryptPrimitives.dll
0x00007ffec1010000 - 0x00007ffec10af000 	C:\Program Files\SentinelOne\Sentinel Agent 25.1.3.334\SentinelJava64.dll
0x00007ffeeca00000 - 0x00007ffeecb2b000 	C:\Windows\System32\ole32.dll
0x00007ffeeb7f0000 - 0x00007ffeebb43000 	C:\Windows\System32\combase.dll
0x00007ffed8d60000 - 0x00007ffed8d85000 	C:\Program Files\Java\jdk-17\bin\java.dll
0x00007ffec0350000 - 0x00007ffec0427000 	C:\Program Files\Java\jdk-17\bin\jsvml.dll
0x00007ffeecb40000 - 0x00007ffeed2b0000 	C:\Windows\System32\SHELL32.dll
0x00007ffee8450000 - 0x00007ffee8bf5000 	C:\Windows\SYSTEM32\windows.storage.dll
0x00007ffee9ef0000 - 0x00007ffee9f1b000 	C:\Windows\SYSTEM32\Wldp.dll
0x00007ffeec130000 - 0x00007ffeec1fd000 	C:\Windows\System32\OLEAUT32.dll
0x00007ffeec890000 - 0x00007ffeec93d000 	C:\Windows\System32\SHCORE.dll
0x00007ffeec750000 - 0x00007ffeec7ab000 	C:\Windows\System32\shlwapi.dll
0x00007ffeea8c0000 - 0x00007ffeea8e4000 	C:\Windows\SYSTEM32\profapi.dll

dbghelp: loaded successfully - version: 4.0.5 - missing functions: none
symbol engine: initialized successfully - sym options: 0x614 - pdb path: (cannot be retrieved)

VM Arguments:
jvm_args: -Dcom.sun.management.jmxremote -Dcom.sun.management.jmxremote.port=55739 -Dcom.sun.management.jmxremote.authenticate=false -Dcom.sun.management.jmxremote.ssl=false -Djava.rmi.server.hostname=localhost -Dspring.jmx.enabled=true -Dmanagement.endpoints.jmx.exposure.include=* -Dspring.application.admin.enabled=true -Dspring.output.ansi.enabled=always -XX:TieredStopAtLevel=1 -Dspring.boot.project.name=Employee_Management_System -Dfile.encoding=UTF-8 -Dstdout.encoding=UTF-8 -Dstderr.encoding=UTF-8 -XX:+ShowCodeDetailsInExceptionMessages -agentpath:C:\Program Files\SentinelOne\Sentinel Agent 25.1.3.334\SentinelJava64.dll=extendedCapabilities 
java_command: com.example.demo.EmployeeManagementSystemApplication
java_class_path (initial): C:\Users\rethessh.ed\eclipse-workspace\java\spring tool\Employee_Management_System\target\classes;C:\Users\rethessh.ed\.m2\repository\org\springframework\boot\spring-boot-starter-validation\4.0.6\spring-boot-starter-validation-4.0.6.jar;C:\Users\rethessh.ed\.m2\repository\org\springframework\boot\spring-boot-starter\4.0.6\spring-boot-starter-4.0.6.jar;C:\Users\rethessh.ed\.m2\repository\org\springframework\boot\spring-boot-starter-logging\4.0.6\spring-boot-starter-logging-4.0.6.jar;C:\Users\rethessh.ed\.m2\repository\ch\qos\logback\logback-classic\1.5.32\logback-classic-1.5.32.jar;C:\Users\rethessh.ed\.m2\repository\ch\qos\logback\logback-core\1.5.32\logback-core-1.5.32.jar;C:\Users\rethessh.ed\.m2\repository\org\apache\logging\log4j\log4j-to-slf4j\2.25.4\log4j-to-slf4j-2.25.4.jar;C:\Users\rethessh.ed\.m2\repository\org\apache\logging\log4j\log4j-api\2.25.4\log4j-api-2.25.4.jar;C:\Users\rethessh.ed\.m2\repository\org\slf4j\jul-to-slf4j\2.0.17\jul-to-slf4j-2.0.17.jar;C:\Users\rethessh.ed\.m2\repository\jakarta\annotation\jakarta.annotation-api\3.0.0\jakarta.annotation-api-3.0.0.jar;C:\Users\rethessh.ed\.m2\repository\org\yaml\snakeyaml\2.5\snakeyaml-2.5.jar;C:\Users\rethessh.ed\.m2\repository\org\springframework\boot\spring-boot-validation\4.0.6\spring-boot-validation-4.0.6.jar;C:\Users\rethessh.ed\.m2\repository\org\apache\tomcat\embed\tomcat-embed-el\11.0.21\tomcat-embed-el-11.0.21.jar;C:\Users\rethessh.ed\.m2\repository\org\hibernate\validator\hibernate-validator\9.0.1.Final\hibernate-validator-9.0.1.Final.jar;C:\Users\rethessh.ed\.m2\repository\jakarta\validation\jakarta.validation-api\3.1.1\jakarta.validation-api-3.1.1.jar;C:\Users\rethessh.ed\.m2\repository\org\jboss\logging\jboss-logging\3.6.3.Final\jboss-logging-3.6.3.Final.jar;C:\Users\rethessh.ed\.m2\repository\com\fasterxml\classmate\1.7.3\classmate-1.7.3.jar;C:\Users\rethessh.ed\.m2\repository\org\springframework\boot\spring-boot-starter-data-jpa\4.0.6\spring-boot-starter-data
Launcher Type: SUN_STANDARD

[Global flags]
     intx CICompilerCount                          = 3                                         {product} {ergonomic}
     uint ConcGCThreads                            = 1                                         {product} {ergonomic}
     uint G1ConcRefinementThreads                  = 4                                         {product} {ergonomic}
   size_t G1HeapRegionSize                         = 1048576                                   {product} {ergonomic}
    uintx GCDrainStackTargetSize                   = 64                                        {product} {ergonomic}
   size_t InitialHeapSize                          = 134217728                                 {product} {ergonomic}
     bool ManagementServer                         = true                                      {product} {command line}
   size_t MarkStackSize                            = 4194304                                   {product} {ergonomic}
   size_t MaxHeapSize                              = 2118123520                                {product} {ergonomic}
   size_t MaxNewSize                               = 1270874112                                {product} {ergonomic}
   size_t MinHeapDeltaBytes                        = 1048576                                   {product} {ergonomic}
   size_t MinHeapSize                              = 8388608                                   {product} {ergonomic}
    uintx NonProfiledCodeHeapSize                  = 0                                      {pd product} {ergonomic}
     bool ProfileInterpreter                       = false                                  {pd product} {command line}
    uintx ProfiledCodeHeapSize                     = 0                                      {pd product} {ergonomic}
     bool ShowCodeDetailsInExceptionMessages       = true                                   {manageable} {command line}
   size_t SoftMaxHeapSize                          = 2118123520                             {manageable} {ergonomic}
     intx TieredStopAtLevel                        = 1                                         {product} {command line}
     bool UseCompressedClassPointers               = true                           {product lp64_product} {ergonomic}
     bool UseCompressedOops                        = true                           {product lp64_product} {ergonomic}
     bool UseG1GC                                  = true                                      {product} {ergonomic}
     bool UseLargePagesIndividualAllocation        = false                                  {pd product} {ergonomic}

Logging:
Log output configuration:
 #0: stdout all=warning uptime,level,tags
 #1: stderr all=off uptime,level,tags

Environment Variables:
JAVA_HOME=C:\Program Files\Java\jdk-17
PATH=C:/Users/rethessh.ed/Downloads/spring-tools-for-eclipse-5.1.1.RELEASE-e4.39.0-win32.win32.x86_64/sts-5.1.1.RELEASE//plugins/org.eclipse.justj.openjdk.hotspot.jre.full.win32.x86_64_25.0.2.v20260203-1141/jre/bin/server;C:/Users/rethessh.ed/Downloads/spring-tools-for-eclipse-5.1.1.RELEASE-e4.39.0-win32.win32.x86_64/sts-5.1.1.RELEASE//plugins/org.eclipse.justj.openjdk.hotspot.jre.full.win32.x86_64_25.0.2.v20260203-1141/jre/bin;C:\Program Files\Java\jdk-17\bin;C:\Program Files\Common Files\Oracle\Java\javapath;C:\Program Files (x86)\Common Files\Oracle\Java\javapath;C:\Windows\system32;C:\Windows;C:\Windows\System32\Wbem;C:\Windows\System32\WindowsPowerShell\v1.0\;C:\Windows\System32\OpenSSH\;C:\Program Files\TortoiseSVN\bin;C:\Program Files\nodejs\;C:\Program Files\Microsoft SQL Server\150\Tools\Binn\;C:\Program Files\Microsoft SQL Server\Client SDK\ODBC\170\Tools\Binn\;C:\Program Files\dotnet\;C:\Users\rethessh.ed\AppData\Local\Programs\Python\Python314\Scripts\;C:\Users\rethessh.ed\AppData\Local\Programs\Python\Python314\;C:\Users\rethessh.ed\AppData\Local\Programs\Python\Launcher\;C:\Users\rethessh.ed\AppData\Local\Microsoft\WindowsApps;C:\Users\rethessh.ed\AppData\Local\Programs\Microsoft VS Code\bin;C:\Users\rethessh.ed\AppData\Local\Programs\Git\cmd;C:\Users\rethessh.ed\Downloads\spring-tools-for-eclipse-5.1.1.RELEASE-e4.39.0-win32.win32.x86_64\sts-5.1.1.RELEASE;
USERNAME=rethessh.ed
OS=Windows_NT
PROCESSOR_IDENTIFIER=Intel64 Family 6 Model 58 Stepping 9, GenuineIntel



---------------  S Y S T E M  ---------------

OS:
 Windows 10 , 64 bit Build 19041 (10.0.19041.5915)
OS uptime: 2 days 9:38 hours

CPU: total 4 (initial active 4) (4 cores per cpu, 1 threads per core) family 6 model 58 stepping 9 microcode 0x21, cx8, cmov, fxsr, mmx, sse, sse2, sse3, ssse3, sse4.1, sse4.2, popcnt, tsc, tscinvbit, avx, aes, erms, clmul, vzeroupper, clflush

Memory: 4k page, system-wide physical 8078M (712M free)
TotalPageFile size 12174M (AvailPageFile size 4M)
current process WorkingSet (physical memory assigned to process): 32M, peak: 32M
current process commit charge ("private bytes"): 191M, peak: 196M

vm_info: Java HotSpot(TM) 64-Bit Server VM (17.0.12+8-LTS-286) for windows-amd64 JRE (17.0.12+8-LTS-286), built on Jun  5 2024 06:46:59 by "mach5one" with MS VC++ 17.6 (VS2022)

END.
