#
# There is insufficient memory for the Java Runtime Environment to continue.
# Native memory allocation (mmap) failed to map 134217728 bytes for G1 virtual space
# Possible reasons:
#   The system is out of physical RAM or swap space
#   The process is running with CompressedOops enabled, and the Java Heap may be blocking the growth of the native heap
# Possible solutions:
#   Reduce memory load on the system
#   Increase physical memory or swap space
#   Check if swap backing store is full
#   Decrease Java heap size (-Xmx/-Xms)
#   Decrease number of Java threads
#   Decrease Java thread stack sizes (-Xss)
#   Set larger code cache with -XX:ReservedCodeCacheSize=
#   JVM is running with Unscaled Compressed Oops mode in which the Java heap is
#     placed in the first 4GB address space. The Java Heap base address is the
#     maximum limit for the native heap growth. Please use -XX:HeapBaseMinAddress
#     to set the Java Heap base and to place the Java Heap above 4GB virtual address.
# This output file may be truncated or incomplete.
#
#  Out of Memory Error (os_windows.cpp:3613), pid=15608, tid=17456
#
# JRE version:  (17.0.9+9) (build )
# Java VM: OpenJDK 64-Bit Server VM (17.0.9+9, mixed mode, sharing, tiered, compressed oops, compressed class ptrs, g1 gc, windows-amd64)
# No core dump will be written. Minidumps are not enabled by default on client versions of Windows
#

---------------  S U M M A R Y ------------

Command Line: -Dfile.encoding=UTF-8 -Dstdout.encoding=UTF-8 -Dstderr.encoding=UTF-8 --module-path=C:\Users\rethessh.ed\eclipse-workspace\thursday\bin -XX:+ShowCodeDetailsInExceptionMessages -Djdk.module.main=thursday -agentpath:C:\Program Files\SentinelOne\Sentinel Agent 25.1.3.334\SentinelJava64.dll=extendedCapabilities thursday/thursday.LinkedListDemo

Host: Intel(R) Core(TM) i5-3470 CPU @ 3.20GHz, 4 cores, 7G,  Windows 10 , 64 bit Build 19041 (10.0.19041.5915)
Time: Thu Mar  5 14:16:28 2026 India Standard Time elapsed time: 0.063263 seconds (0d 0h 0m 0s)

---------------  T H R E A D  ---------------

Current thread (0x0000023486ac1670):  JavaThread "Unknown thread" [_thread_in_vm, id=17456, stack(0x0000008d83700000,0x0000008d83800000)]

Stack: [0x0000008d83700000,0x0000008d83800000]
Native frames: (J=compiled Java code, j=interpreted, Vv=VM code, C=native code)
V  [jvm.dll+0x67cf49]
V  [jvm.dll+0x83478a]
V  [jvm.dll+0x83624e]
V  [jvm.dll+0x8368b3]
V  [jvm.dll+0x247f1f]
V  [jvm.dll+0x679d69]
V  [jvm.dll+0x66e6ba]
V  [jvm.dll+0x307e5b]
V  [jvm.dll+0x30f306]
V  [jvm.dll+0x35f0ce]
V  [jvm.dll+0x35f2ff]
V  [jvm.dll+0x2dea58]
V  [jvm.dll+0x2df9c4]
V  [jvm.dll+0x806031]
V  [jvm.dll+0x36cf31]
V  [jvm.dll+0x7e4aac]
V  [jvm.dll+0x3f07af]
V  [jvm.dll+0x3f23e1]
C  [InProcessClient64.dll+0x13677d]
C  [InProcessClient64.dll+0xd0aa7]
C  [InProcessClient64.dll+0xd0a19]
C  [jli.dll+0x528f]
C  [ucrtbase.dll+0x21bb2]
C  [KERNEL32.DLL+0x17374]
C  [ntdll.dll+0x4cc91]


---------------  P R O C E S S  ---------------

Threads class SMR info:
_java_thread_list=0x00007fffcb7cee98, length=0, elements={
}

Java Threads: ( => current thread )

Other Threads:
  0x000002349fab09e0 GCTaskThread "GC Thread#0" [stack: 0x0000008d83800000,0x0000008d83900000] [id=7584]
  0x000002349fac0cf0 ConcurrentGCThread "G1 Main Marker" [stack: 0x0000008d83900000,0x0000008d83a00000] [id=10960]
  0x0000023486b0be10 ConcurrentGCThread "G1 Conc#0" [stack: 0x0000008d83a00000,0x0000008d83b00000] [id=17324]

[error occurred during error reporting (printing all threads), id 0xc0000005, EXCEPTION_ACCESS_VIOLATION (0xc0000005) at pc=0x00007fffcaf8f497]

VM state: not at safepoint (not fully initialized)

VM Mutex/Monitor currently owned by a thread:  ([mutex/lock_event])
[0x0000023486acd150] Heap_lock - owner thread: 0x0000023486ac1670

Heap address: 0x0000000081c00000, size: 2020 MB, Compressed Oops mode: 32-bit

CDS archive(s) mapped at: [0x0000000000000000-0x0000000000000000-0x0000000000000000), size 0, SharedBaseAddress: 0x0000000800000000, ArchiveRelocationMode: 1.
Narrow klass base: 0x0000000000000000, Narrow klass shift: 0, Narrow klass range: 0x0

GC Precious Log:
<Empty>

Heap:
 garbage-first heap   total 0K, used 0K [0x0000000081c00000, 0x0000000100000000)
  region size 1024K, 0 young (0K), 0 survivors (0K)

[error occurred during error reporting (printing heap information), id 0xc0000005, EXCEPTION_ACCESS_VIOLATION (0xc0000005) at pc=0x00007fffcb376c79]

GC Heap History (0 events):
No events

Dll operation events (1 events):
Event: 0.014 Loaded shared library C:\Users\rethessh.ed\Downloads\eclipse\plugins\org.eclipse.justj.openjdk.hotspot.jre.full.win32.x86_64_17.0.9.v20231028-0858\jre\bin\java.dll

Deoptimization events (0 events):
No events

Classes unloaded (0 events):
No events

Classes redefined (0 events):
No events

Internal exceptions (0 events):
No events

VM Operations (0 events):
No events

Events (0 events):
No events


Dynamic libraries:
0x00007ff6e4cc0000 - 0x00007ff6e4cce000 	C:\Users\rethessh.ed\Downloads\eclipse\plugins\org.eclipse.justj.openjdk.hotspot.jre.full.win32.x86_64_17.0.9.v20231028-0858\jre\bin\javaw.exe
0x0000023486810000 - 0x0000023486a08000 	C:\Windows\SYSTEM32\ntd1l.dll
0x00000234862d0000 - 0x0000023486392000 	C:\Windows\System32\kern3l32.dll
0x00007ff80b390000 - 0x00007ff80b588000 	C:\Windows\SYSTEM32\ntdll.dll
0x00007ff809f30000 - 0x00007ff809ff2000 	C:\Windows\System32\KERNEL32.DLL
0x00007ff808e20000 - 0x00007ff809116000 	C:\Windows\System32\KERNELBASE.dll
0x00007ff808450000 - 0x00007ff80882b000 	C:\Program Files\SentinelOne\Sentinel Agent 25.1.3.334\InProcessClient64.dll
0x00007ff809e70000 - 0x00007ff809f21000 	C:\Windows\System32\ADVAPI32.dll
0x00007ff80b2b0000 - 0x00007ff80b34e000 	C:\Windows\System32\msvcrt.dll
0x00007ff80aaf0000 - 0x00007ff80ab8f000 	C:\Windows\System32\sechost.dll
0x00007ff808440000 - 0x00007ff80844a000 	C:\Windows\SYSTEM32\VERSION.dll
0x00007ff8093c0000 - 0x00007ff8094e0000 	C:\Windows\System32\RPCRT4.dll
0x00007ff808cb0000 - 0x00007ff808cd7000 	C:\Windows\System32\bcrypt.dll
0x00007ff809270000 - 0x00007ff809370000 	C:\Windows\System32\ucrtbase.dll
0x00007ffff0580000 - 0x00007ffff0597000 	C:\Users\rethessh.ed\Downloads\eclipse\plugins\org.eclipse.justj.openjdk.hotspot.jre.full.win32.x86_64_17.0.9.v20231028-0858\jre\bin\jli.dll
0x00007fffe5670000 - 0x00007fffe568b000 	C:\Users\rethessh.ed\Downloads\eclipse\plugins\org.eclipse.justj.openjdk.hotspot.jre.full.win32.x86_64_17.0.9.v20231028-0858\jre\bin\VCRUNTIME140.dll
0x00007ff80a660000 - 0x00007ff80a7fd000 	C:\Windows\System32\USER32.dll
0x00007ffff1810000 - 0x00007ffff1aab000 	C:\Windows\WinSxS\amd64_microsoft.windows.common-controls_6595b64144ccf1df_6.0.19041.6280_none_60bc30a171f2f3f3\COMCTL32.dll
0x00007ff809240000 - 0x00007ff809262000 	C:\Windows\System32\win32u.dll
0x00007ff80a800000 - 0x00007ff80a82b000 	C:\Windows\System32\GDI32.dll
0x00007ff808a30000 - 0x00007ff808b49000 	C:\Windows\System32\gdi32full.dll
0x00007ff8091a0000 - 0x00007ff80923d000 	C:\Windows\System32\msvcp_win.dll
0x00007ff808370000 - 0x00007ff80837b000 	C:\Windows\SYSTEM32\FLTLIB.DLL
0x00007ff80a9d0000 - 0x00007ff80a9ff000 	C:\Windows\System32\IMM32.DLL
0x00007ff803b30000 - 0x00007ff803b3c000 	C:\Users\rethessh.ed\Downloads\eclipse\plugins\org.eclipse.justj.openjdk.hotspot.jre.full.win32.x86_64_17.0.9.v20231028-0858\jre\bin\vcruntime140_1.dll
0x00007fffddc80000 - 0x00007fffddd0d000 	C:\Users\rethessh.ed\Downloads\eclipse\plugins\org.eclipse.justj.openjdk.hotspot.jre.full.win32.x86_64_17.0.9.v20231028-0858\jre\bin\msvcp140.dll
0x00007fffcaca0000 - 0x00007fffcb901000 	C:\Users\rethessh.ed\Downloads\eclipse\plugins\org.eclipse.justj.openjdk.hotspot.jre.full.win32.x86_64_17.0.9.v20231028-0858\jre\bin\server\jvm.dll
0x00007ff8083f0000 - 0x00007ff80843b000 	C:\Windows\SYSTEM32\POWRPROF.dll
0x00007ffff00c0000 - 0x00007ffff00c9000 	C:\Windows\SYSTEM32\WSOCK32.dll
0x00007ff80a5f0000 - 0x00007ff80a65b000 	C:\Windows\System32\WS2_32.dll
0x00007ffff9390000 - 0x00007ffff93b7000 	C:\Windows\SYSTEM32\WINMM.dll
0x00007ff808180000 - 0x00007ff808192000 	C:\Windows\SYSTEM32\UMPDC.dll
0x00007ff8062f0000 - 0x00007ff806302000 	C:\Windows\SYSTEM32\kernel.appcore.dll
0x00007ffff05f0000 - 0x00007ffff05fa000 	C:\Users\rethessh.ed\Downloads\eclipse\plugins\org.eclipse.justj.openjdk.hotspot.jre.full.win32.x86_64_17.0.9.v20231028-0858\jre\bin\jimage.dll
0x00007ffff0ef0000 - 0x00007ffff10f1000 	C:\Windows\SYSTEM32\DBGHELP.DLL
0x00007ffff00d0000 - 0x00007ffff0104000 	C:\Windows\SYSTEM32\dbgcore.DLL
0x00007ff808d90000 - 0x00007ff808e12000 	C:\Windows\System32\bcryptPrimitives.dll
0x00007fffdd7d0000 - 0x00007fffdd86f000 	C:\Program Files\SentinelOne\Sentinel Agent 25.1.3.334\SentinelJava64.dll
0x00007ff80b060000 - 0x00007ff80b18b000 	C:\Windows\System32\ole32.dll
0x00007ff80ab90000 - 0x00007ff80aee3000 	C:\Windows\System32\combase.dll
0x00007ffff04e0000 - 0x00007ffff0505000 	C:\Users\rethessh.ed\Downloads\eclipse\plugins\org.eclipse.justj.openjdk.hotspot.jre.full.win32.x86_64_17.0.9.v20231028-0858\jre\bin\java.dll

dbghelp: loaded successfully - version: 4.0.5 - missing functions: none
symbol engine: initialized successfully - sym options: 0x614 - pdb path: .;C:\Users\rethessh.ed\Downloads\eclipse\plugins\org.eclipse.justj.openjdk.hotspot.jre.full.win32.x86_64_17.0.9.v20231028-0858\jre\bin;C:\Windows\SYSTEM32;C:\Program Files\SentinelOne\Sentinel Agent 25.1.3.334;C:\Windows\WinSxS\amd64_microsoft.windows.common-controls_6595b64144ccf1df_6.0.19041.6280_none_60bc30a171f2f3f3;C:\Users\rethessh.ed\Downloads\eclipse\plugins\org.eclipse.justj.openjdk.hotspot.jre.full.win32.x86_64_17.0.9.v20231028-0858\jre\bin\server

VM Arguments:
jvm_args: -Dfile.encoding=UTF-8 -Dstdout.encoding=UTF-8 -Dstderr.encoding=UTF-8 --module-path=C:\Users\rethessh.ed\eclipse-workspace\thursday\bin -XX:+ShowCodeDetailsInExceptionMessages -Djdk.module.main=thursday -agentpath:C:\Program Files\SentinelOne\Sentinel Agent 25.1.3.334\SentinelJava64.dll=extendedCapabilities 
java_command: thursday/thursday.LinkedListDemo
java_class_path (initial): <not set>
Launcher Type: SUN_STANDARD

[Global flags]
     intx CICompilerCount                          = 3                                         {product} {ergonomic}
     uint ConcGCThreads                            = 1                                         {product} {ergonomic}
     uint G1ConcRefinementThreads                  = 4                                         {product} {ergonomic}
   size_t G1HeapRegionSize                         = 1048576                                   {product} {ergonomic}
    uintx GCDrainStackTargetSize                   = 64                                        {product} {ergonomic}
   size_t InitialHeapSize                          = 134217728                                 {product} {ergonomic}
   size_t MarkStackSize                            = 4194304                                   {product} {ergonomic}
   size_t MaxHeapSize                              = 2118123520                                {product} {ergonomic}
   size_t MinHeapDeltaBytes                        = 1048576                                   {product} {ergonomic}
   size_t MinHeapSize                              = 8388608                                   {product} {ergonomic}
    uintx NonNMethodCodeHeapSize                   = 5832780                                {pd product} {ergonomic}
    uintx NonProfiledCodeHeapSize                  = 122912730                              {pd product} {ergonomic}
    uintx ProfiledCodeHeapSize                     = 122912730                              {pd product} {ergonomic}
    uintx ReservedCodeCacheSize                    = 251658240                              {pd product} {ergonomic}
     bool SegmentedCodeCache                       = true                                      {product} {ergonomic}
     bool ShowCodeDetailsInExceptionMessages       = true                                   {manageable} {command line}
   size_t SoftMaxHeapSize                          = 2118123520                             {manageable} {ergonomic}
     bool UseCompressedClassPointers               = true                           {product lp64_product} {ergonomic}
     bool UseCompressedOops                        = true                           {product lp64_product} {ergonomic}
     bool UseG1GC                                  = true                                      {product} {ergonomic}
     bool UseLargePagesIndividualAllocation        = false                                  {pd product} {ergonomic}

Logging:
Log output configuration:
 #0: stdout all=warning uptime,level,tags
 #1: stderr all=off uptime,level,tags

Environment Variables:
JAVA_HOME=C:\Program Files\Java\jdk-17
PATH=C:/Users/rethessh.ed/Downloads/eclipse//plugins/org.eclipse.justj.openjdk.hotspot.jre.full.win32.x86_64_17.0.9.v20231028-0858/jre/bin/server;C:/Users/rethessh.ed/Downloads/eclipse//plugins/org.eclipse.justj.openjdk.hotspot.jre.full.win32.x86_64_17.0.9.v20231028-0858/jre/bin;C:\Program Files\Java\jdk-17\bin;C:\Program Files\Common Files\Oracle\Java\javapath;C:\Program Files (x86)\Common Files\Oracle\Java\javapath;C:\Windows\system32;C:\Windows;C:\Windows\System32\Wbem;C:\Windows\System32\WindowsPowerShell\v1.0\;C:\Windows\System32\OpenSSH\;C:\Program Files\TortoiseSVN\bin;C:\Program Files\nodejs\;C:\Program Files\Microsoft SQL Server\150\Tools\Binn\;C:\Program Files\Microsoft SQL Server\Client SDK\ODBC\170\Tools\Binn\;C:\Program Files\dotnet\;C:\Users\rethessh.ed\AppData\Local\Programs\Python\Python314\Scripts\;C:\Users\rethessh.ed\AppData\Local\Programs\Python\Python314\;C:\Users\rethessh.ed\AppData\Local\Programs\Python\Launcher\;C:\Users\rethessh.ed\AppData\Local\Microsoft\WindowsApps;C:\Users\rethessh.ed\AppData\Local\Programs\Microsoft VS Code\bin;C:\Users\rethessh.ed\AppData\Local\Programs\Git\cmd;C:\Windows\system32;
USERNAME=rethessh.ed
OS=Windows_NT
PROCESSOR_IDENTIFIER=Intel64 Family 6 Model 58 Stepping 9, GenuineIntel
TMP=C:\Users\rethessh.ed\AppData\Local\Temp
TEMP=C:\Users\rethessh.ed\AppData\Local\Temp



Periodic native trim disabled


---------------  S Y S T E M  ---------------

OS:
 Windows 10 , 64 bit Build 19041 (10.0.19041.5915)
OS uptime: 2 days 3:15 hours

CPU: total 4 (initial active 4) (4 cores per cpu, 1 threads per core) family 6 model 58 stepping 9 microcode 0x21, cx8, cmov, fxsr, mmx, sse, sse2, sse3, ssse3, sse4.1, sse4.2, popcnt, tsc, tscinvbit, avx, aes, erms, clmul, vzeroupper, clflush
Processor Information for all 4 processors :
  Max Mhz: 3201, Current Mhz: 3201, Mhz Limit: 3201

Memory: 4k page, system-wide physical 8078M (763M free)
TotalPageFile size 12174M (AvailPageFile size 123M)
current process WorkingSet (physical memory assigned to process): 19M, peak: 19M
current process commit charge ("private bytes"): 55M, peak: 183M

vm_info: OpenJDK 64-Bit Server VM (17.0.9+9) for windows-amd64 JRE (17.0.9+9), built on Oct 26 2023 14:01:42 by "admin" with MS VC++ 16.10 / 16.11 (VS2019)

END.
