#
# There is insufficient memory for the Java Runtime Environment to continue.
# Native memory allocation (mmap) failed to map 65536 bytes for Failed to commit metaspace.
# Possible reasons:
#   The system is out of physical RAM or swap space
#   The process is running with CompressedOops enabled, and the Java Heap may be blocking the growth of the native heap
# Possible solutions:
#   Reduce memory load on the system
#   Increase physical memory or swap space
#   Check if swap backing store is full
#   Decrease Java heap size (-Xmx/-Xms)
#   Decrease number of Java threads
#   Decrease Java thread stack sizes (-Xss)
#   Set larger code cache with -XX:ReservedCodeCacheSize=
#   JVM is running with Unscaled Compressed Oops mode in which the Java heap is
#     placed in the first 4GB address space. The Java Heap base address is the
#     maximum limit for the native heap growth. Please use -XX:HeapBaseMinAddress
#     to set the Java Heap base and to place the Java Heap above 4GB virtual address.
# This output file may be truncated or incomplete.
#
#  Out of Memory Error (virtualSpaceNode.cpp:110), pid=12912, tid=12088
#
# JRE version: Java(TM) SE Runtime Environment (17.0.12+8) (build 17.0.12+8-LTS-286)
# Java VM: Java HotSpot(TM) 64-Bit Server VM (17.0.12+8-LTS-286, mixed mode, emulated-client, sharing, tiered, compressed oops, compressed class ptrs, g1 gc, windows-amd64)
# No core dump will be written. Minidumps are not enabled by default on client versions of Windows
#

---------------  S U M M A R Y ------------

Command Line: -Dcom.sun.management.jmxremote -Dcom.sun.management.jmxremote.port=62093 -Dcom.sun.management.jmxremote.authenticate=false -Dcom.sun.management.jmxremote.ssl=false -Djava.rmi.server.hostname=localhost -Dspring.jmx.enabled=true -Dmanagement.endpoints.jmx.exposure.include=* -Dspring.application.admin.enabled=true -Dspring.output.ansi.enabled=always -XX:TieredStopAtLevel=1 -Dspring.boot.project.name=OrderServiceApp -Dfile.encoding=UTF-8 -Dstdout.encoding=UTF-8 -Dstderr.encoding=UTF-8 -XX:+ShowCodeDetailsInExceptionMessages -agentpath:C:\Program Files\SentinelOne\Sentinel Agent 25.1.3.334\SentinelJava64.dll=extendedCapabilities com.example.demo.OrderServiceAppApplication

Host: Intel(R) Core(TM) i5-3470 CPU @ 3.20GHz, 4 cores, 7G,  Windows 10 , 64 bit Build 19041 (10.0.19041.5915)
Time: Thu May  7 16:17:50 2026 India Standard Time elapsed time: 1.476028 seconds (0d 0h 0m 1s)

---------------  T H R E A D  ---------------

Current thread (0x000002aff8458020):  JavaThread "main" [_thread_in_vm, id=12088, stack(0x000000ef17e00000,0x000000ef17f00000)]

Stack: [0x000000ef17e00000,0x000000ef17f00000]
Native frames: (J=compiled Java code, j=interpreted, Vv=VM code, C=native code)
V  [jvm.dll+0x67a04a]
V  [jvm.dll+0x7da4ed]
V  [jvm.dll+0x7dbe33]
V  [jvm.dll+0x7dc4a3]
V  [jvm.dll+0x24508f]
V  [jvm.dll+0x7d60bb]
V  [jvm.dll+0x6206c6]
V  [jvm.dll+0x1bed07]
V  [jvm.dll+0x623022]
V  [jvm.dll+0x621086]
V  [jvm.dll+0x2429bc]
V  [jvm.dll+0x6d0a9d]
V  [jvm.dll+0x6d146f]
V  [jvm.dll+0x36e355]
V  [jvm.dll+0x36d404]
V  [jvm.dll+0x36d3a8]
V  [jvm.dll+0x37d0ca]
C  0x000002af8001abb0

Java frames: (J=compiled Java code, j=interpreted, Vv=VM code)
j  org.springframework.boot.convert.ApplicationConversionService.addApplicationConverters(Lorg/springframework/core/convert/converter/ConverterRegistry;)V+135
j  org.springframework.boot.convert.ApplicationConversionService.configure(Lorg/springframework/format/FormatterRegistry;)V+13
j  org.springframework.boot.convert.ApplicationConversionService.<init>(Lorg/springframework/util/StringValueResolver;Z)V+14
j  org.springframework.boot.convert.ApplicationConversionService.<init>(Lorg/springframework/util/StringValueResolver;)V+3
j  org.springframework.boot.convert.ApplicationConversionService.<init>()V+2
j  org.springframework.boot.SpringApplication.configureEnvironment(Lorg/springframework/core/env/ConfigurableEnvironment;[Ljava/lang/String;)V+12
j  org.springframework.boot.SpringApplication.prepareEnvironment(Lorg/springframework/boot/SpringApplicationRunListeners;Lorg/springframework/boot/bootstrap/DefaultBootstrapContext;Lorg/springframework/boot/ApplicationArguments;)Lorg/springframework/core/env/ConfigurableEnvironment;+15
j  org.springframework.boot.SpringApplication.run([Ljava/lang/String;)Lorg/springframework/context/ConfigurableApplicationContext;+65
j  org.springframework.boot.SpringApplication.run([Ljava/lang/Class;[Ljava/lang/String;)Lorg/springframework/context/ConfigurableApplicationContext;+9
j  org.springframework.boot.SpringApplication.run(Ljava/lang/Class;[Ljava/lang/String;)Lorg/springframework/context/ConfigurableApplicationContext;+9
j  com.example.demo.OrderServiceAppApplication.main([Ljava/lang/String;)V+3
v  ~StubRoutines::call_stub

---------------  P R O C E S S  ---------------

Threads class SMR info:
_java_thread_list=0x000002b045c64a60, length=19, elements={
0x000002aff8458020, 0x000002aff82231b0, 0x000002b045003320, 0x000002aff82274a0,
0x000002aff822dd40, 0x000002b045012470, 0x000002b04501b000, 0x000002b04501c270,
0x000002b04501f530, 0x000002aff8204b30, 0x000002b04511a620, 0x000002b045162ee0,
0x000002b04590ce60, 0x000002b04590d4c0, 0x000002b045956dc0, 0x000002b045a68ab0,
0x000002b045a15210, 0x000002b045c183c0, 0x000002b045c1a730
}

Java Threads: ( => current thread )
=>0x000002aff8458020 JavaThread "main" [_thread_in_vm, id=12088, stack(0x000000ef17e00000,0x000000ef17f00000)]
  0x000002aff82231b0 JavaThread "Reference Handler" daemon [_thread_blocked, id=1144, stack(0x000000ef18500000,0x000000ef18600000)]
  0x000002b045003320 JavaThread "Finalizer" daemon [_thread_blocked, id=11256, stack(0x000000ef18600000,0x000000ef18700000)]
  0x000002aff82274a0 JavaThread "Signal Dispatcher" daemon [_thread_blocked, id=3380, stack(0x000000ef18700000,0x000000ef18800000)]
  0x000002aff822dd40 JavaThread "Attach Listener" daemon [_thread_blocked, id=15372, stack(0x000000ef18800000,0x000000ef18900000)]
  0x000002b045012470 JavaThread "Service Thread" daemon [_thread_blocked, id=1392, stack(0x000000ef18900000,0x000000ef18a00000)]
  0x000002b04501b000 JavaThread "Monitor Deflation Thread" daemon [_thread_blocked, id=13364, stack(0x000000ef18a00000,0x000000ef18b00000)]
  0x000002b04501c270 JavaThread "C1 CompilerThread0" daemon [_thread_blocked, id=2192, stack(0x000000ef18b00000,0x000000ef18c00000)]
  0x000002b04501f530 JavaThread "Sweeper thread" daemon [_thread_blocked, id=7516, stack(0x000000ef18c00000,0x000000ef18d00000)]
  0x000002aff8204b30 JavaThread "Common-Cleaner" daemon [_thread_blocked, id=10440, stack(0x000000ef18d00000,0x000000ef18e00000)]
  0x000002b04511a620 JavaThread "C1 CompilerThread1" daemon [_thread_blocked, id=7644, stack(0x000000ef18e00000,0x000000ef18f00000)]
  0x000002b045162ee0 JavaThread "Notification Thread" daemon [_thread_blocked, id=3132, stack(0x000000ef18f00000,0x000000ef19000000)]
  0x000002b04590ce60 JavaThread "RMI TCP Accept-0" daemon [_thread_in_native, id=4228, stack(0x000000ef19000000,0x000000ef19100000)]
  0x000002b04590d4c0 JavaThread "RMI TCP Accept-62093" daemon [_thread_in_native, id=6188, stack(0x000000ef19100000,0x000000ef19200000)]
  0x000002b045956dc0 JavaThread "RMI TCP Accept-0" daemon [_thread_in_native, id=7188, stack(0x000000ef19200000,0x000000ef19300000)]
  0x000002b045a68ab0 JavaThread "RMI TCP Connection(1)-127.0.0.1" daemon [_thread_in_native, id=6488, stack(0x000000ef19900000,0x000000ef19a00000)]
  0x000002b045a15210 JavaThread "RMI Scheduler(0)" daemon [_thread_blocked, id=10540, stack(0x000000ef19a00000,0x000000ef19b00000)]
  0x000002b045c183c0 JavaThread "RMI TCP Connection(2)-127.0.0.1" daemon [_thread_in_native, id=1336, stack(0x000000ef19b00000,0x000000ef19c00000)]
  0x000002b045c1a730 JavaThread "JMX server connection timeout 21" daemon [_thread_blocked, id=5192, stack(0x000000ef19c00000,0x000000ef19d00000)]

Other Threads:
  0x000002aff821cda0 VMThread "VM Thread" [stack: 0x000000ef18400000,0x000000ef18500000] [id=9588]
  0x000002b045957740 WatcherThread [stack: 0x000000ef19300000,0x000000ef19400000] [id=12060]
  0x000002aff80509e0 GCTaskThread "GC Thread#0" [stack: 0x000000ef17f00000,0x000000ef18000000] [id=1228]
  0x000002b0459589e0 GCTaskThread "GC Thread#1" [stack: 0x000000ef19400000,0x000000ef19500000] [id=14792]
  0x000002b0459f93d0 GCTaskThread "GC Thread#2" [stack: 0x000000ef19500000,0x000000ef19600000] [id=6540]
  0x000002b0459ff770 GCTaskThread "GC Thread#3" [stack: 0x000000ef19600000,0x000000ef19700000] [id=6744]
  0x000002aff8062b70 ConcurrentGCThread "G1 Main Marker" [stack: 0x000000ef18000000,0x000000ef18100000] [id=14972]
  0x000002aff8064100 ConcurrentGCThread "G1 Conc#0" [stack: 0x000000ef18100000,0x000000ef18200000] [id=5396]
  0x000002aff80d35f0 ConcurrentGCThread "G1 Refine#0" [stack: 0x000000ef18200000,0x000000ef18300000] [id=13512]
  0x000002b0459ffa30 ConcurrentGCThread "G1 Refine#1" [stack: 0x000000ef19700000,0x000000ef19800000] [id=12968]
  0x000002b0459fb6a0 ConcurrentGCThread "G1 Refine#2" [stack: 0x000000ef19800000,0x000000ef19900000] [id=16360]
  0x000002aff80d4400 ConcurrentGCThread "G1 Service" [stack: 0x000000ef18300000,0x000000ef18400000] [id=12956]

Threads with active compile tasks:

VM state: not at safepoint (normal execution)

VM Mutex/Monitor currently owned by a thread:  ([mutex/lock_event])
[0x000002aff5bacae0] Metaspace_lock - owner thread: 0x000002aff8458020

Heap address: 0x0000000081c00000, size: 2020 MB, Compressed Oops mode: 32-bit

CDS archive(s) mapped at: [0x000002b000000000-0x000002b000bd0000-0x000002b000bd0000), size 12386304, SharedBaseAddress: 0x000002b000000000, ArchiveRelocationMode: 1.
Compressed class space mapped at: 0x000002b001000000-0x000002b041000000, reserved size: 1073741824
Narrow klass base: 0x000002b000000000, Narrow klass shift: 0, Narrow klass range: 0x100000000

GC Precious Log:
 CPUs: 4 total, 4 available
 Memory: 8078M
 Large Page Support: Disabled
 NUMA Support: Disabled
 Compressed Oops: Enabled (32-bit)
 Heap Region Size: 1M
 Heap Min Capacity: 8M
 Heap Initial Capacity: 128M
 Heap Max Capacity: 2020M
 Pre-touch: Disabled
 Parallel Workers: 4
 Concurrent Workers: 1
 Concurrent Refinement Workers: 4
 Periodic GC: Disabled

Heap:
 garbage-first heap   total 131072K, used 16845K [0x0000000081c00000, 0x0000000100000000)
  region size 1024K, 9 young (9216K), 3 survivors (3072K)
 Metaspace       used 10833K, committed 11008K, reserved 1114112K
  class space    used 1393K, committed 1472K, reserved 1048576K

Heap Regions: E=young(eden), S=young(survivor), O=old, HS=humongous(starts), HC=humongous(continues), CS=collection set, F=free, OA=open archive, CA=closed archive, TAMS=top-at-mark-start (previous, next)
|   0|0x0000000081c00000, 0x0000000081d00000, 0x0000000081d00000|100%|HS|  |TAMS 0x0000000081c00000, 0x0000000081c00000| Complete 
|   1|0x0000000081d00000, 0x0000000081e00000, 0x0000000081e00000|100%| O|  |TAMS 0x0000000081d00000, 0x0000000081d00000| Untracked 
|   2|0x0000000081e00000, 0x0000000081f00000, 0x0000000081f00000|100%| O|  |TAMS 0x0000000081e00000, 0x0000000081e00000| Untracked 
|   3|0x0000000081f00000, 0x0000000082000000, 0x0000000082000000|100%| O|  |TAMS 0x0000000081f00000, 0x0000000081f00000| Untracked 
|   4|0x0000000082000000, 0x0000000082100000, 0x0000000082100000|100%| O|  |TAMS 0x0000000082000000, 0x0000000082000000| Untracked 
|   5|0x0000000082100000, 0x0000000082200000, 0x0000000082200000|100%| O|  |TAMS 0x0000000082100000, 0x0000000082100000| Untracked 
|   6|0x0000000082200000, 0x0000000082300000, 0x0000000082300000|100%| O|  |TAMS 0x0000000082200000, 0x0000000082200000| Untracked 
|   7|0x0000000082300000, 0x0000000082300000, 0x0000000082400000|  0%| F|  |TAMS 0x0000000082300000, 0x0000000082300000| Untracked 
|   8|0x0000000082400000, 0x0000000082400000, 0x0000000082500000|  0%| F|  |TAMS 0x0000000082400000, 0x0000000082400000| Untracked 
|   9|0x0000000082500000, 0x0000000082500000, 0x0000000082600000|  0%| F|  |TAMS 0x0000000082500000, 0x0000000082500000| Untracked 
|  10|0x0000000082600000, 0x0000000082600000, 0x0000000082700000|  0%| F|  |TAMS 0x0000000082600000, 0x0000000082600000| Untracked 
|  11|0x0000000082700000, 0x0000000082800000, 0x0000000082800000|100%| O|  |TAMS 0x0000000082700000, 0x0000000082700000| Untracked 
|  12|0x0000000082800000, 0x0000000082873600, 0x0000000082900000| 45%| O|  |TAMS 0x0000000082800000, 0x0000000082800000| Untracked 
|  13|0x0000000082900000, 0x0000000082900000, 0x0000000082a00000|  0%| F|  |TAMS 0x0000000082900000, 0x0000000082900000| Untracked 
|  14|0x0000000082a00000, 0x0000000082a00000, 0x0000000082b00000|  0%| F|  |TAMS 0x0000000082a00000, 0x0000000082a00000| Untracked 
|  15|0x0000000082b00000, 0x0000000082b00000, 0x0000000082c00000|  0%| F|  |TAMS 0x0000000082b00000, 0x0000000082b00000| Untracked 
|  16|0x0000000082c00000, 0x0000000082c00000, 0x0000000082d00000|  0%| F|  |TAMS 0x0000000082c00000, 0x0000000082c00000| Untracked 
|  17|0x0000000082d00000, 0x0000000082d00000, 0x0000000082e00000|  0%| F|  |TAMS 0x0000000082d00000, 0x0000000082d00000| Untracked 
|  18|0x0000000082e00000, 0x0000000082e00000, 0x0000000082f00000|  0%| F|  |TAMS 0x0000000082e00000, 0x0000000082e00000| Untracked 
|  19|0x0000000082f00000, 0x0000000082f00000, 0x0000000083000000|  0%| F|  |TAMS 0x0000000082f00000, 0x0000000082f00000| Untracked 
|  20|0x0000000083000000, 0x0000000083000000, 0x0000000083100000|  0%| F|  |TAMS 0x0000000083000000, 0x0000000083000000| Untracked 
|  21|0x0000000083100000, 0x0000000083100000, 0x0000000083200000|  0%| F|  |TAMS 0x0000000083100000, 0x0000000083100000| Untracked 
|  22|0x0000000083200000, 0x0000000083200000, 0x0000000083300000|  0%| F|  |TAMS 0x0000000083200000, 0x0000000083200000| Untracked 
|  23|0x0000000083300000, 0x0000000083300000, 0x0000000083400000|  0%| F|  |TAMS 0x0000000083300000, 0x0000000083300000| Untracked 
|  24|0x0000000083400000, 0x0000000083400000, 0x0000000083500000|  0%| F|  |TAMS 0x0000000083400000, 0x0000000083400000| Untracked 
|  25|0x0000000083500000, 0x0000000083500000, 0x0000000083600000|  0%| F|  |TAMS 0x0000000083500000, 0x0000000083500000| Untracked 
|  26|0x0000000083600000, 0x0000000083600000, 0x0000000083700000|  0%| F|  |TAMS 0x0000000083600000, 0x0000000083600000| Untracked 
|  27|0x0000000083700000, 0x0000000083700000, 0x0000000083800000|  0%| F|  |TAMS 0x0000000083700000, 0x0000000083700000| Untracked 
|  28|0x0000000083800000, 0x0000000083800000, 0x0000000083900000|  0%| F|  |TAMS 0x0000000083800000, 0x0000000083800000| Untracked 
|  29|0x0000000083900000, 0x0000000083900000, 0x0000000083a00000|  0%| F|  |TAMS 0x0000000083900000, 0x0000000083900000| Untracked 
|  30|0x0000000083a00000, 0x0000000083a00000, 0x0000000083b00000|  0%| F|  |TAMS 0x0000000083a00000, 0x0000000083a00000| Untracked 
|  31|0x0000000083b00000, 0x0000000083b00000, 0x0000000083c00000|  0%| F|  |TAMS 0x0000000083b00000, 0x0000000083b00000| Untracked 
|  32|0x0000000083c00000, 0x0000000083c00000, 0x0000000083d00000|  0%| F|  |TAMS 0x0000000083c00000, 0x0000000083c00000| Untracked 
|  33|0x0000000083d00000, 0x0000000083d00000, 0x0000000083e00000|  0%| F|  |TAMS 0x0000000083d00000, 0x0000000083d00000| Untracked 
|  34|0x0000000083e00000, 0x0000000083e00000, 0x0000000083f00000|  0%| F|  |TAMS 0x0000000083e00000, 0x0000000083e00000| Untracked 
|  35|0x0000000083f00000, 0x0000000083f00000, 0x0000000084000000|  0%| F|  |TAMS 0x0000000083f00000, 0x0000000083f00000| Untracked 
|  36|0x0000000084000000, 0x0000000084000000, 0x0000000084100000|  0%| F|  |TAMS 0x0000000084000000, 0x0000000084000000| Untracked 
|  37|0x0000000084100000, 0x0000000084100000, 0x0000000084200000|  0%| F|  |TAMS 0x0000000084100000, 0x0000000084100000| Untracked 
|  38|0x0000000084200000, 0x0000000084200000, 0x0000000084300000|  0%| F|  |TAMS 0x0000000084200000, 0x0000000084200000| Untracked 
|  39|0x0000000084300000, 0x0000000084300000, 0x0000000084400000|  0%| F|  |TAMS 0x0000000084300000, 0x0000000084300000| Untracked 
|  40|0x0000000084400000, 0x0000000084400000, 0x0000000084500000|  0%| F|  |TAMS 0x0000000084400000, 0x0000000084400000| Untracked 
|  41|0x0000000084500000, 0x0000000084500000, 0x0000000084600000|  0%| F|  |TAMS 0x0000000084500000, 0x0000000084500000| Untracked 
|  42|0x0000000084600000, 0x0000000084600000, 0x0000000084700000|  0%| F|  |TAMS 0x0000000084600000, 0x0000000084600000| Untracked 
|  43|0x0000000084700000, 0x0000000084700000, 0x0000000084800000|  0%| F|  |TAMS 0x0000000084700000, 0x0000000084700000| Untracked 
|  44|0x0000000084800000, 0x0000000084800000, 0x0000000084900000|  0%| F|  |TAMS 0x0000000084800000, 0x0000000084800000| Untracked 
|  45|0x0000000084900000, 0x0000000084900000, 0x0000000084a00000|  0%| F|  |TAMS 0x0000000084900000, 0x0000000084900000| Untracked 
|  46|0x0000000084a00000, 0x0000000084a00000, 0x0000000084b00000|  0%| F|  |TAMS 0x0000000084a00000, 0x0000000084a00000| Untracked 
|  47|0x0000000084b00000, 0x0000000084b00000, 0x0000000084c00000|  0%| F|  |TAMS 0x0000000084b00000, 0x0000000084b00000| Untracked 
|  48|0x0000000084c00000, 0x0000000084c00000, 0x0000000084d00000|  0%| F|  |TAMS 0x0000000084c00000, 0x0000000084c00000| Untracked 
|  49|0x0000000084d00000, 0x0000000084d00000, 0x0000000084e00000|  0%| F|  |TAMS 0x0000000084d00000, 0x0000000084d00000| Untracked 
|  50|0x0000000084e00000, 0x0000000084e00000, 0x0000000084f00000|  0%| F|  |TAMS 0x0000000084e00000, 0x0000000084e00000| Untracked 
|  51|0x0000000084f00000, 0x0000000084f00000, 0x0000000085000000|  0%| F|  |TAMS 0x0000000084f00000, 0x0000000084f00000| Untracked 
|  52|0x0000000085000000, 0x0000000085000000, 0x0000000085100000|  0%| F|  |TAMS 0x0000000085000000, 0x0000000085000000| Untracked 
|  53|0x0000000085100000, 0x0000000085100000, 0x0000000085200000|  0%| F|  |TAMS 0x0000000085100000, 0x0000000085100000| Untracked 
|  54|0x0000000085200000, 0x0000000085200000, 0x0000000085300000|  0%| F|  |TAMS 0x0000000085200000, 0x0000000085200000| Untracked 
|  55|0x0000000085300000, 0x0000000085300000, 0x0000000085400000|  0%| F|  |TAMS 0x0000000085300000, 0x0000000085300000| Untracked 
|  56|0x0000000085400000, 0x0000000085400000, 0x0000000085500000|  0%| F|  |TAMS 0x0000000085400000, 0x0000000085400000| Untracked 
|  57|0x0000000085500000, 0x0000000085500000, 0x0000000085600000|  0%| F|  |TAMS 0x0000000085500000, 0x0000000085500000| Untracked 
|  58|0x0000000085600000, 0x0000000085600000, 0x0000000085700000|  0%| F|  |TAMS 0x0000000085600000, 0x0000000085600000| Untracked 
|  59|0x0000000085700000, 0x0000000085700000, 0x0000000085800000|  0%| F|  |TAMS 0x0000000085700000, 0x0000000085700000| Untracked 
|  60|0x0000000085800000, 0x0000000085800000, 0x0000000085900000|  0%| F|  |TAMS 0x0000000085800000, 0x0000000085800000| Untracked 
|  61|0x0000000085900000, 0x0000000085900000, 0x0000000085a00000|  0%| F|  |TAMS 0x0000000085900000, 0x0000000085900000| Untracked 
|  62|0x0000000085a00000, 0x0000000085a00000, 0x0000000085b00000|  0%| F|  |TAMS 0x0000000085a00000, 0x0000000085a00000| Untracked 
|  63|0x0000000085b00000, 0x0000000085b00000, 0x0000000085c00000|  0%| F|  |TAMS 0x0000000085b00000, 0x0000000085b00000| Untracked 
|  64|0x0000000085c00000, 0x0000000085c00000, 0x0000000085d00000|  0%| F|  |TAMS 0x0000000085c00000, 0x0000000085c00000| Untracked 
|  65|0x0000000085d00000, 0x0000000085d00000, 0x0000000085e00000|  0%| F|  |TAMS 0x0000000085d00000, 0x0000000085d00000| Untracked 
|  66|0x0000000085e00000, 0x0000000085e00000, 0x0000000085f00000|  0%| F|  |TAMS 0x0000000085e00000, 0x0000000085e00000| Untracked 
|  67|0x0000000085f00000, 0x0000000085f00000, 0x0000000086000000|  0%| F|  |TAMS 0x0000000085f00000, 0x0000000085f00000| Untracked 
|  68|0x0000000086000000, 0x0000000086000000, 0x0000000086100000|  0%| F|  |TAMS 0x0000000086000000, 0x0000000086000000| Untracked 
|  69|0x0000000086100000, 0x0000000086100000, 0x0000000086200000|  0%| F|  |TAMS 0x0000000086100000, 0x0000000086100000| Untracked 
|  70|0x0000000086200000, 0x0000000086200000, 0x0000000086300000|  0%| F|  |TAMS 0x0000000086200000, 0x0000000086200000| Untracked 
|  71|0x0000000086300000, 0x0000000086300000, 0x0000000086400000|  0%| F|  |TAMS 0x0000000086300000, 0x0000000086300000| Untracked 
|  72|0x0000000086400000, 0x0000000086400000, 0x0000000086500000|  0%| F|  |TAMS 0x0000000086400000, 0x0000000086400000| Untracked 
|  73|0x0000000086500000, 0x0000000086500000, 0x0000000086600000|  0%| F|  |TAMS 0x0000000086500000, 0x0000000086500000| Untracked 
|  74|0x0000000086600000, 0x0000000086600000, 0x0000000086700000|  0%| F|  |TAMS 0x0000000086600000, 0x0000000086600000| Untracked 
|  75|0x0000000086700000, 0x0000000086700000, 0x0000000086800000|  0%| F|  |TAMS 0x0000000086700000, 0x0000000086700000| Untracked 
|  76|0x0000000086800000, 0x0000000086800000, 0x0000000086900000|  0%| F|  |TAMS 0x0000000086800000, 0x0000000086800000| Untracked 
|  77|0x0000000086900000, 0x0000000086900000, 0x0000000086a00000|  0%| F|  |TAMS 0x0000000086900000, 0x0000000086900000| Untracked 
|  78|0x0000000086a00000, 0x0000000086a00000, 0x0000000086b00000|  0%| F|  |TAMS 0x0000000086a00000, 0x0000000086a00000| Untracked 
|  79|0x0000000086b00000, 0x0000000086b00000, 0x0000000086c00000|  0%| F|  |TAMS 0x0000000086b00000, 0x0000000086b00000| Untracked 
|  80|0x0000000086c00000, 0x0000000086c00000, 0x0000000086d00000|  0%| F|  |TAMS 0x0000000086c00000, 0x0000000086c00000| Untracked 
|  81|0x0000000086d00000, 0x0000000086d00000, 0x0000000086e00000|  0%| F|  |TAMS 0x0000000086d00000, 0x0000000086d00000| Untracked 
|  82|0x0000000086e00000, 0x0000000086e00000, 0x0000000086f00000|  0%| F|  |TAMS 0x0000000086e00000, 0x0000000086e00000| Untracked 
|  83|0x0000000086f00000, 0x0000000086f00000, 0x0000000087000000|  0%| F|  |TAMS 0x0000000086f00000, 0x0000000086f00000| Untracked 
|  84|0x0000000087000000, 0x0000000087000000, 0x0000000087100000|  0%| F|  |TAMS 0x0000000087000000, 0x0000000087000000| Untracked 
|  85|0x0000000087100000, 0x0000000087100000, 0x0000000087200000|  0%| F|  |TAMS 0x0000000087100000, 0x0000000087100000| Untracked 
|  86|0x0000000087200000, 0x0000000087200000, 0x0000000087300000|  0%| F|  |TAMS 0x0000000087200000, 0x0000000087200000| Untracked 
|  87|0x0000000087300000, 0x0000000087300000, 0x0000000087400000|  0%| F|  |TAMS 0x0000000087300000, 0x0000000087300000| Untracked 
|  88|0x0000000087400000, 0x0000000087400000, 0x0000000087500000|  0%| F|  |TAMS 0x0000000087400000, 0x0000000087400000| Untracked 
|  89|0x0000000087500000, 0x0000000087500000, 0x0000000087600000|  0%| F|  |TAMS 0x0000000087500000, 0x0000000087500000| Untracked 
|  90|0x0000000087600000, 0x0000000087600000, 0x0000000087700000|  0%| F|  |TAMS 0x0000000087600000, 0x0000000087600000| Untracked 
|  91|0x0000000087700000, 0x0000000087700000, 0x0000000087800000|  0%| F|  |TAMS 0x0000000087700000, 0x0000000087700000| Untracked 
|  92|0x0000000087800000, 0x0000000087800000, 0x0000000087900000|  0%| F|  |TAMS 0x0000000087800000, 0x0000000087800000| Untracked 
|  93|0x0000000087900000, 0x0000000087900000, 0x0000000087a00000|  0%| F|  |TAMS 0x0000000087900000, 0x0000000087900000| Untracked 
|  94|0x0000000087a00000, 0x0000000087a00000, 0x0000000087b00000|  0%| F|  |TAMS 0x0000000087a00000, 0x0000000087a00000| Untracked 
|  95|0x0000000087b00000, 0x0000000087b00000, 0x0000000087c00000|  0%| F|  |TAMS 0x0000000087b00000, 0x0000000087b00000| Untracked 
|  96|0x0000000087c00000, 0x0000000087c00000, 0x0000000087d00000|  0%| F|  |TAMS 0x0000000087c00000, 0x0000000087c00000| Untracked 
|  97|0x0000000087d00000, 0x0000000087d00000, 0x0000000087e00000|  0%| F|  |TAMS 0x0000000087d00000, 0x0000000087d00000| Untracked 
|  98|0x0000000087e00000, 0x0000000087e00000, 0x0000000087f00000|  0%| F|  |TAMS 0x0000000087e00000, 0x0000000087e00000| Untracked 
|  99|0x0000000087f00000, 0x0000000087f00000, 0x0000000088000000|  0%| F|  |TAMS 0x0000000087f00000, 0x0000000087f00000| Untracked 
| 100|0x0000000088000000, 0x0000000088000000, 0x0000000088100000|  0%| F|  |TAMS 0x0000000088000000, 0x0000000088000000| Untracked 
| 101|0x0000000088100000, 0x0000000088200000, 0x0000000088200000|100%| S|CS|TAMS 0x0000000088100000, 0x0000000088100000| Complete 
| 102|0x0000000088200000, 0x0000000088300000, 0x0000000088300000|100%| S|CS|TAMS 0x0000000088200000, 0x0000000088200000| Complete 
| 103|0x0000000088300000, 0x0000000088400000, 0x0000000088400000|100%| S|CS|TAMS 0x0000000088300000, 0x0000000088300000| Complete 
| 104|0x0000000088400000, 0x0000000088400000, 0x0000000088500000|  0%| F|  |TAMS 0x0000000088400000, 0x0000000088400000| Untracked 
| 105|0x0000000088500000, 0x0000000088500000, 0x0000000088600000|  0%| F|  |TAMS 0x0000000088500000, 0x0000000088500000| Untracked 
| 106|0x0000000088600000, 0x0000000088600000, 0x0000000088700000|  0%| F|  |TAMS 0x0000000088600000, 0x0000000088600000| Untracked 
| 107|0x0000000088700000, 0x0000000088700000, 0x0000000088800000|  0%| F|  |TAMS 0x0000000088700000, 0x0000000088700000| Untracked 
| 108|0x0000000088800000, 0x0000000088800000, 0x0000000088900000|  0%| F|  |TAMS 0x0000000088800000, 0x0000000088800000| Untracked 
| 109|0x0000000088900000, 0x0000000088900000, 0x0000000088a00000|  0%| F|  |TAMS 0x0000000088900000, 0x0000000088900000| Untracked 
| 110|0x0000000088a00000, 0x0000000088a00000, 0x0000000088b00000|  0%| F|  |TAMS 0x0000000088a00000, 0x0000000088a00000| Untracked 
| 111|0x0000000088b00000, 0x0000000088b00000, 0x0000000088c00000|  0%| F|  |TAMS 0x0000000088b00000, 0x0000000088b00000| Untracked 
| 112|0x0000000088c00000, 0x0000000088c00000, 0x0000000088d00000|  0%| F|  |TAMS 0x0000000088c00000, 0x0000000088c00000| Untracked 
| 113|0x0000000088d00000, 0x0000000088d00000, 0x0000000088e00000|  0%| F|  |TAMS 0x0000000088d00000, 0x0000000088d00000| Untracked 
| 114|0x0000000088e00000, 0x0000000088e00000, 0x0000000088f00000|  0%| F|  |TAMS 0x0000000088e00000, 0x0000000088e00000| Untracked 
| 115|0x0000000088f00000, 0x0000000088f00000, 0x0000000089000000|  0%| F|  |TAMS 0x0000000088f00000, 0x0000000088f00000| Untracked 
| 116|0x0000000089000000, 0x0000000089000000, 0x0000000089100000|  0%| F|  |TAMS 0x0000000089000000, 0x0000000089000000| Untracked 
| 117|0x0000000089100000, 0x0000000089100000, 0x0000000089200000|  0%| F|  |TAMS 0x0000000089100000, 0x0000000089100000| Untracked 
| 118|0x0000000089200000, 0x0000000089200000, 0x0000000089300000|  0%| F|  |TAMS 0x0000000089200000, 0x0000000089200000| Untracked 
| 119|0x0000000089300000, 0x0000000089300000, 0x0000000089400000|  0%| F|  |TAMS 0x0000000089300000, 0x0000000089300000| Untracked 
| 120|0x0000000089400000, 0x0000000089400000, 0x0000000089500000|  0%| F|  |TAMS 0x0000000089400000, 0x0000000089400000| Untracked 
| 121|0x0000000089500000, 0x0000000089500000, 0x0000000089600000|  0%| F|  |TAMS 0x0000000089500000, 0x0000000089500000| Untracked 
| 122|0x0000000089600000, 0x0000000089700000, 0x0000000089700000|100%| E|  |TAMS 0x0000000089600000, 0x0000000089600000| Complete 
| 123|0x0000000089700000, 0x0000000089800000, 0x0000000089800000|100%| E|CS|TAMS 0x0000000089700000, 0x0000000089700000| Complete 
| 124|0x0000000089800000, 0x0000000089900000, 0x0000000089900000|100%| E|CS|TAMS 0x0000000089800000, 0x0000000089800000| Complete 
| 125|0x0000000089900000, 0x0000000089a00000, 0x0000000089a00000|100%| E|CS|TAMS 0x0000000089900000, 0x0000000089900000| Complete 
| 126|0x0000000089a00000, 0x0000000089b00000, 0x0000000089b00000|100%| E|CS|TAMS 0x0000000089a00000, 0x0000000089a00000| Complete 
| 127|0x0000000089b00000, 0x0000000089c00000, 0x0000000089c00000|100%| E|CS|TAMS 0x0000000089b00000, 0x0000000089b00000| Complete 

Card table byte_map: [0x000002af83400000,0x000002af83800000] _byte_map_base: 0x000002af82ff2000

Marking Bits (Prev, Next): (CMBitMap*) 0x000002aff8051e20, (CMBitMap*) 0x000002aff8051e60
 Prev Bits: [0x000002af83c00000, 0x000002af85b90000)
 Next Bits: [0x000002af85b90000, 0x000002af87b20000)

Polling page: 0x000002aff6360000

Metaspace:

Usage:
  Non-class:      9.22 MB used.
      Class:      1.36 MB used.
       Both:     10.58 MB used.

Virtual space:
  Non-class space:       64.00 MB reserved,       9.31 MB ( 15%) committed,  1 nodes.
      Class space:        1.00 GB reserved,       1.44 MB ( <1%) committed,  1 nodes.
             Both:        1.06 GB reserved,      10.75 MB ( <1%) committed. 

Chunk freelists:
   Non-Class:  6.67 MB
       Class:  14.44 MB
        Both:  21.11 MB

MaxMetaspaceSize: unlimited
CompressedClassSpaceSize: 1.00 GB
Initial GC threshold: 21.00 MB
Current GC threshold: 21.00 MB
CDS: on
MetaspaceReclaimPolicy: balanced
 - commit_granule_bytes: 65536.
 - commit_granule_words: 8192.
 - virtual_space_node_default_size: 8388608.
 - enlarge_chunks_in_place: 1.
 - new_chunks_are_fully_committed: 0.
 - uncommit_free_chunks: 1.
 - use_allocation_guard: 0.
 - handle_deallocations: 1.


Internal statistics:

num_allocs_failed_limit: 0.
num_arena_births: 220.
num_arena_deaths: 0.
num_vsnodes_births: 2.
num_vsnodes_deaths: 0.
num_space_committed: 172.
num_space_uncommitted: 0.
num_chunks_returned_to_freelist: 0.
num_chunks_taken_from_freelist: 452.
num_chunk_merges: 0.
num_chunk_splits: 277.
num_chunks_enlarged: 173.
num_inconsistent_stats: 0.

CodeCache: size=49152Kb used=4271Kb max_used=4271Kb free=44881Kb
 bounds [0x000002af80000000, 0x000002af80430000, 0x000002af83000000]
 total_blobs=2108 nmethods=1641 adapters=394
 compilation: enabled
              stopped_count=0, restarted_count=0
 full_count=0

Compilation events (20 events):
Event: 1.397 Thread 0x000002b04511a620 1631       1       org.springframework.util.ObjectUtils::nullSafeHashCode (174 bytes)
Event: 1.397 Thread 0x000002b04511a620 nmethod 1631 0x000002af80426a90 code [0x000002af80426d20, 0x000002af80427628]
Event: 1.400 Thread 0x000002b04511a620 1633       1       java.lang.invoke.VarHandleReferences$FieldInstanceReadWrite::set (35 bytes)
Event: 1.400 Thread 0x000002b04501c270 1632       1       java.lang.invoke.VarHandleGuards::guard_LL_V (125 bytes)
Event: 1.400 Thread 0x000002b04511a620 nmethod 1633 0x000002af80427910 code [0x000002af80427b00, 0x000002af80427f28]
Event: 1.400 Thread 0x000002b04511a620 1635       1       org.springframework.util.ConcurrentReferenceHashMap::clear (32 bytes)
Event: 1.400 Thread 0x000002b04511a620 nmethod 1635 0x000002af80428490 code [0x000002af80428620, 0x000002af80428768]
Event: 1.400 Thread 0x000002b04511a620 1634       1       java.util.concurrent.ConcurrentLinkedDeque$Node::<init> (5 bytes)
Event: 1.400 Thread 0x000002b04511a620 nmethod 1634 0x000002af80428890 code [0x000002af80428a20, 0x000002af80428ad8]
Event: 1.401 Thread 0x000002b04511a620 1637       1       java.util.concurrent.locks.AbstractQueuedSynchronizer::compareAndSetState (13 bytes)
Event: 1.401 Thread 0x000002b04511a620 nmethod 1637 0x000002af80428b90 code [0x000002af80428d20, 0x000002af80428df8]
Event: 1.401 Thread 0x000002b04501c270 nmethod 1632 0x000002af80428e90 code [0x000002af804291a0, 0x000002af8042a238]
Event: 1.402 Thread 0x000002b04511a620 1638       1       org.springframework.core.ResolvableType$DefaultVariableResolver::getSource (5 bytes)
Event: 1.402 Thread 0x000002b04501c270 1639       1       sun.reflect.generics.reflectiveObjects.ParameterizedTypeImpl::getRawType (5 bytes)
Event: 1.402 Thread 0x000002b04511a620 nmethod 1638 0x000002af8042ac90 code [0x000002af8042ae20, 0x000002af8042aef8]
Event: 1.402 Thread 0x000002b04501c270 nmethod 1639 0x000002af8042af90 code [0x000002af8042b120, 0x000002af8042b1f8]
Event: 1.404 Thread 0x000002b04511a620 1640       1       java.util.concurrent.locks.AbstractQueuedSynchronizer::release (19 bytes)
Event: 1.404 Thread 0x000002b04511a620 nmethod 1640 0x000002af8042b290 code [0x000002af8042b440, 0x000002af8042b658]
Event: 1.412 Thread 0x000002b04511a620 1641       1       org.springframework.boot.convert.ApplicationConversionService::assertModifiable (18 bytes)
Event: 1.412 Thread 0x000002b04511a620 nmethod 1641 0x000002af8042b810 code [0x000002af8042b9a0, 0x000002af8042bb28]

GC Heap History (6 events):
Event: 0.635 GC heap before
{Heap before GC invocations=0 (full 0):
 garbage-first heap   total 131072K, used 14336K [0x0000000081c00000, 0x0000000100000000)
  region size 1024K, 13 young (13312K), 0 survivors (0K)
 Metaspace       used 4405K, committed 4608K, reserved 1114112K
  class space    used 542K, committed 640K, reserved 1048576K
}
Event: 0.641 GC heap after
{Heap after GC invocations=1 (full 0):
 garbage-first heap   total 131072K, used 6453K [0x0000000081c00000, 0x0000000100000000)
  region size 1024K, 2 young (2048K), 2 survivors (2048K)
 Metaspace       used 4405K, committed 4608K, reserved 1114112K
  class space    used 542K, committed 640K, reserved 1048576K
}
Event: 0.932 GC heap before
{Heap before GC invocations=1 (full 0):
 garbage-first heap   total 131072K, used 16693K [0x0000000081c00000, 0x0000000100000000)
  region size 1024K, 13 young (13312K), 2 survivors (2048K)
 Metaspace       used 7120K, committed 7360K, reserved 1114112K
  class space    used 927K, committed 1024K, reserved 1048576K
}
Event: 0.935 GC heap after
{Heap after GC invocations=2 (full 0):
 garbage-first heap   total 131072K, used 7790K [0x0000000081c00000, 0x0000000100000000)
  region size 1024K, 2 young (2048K), 2 survivors (2048K)
 Metaspace       used 7120K, committed 7360K, reserved 1114112K
  class space    used 927K, committed 1024K, reserved 1048576K
}
Event: 1.290 GC heap before
{Heap before GC invocations=2 (full 0):
 garbage-first heap   total 131072K, used 34414K [0x0000000081c00000, 0x0000000100000000)
  region size 1024K, 24 young (24576K), 2 survivors (2048K)
 Metaspace       used 9813K, committed 10112K, reserved 1114112K
  class space    used 1247K, committed 1408K, reserved 1048576K
}
Event: 1.295 GC heap after
{Heap after GC invocations=3 (full 0):
 garbage-first heap   total 131072K, used 11725K [0x0000000081c00000, 0x0000000100000000)
  region size 1024K, 3 young (3072K), 3 survivors (3072K)
 Metaspace       used 9813K, committed 10112K, reserved 1114112K
  class space    used 1247K, committed 1408K, reserved 1048576K
}

Deoptimization events (0 events):
No events

Classes unloaded (0 events):
No events

Classes redefined (0 events):
No events

Internal exceptions (20 events):
Event: 0.742 Thread 0x000002aff8458020 Exception <a 'java/lang/NoSuchMethodError'{0x00000000898cfff8}: 'int java.lang.invoke.DirectMethodHandle$Holder.invokeStatic(java.lang.Object)'> (0x00000000898cfff8) 
thrown [s\open\src\hotspot\share\interpreter\linkResolver.cpp, line 759]
Event: 0.742 Thread 0x000002aff8458020 Exception <a 'java/lang/NoSuchMethodError'{0x00000000898d34a8}: 'int java.lang.invoke.DirectMethodHandle$Holder.invokeStaticInit(java.lang.Object)'> (0x00000000898d34a8) 
thrown [s\open\src\hotspot\share\interpreter\linkResolver.cpp, line 759]
Event: 0.743 Thread 0x000002b045c1a730 Exception <a 'java/lang/NoSuchMethodError'{0x000000008971c970}: 'java.lang.Object java.lang.invoke.Invokers$Holder.linkToTargetMethod(java.lang.Object, long, java.lang.Object)'> (0x000000008971c970) 
thrown [s\open\src\hotspot\share\interpreter\linkResolver.cpp, line 759]
Event: 0.749 Thread 0x000002b045c183c0 Exception <a 'java/lang/reflect/InvocationTargetException'{0x000000008979a3f8}> (0x000000008979a3f8) 
thrown [s\open\src\hotspot\share\runtime\reflection.cpp, line 1121]
Event: 0.753 Thread 0x000002b045c183c0 Exception <a 'java/lang/NoSuchMethodError'{0x00000000897c5258}: static [Ljava/lang/StackTraceElement;.<clinit>()V> (0x00000000897c5258) 
thrown [s\open\src\hotspot\share\prims\jni.cpp, line 1112]
Event: 0.757 Thread 0x000002aff8458020 Exception <a 'java/lang/NoSuchMethodError'{0x00000000897ebb00}: 'java.lang.Object java.lang.invoke.DirectMethodHandle$Holder.invokeStatic(java.lang.Object, int, java.lang.Object)'> (0x00000000897ebb00) 
thrown [s\open\src\hotspot\share\interpreter\linkResolver.cpp, line 759]
Event: 0.759 Thread 0x000002aff8458020 Exception <a 'java/lang/NoSuchMethodError'{0x00000000897f3388}: 'java.lang.Object java.lang.invoke.DirectMethodHandle$Holder.invokeInterface(java.lang.Object, java.lang.Object)'> (0x00000000897f3388) 
thrown [s\open\src\hotspot\share\interpreter\linkResolver.cpp, line 759]
Event: 0.780 Thread 0x000002aff8458020 Exception <a 'java/lang/NoSuchMethodError'{0x0000000089695560}: 'void java.lang.invoke.DirectMethodHandle$Holder.invokeStaticInit(java.lang.Object, java.lang.Object, java.lang.Object, java.lang.Object)'> (0x0000000089695560) 
thrown [s\open\src\hotspot\share\interpreter\linkResolver.cpp, line 759]
Event: 0.848 Thread 0x000002aff8458020 Exception <a 'java/lang/NoSuchMethodError'{0x0000000089486388}: 'java.lang.Object java.lang.invoke.DirectMethodHandle$Holder.invokeSpecial(java.lang.Object, java.lang.Object, java.lang.Object, long, java.lang.Object)'> (0x0000000089486388) 
thrown [s\open\src\hotspot\share\interpreter\linkResolver.cpp, line 759]
Event: 0.848 Thread 0x000002aff8458020 Exception <a 'java/lang/NoSuchMethodError'{0x0000000089489f58}: 'java.lang.Object java.lang.invoke.Invokers$Holder.linkToTargetMethod(java.lang.Object, long, java.lang.Object, java.lang.Object)'> (0x0000000089489f58) 
thrown [s\open\src\hotspot\share\interpreter\linkResolver.cpp, line 759]
Event: 0.955 Thread 0x000002aff8458020 Exception <a 'java/lang/NoSuchMethodError'{0x0000000089bea0d0}: 'int java.lang.invoke.DirectMethodHandle$Holder.invokeStaticInit(java.lang.Object, java.lang.Object)'> (0x0000000089bea0d0) 
thrown [s\open\src\hotspot\share\interpreter\linkResolver.cpp, line 759]
Event: 1.157 Thread 0x000002aff8458020 Exception <a 'java/lang/NoSuchMethodError'{0x00000000889dc780}: 'void java.lang.invoke.DirectMethodHandle$Holder.invokeInterface(java.lang.Object, java.lang.Object, java.lang.Object, java.lang.Object)'> (0x00000000889dc780) 
thrown [s\open\src\hotspot\share\interpreter\linkResolver.cpp, line 759]
Event: 1.238 Thread 0x000002aff8458020 Exception <a 'java/lang/NoSuchMethodError'{0x00000000886b18b8}: 'java.lang.Object java.lang.invoke.DirectMethodHandle$Holder.invokeSpecialIFC(java.lang.Object, java.lang.Object, java.lang.Object, java.lang.Object)'> (0x00000000886b18b8) 
thrown [s\open\src\hotspot\share\interpreter\linkResolver.cpp, line 759]
Event: 1.242 Thread 0x000002aff8458020 Exception <a 'java/lang/NoSuchMethodError'{0x00000000886dd038}: 'java.lang.Object java.lang.invoke.DirectMethodHandle$Holder.invokeInterface(java.lang.Object, java.lang.Object, java.lang.Object)'> (0x00000000886dd038) 
thrown [s\open\src\hotspot\share\interpreter\linkResolver.cpp, line 759]
Event: 1.257 Thread 0x000002b045c183c0 Exception <a 'java/lang/reflect/InvocationTargetException'{0x000000008856cc80}> (0x000000008856cc80) 
thrown [s\open\src\hotspot\share\runtime\reflection.cpp, line 1121]
Event: 1.269 Thread 0x000002aff8458020 Exception <a 'java/lang/NoSuchMethodError'{0x0000000088401280}: 'int java.lang.invoke.DirectMethodHandle$Holder.invokeStaticInit(java.lang.Object, java.lang.Object, java.lang.Object)'> (0x0000000088401280) 
thrown [s\open\src\hotspot\share\interpreter\linkResolver.cpp, line 759]
Event: 1.277 Thread 0x000002aff8458020 Exception <a 'java/lang/NoSuchMethodError'{0x0000000088466d08}: 'java.lang.Object java.lang.invoke.DirectMethodHandle$Holder.newInvokeSpecial(java.lang.Object, java.lang.Object, java.lang.Object, java.lang.Object, java.lang.Object)'> (0x0000000088466d08) 
thrown [s\open\src\hotspot\share\interpreter\linkResolver.cpp, line 759]
Event: 1.303 Thread 0x000002aff8458020 Exception <a 'java/lang/IncompatibleClassChangeError'{0x0000000089b54160}: Found class java.lang.Object, but interface was expected> (0x0000000089b54160) 
thrown [s\open\src\hotspot\share\interpreter\linkResolver.cpp, line 826]
Event: 1.324 Thread 0x000002aff8458020 Exception <a 'sun/nio/fs/WindowsException'{0x0000000089a49288}> (0x0000000089a49288) 
thrown [s\open\src\hotspot\share\prims\jni.cpp, line 516]
Event: 1.359 Thread 0x000002aff8458020 Exception <a 'java/lang/NoSuchMethodError'{0x00000000898c59e0}: 'java.lang.Object java.lang.invoke.Invokers$Holder.invokeExact_MT(java.lang.Object, java.lang.Object, java.lang.Object, java.lang.Object, java.lang.Object, java.lang.Object)'> (0x00000000898c59e0) 
thrown [s\open\src\hotspot\share\interpreter\linkResolver.cpp, line 759]

VM Operations (20 events):
Event: 0.578 Executing VM operation: HandshakeAllThreads
Event: 0.578 Executing VM operation: HandshakeAllThreads done
Event: 0.635 Executing VM operation: G1CollectForAllocation
Event: 0.641 Executing VM operation: G1CollectForAllocation done
Event: 0.719 Executing VM operation: HandshakeAllThreads
Event: 0.719 Executing VM operation: HandshakeAllThreads done
Event: 0.741 Executing VM operation: HandshakeAllThreads
Event: 0.741 Executing VM operation: HandshakeAllThreads done
Event: 0.765 Executing VM operation: HandshakeAllThreads
Event: 0.765 Executing VM operation: HandshakeAllThreads done
Event: 0.797 Executing VM operation: HandshakeAllThreads
Event: 0.797 Executing VM operation: HandshakeAllThreads done
Event: 0.932 Executing VM operation: G1CollectForAllocation
Event: 0.935 Executing VM operation: G1CollectForAllocation done
Event: 1.009 Executing VM operation: HandshakeAllThreads
Event: 1.009 Executing VM operation: HandshakeAllThreads done
Event: 1.011 Executing VM operation: HandshakeAllThreads
Event: 1.011 Executing VM operation: HandshakeAllThreads done
Event: 1.289 Executing VM operation: G1CollectForAllocation
Event: 1.295 Executing VM operation: G1CollectForAllocation done

Events (20 events):
Event: 1.391 loading class java/time/format/DateTimeParseException
Event: 1.391 loading class java/time/DateTimeException
Event: 1.391 loading class java/time/DateTimeException done
Event: 1.391 loading class java/time/format/DateTimeParseException done
Event: 1.393 loading class java/time/OffsetTime
Event: 1.393 loading class java/time/OffsetTime done
Event: 1.395 loading class java/time/Year
Event: 1.396 loading class java/time/Year done
Event: 1.396 loading class java/time/Month
Event: 1.396 loading class java/time/Month done
Event: 1.397 loading class java/time/YearMonth
Event: 1.397 loading class java/time/YearMonth done
Event: 1.398 loading class java/time/MonthDay
Event: 1.398 loading class java/time/MonthDay done
Event: 1.402 loading class sun/reflect/generics/tree/CharSignature
Event: 1.402 loading class sun/reflect/generics/tree/CharSignature done
Event: 1.402 loading class sun/reflect/generics/tree/ArrayTypeSignature
Event: 1.402 loading class sun/reflect/generics/tree/ArrayTypeSignature done
Event: 1.403 loading class java/net/UnknownHostException
Event: 1.404 loading class java/net/UnknownHostException done


Dynamic libraries:
0x00007ff7e4640000 - 0x00007ff7e4650000 	C:\Program Files\Java\jdk-17\bin\javaw.exe
0x000002aff6080000 - 0x000002aff6278000 	C:\Windows\SYSTEM32\ntd1l.dll
0x000002aff6280000 - 0x000002aff6342000 	C:\Windows\System32\kern3l32.dll
0x00007ffbf07b0000 - 0x00007ffbf09a8000 	C:\Windows\SYSTEM32\ntdll.dll
0x00007ffbeeb60000 - 0x00007ffbeec22000 	C:\Windows\System32\KERNEL32.DLL
0x00007ffbee1f0000 - 0x00007ffbee4e6000 	C:\Windows\System32\KERNELBASE.dll
0x00007ffbed870000 - 0x00007ffbedc4b000 	C:\Program Files\SentinelOne\Sentinel Agent 25.1.3.334\InProcessClient64.dll
0x00007ffbeff20000 - 0x00007ffbeffd1000 	C:\Windows\System32\ADVAPI32.dll
0x00007ffbef540000 - 0x00007ffbef5de000 	C:\Windows\System32\msvcrt.dll
0x00007ffbef850000 - 0x00007ffbef8ef000 	C:\Windows\System32\sechost.dll
0x00007ffbeffe0000 - 0x00007ffbf0100000 	C:\Windows\System32\RPCRT4.dll
0x00007ffbee0f0000 - 0x00007ffbee117000 	C:\Windows\System32\bcrypt.dll
0x00007ffbee540000 - 0x00007ffbee640000 	C:\Windows\System32\ucrtbase.dll
0x00007ffbed860000 - 0x00007ffbed86a000 	C:\Windows\SYSTEM32\VERSION.dll
0x00007ffbe8d30000 - 0x00007ffbe8d49000 	C:\Program Files\Java\jdk-17\bin\jli.dll
0x00007ffbefa20000 - 0x00007ffbefbbd000 	C:\Windows\System32\USER32.dll
0x00007ffbe80f0000 - 0x00007ffbe810b000 	C:\Program Files\Java\jdk-17\bin\VCRUNTIME140.dll
0x00007ffbee120000 - 0x00007ffbee142000 	C:\Windows\System32\win32u.dll
0x00007ffbef5e0000 - 0x00007ffbef60b000 	C:\Windows\System32\GDI32.dll
0x00007ffbee640000 - 0x00007ffbee759000 	C:\Windows\System32\gdi32full.dll
0x00007ffbee150000 - 0x00007ffbee1ed000 	C:\Windows\System32\msvcp_win.dll
0x00007ffbde600000 - 0x00007ffbde89b000 	C:\Windows\WinSxS\amd64_microsoft.windows.common-controls_6595b64144ccf1df_6.0.19041.6280_none_60bc30a171f2f3f3\COMCTL32.dll
0x00007ffbed790000 - 0x00007ffbed79b000 	C:\Windows\SYSTEM32\FLTLIB.DLL
0x00007ffbef610000 - 0x00007ffbef63f000 	C:\Windows\System32\IMM32.DLL
0x00007ffbe80e0000 - 0x00007ffbe80ec000 	C:\Program Files\Java\jdk-17\bin\vcruntime140_1.dll
0x00007ffbbf770000 - 0x00007ffbbf7fe000 	C:\Program Files\Java\jdk-17\bin\msvcp140.dll
0x00007ffb7dd30000 - 0x00007ffb7e910000 	C:\Program Files\Java\jdk-17\bin\server\jvm.dll
0x00007ffbeea00000 - 0x00007ffbeea08000 	C:\Windows\System32\PSAPI.DLL
0x00007ffbd4c90000 - 0x00007ffbd4c99000 	C:\Windows\SYSTEM32\WSOCK32.dll
0x00007ffbeea10000 - 0x00007ffbeea7b000 	C:\Windows\System32\WS2_32.dll
0x00007ffbd9fe0000 - 0x00007ffbda007000 	C:\Windows\SYSTEM32\WINMM.dll
0x00007ffbeb710000 - 0x00007ffbeb722000 	C:\Windows\SYSTEM32\kernel.appcore.dll
0x00007ffbde200000 - 0x00007ffbde20a000 	C:\Program Files\Java\jdk-17\bin\jimage.dll
0x00007ffbdb660000 - 0x00007ffbdb861000 	C:\Windows\SYSTEM32\DBGHELP.DLL
0x00007ffbd3e80000 - 0x00007ffbd3eb4000 	C:\Windows\SYSTEM32\dbgcore.DLL
0x00007ffbede50000 - 0x00007ffbeded2000 	C:\Windows\System32\bcryptPrimitives.dll
0x00007ffbb71d0000 - 0x00007ffbb726f000 	C:\Program Files\SentinelOne\Sentinel Agent 25.1.3.334\SentinelJava64.dll
0x00007ffbef8f0000 - 0x00007ffbefa1b000 	C:\Windows\System32\ole32.dll
0x00007ffbefbc0000 - 0x00007ffbeff13000 	C:\Windows\System32\combase.dll
0x00007ffbdd210000 - 0x00007ffbdd235000 	C:\Program Files\Java\jdk-17\bin\java.dll
0x00007ffbbc470000 - 0x00007ffbbc547000 	C:\Program Files\Java\jdk-17\bin\jsvml.dll
0x00007ffbeece0000 - 0x00007ffbef450000 	C:\Windows\System32\SHELL32.dll
0x00007ffbeb910000 - 0x00007ffbec0b5000 	C:\Windows\SYSTEM32\windows.storage.dll
0x00007ffbed400000 - 0x00007ffbed42b000 	C:\Windows\SYSTEM32\Wldp.dll
0x00007ffbef760000 - 0x00007ffbef82d000 	C:\Windows\System32\OLEAUT32.dll
0x000002b045500000 - 0x000002b0455ad000 	C:\Windows\System32\SHCORE.dll
0x00007ffbf0710000 - 0x00007ffbf076b000 	C:\Windows\System32\shlwapi.dll
0x00007ffbedd80000 - 0x00007ffbedda4000 	C:\Windows\SYSTEM32\profapi.dll
0x00007ffbdd020000 - 0x00007ffbdd039000 	C:\Program Files\Java\jdk-17\bin\net.dll
0x00007ffbe4820000 - 0x00007ffbe492a000 	C:\Windows\SYSTEM32\WINHTTP.dll
0x00007ffbed170000 - 0x00007ffbed1da000 	C:\Windows\system32\mswsock.dll
0x00007ffbdcf90000 - 0x00007ffbdcfa6000 	C:\Program Files\Java\jdk-17\bin\nio.dll
0x00007ffbdcf20000 - 0x00007ffbdcf38000 	C:\Program Files\Java\jdk-17\bin\zip.dll
0x00007ffbdcf80000 - 0x00007ffbdcf8a000 	C:\Program Files\Java\jdk-17\bin\management.dll
0x00007ffbdce40000 - 0x00007ffbdce4b000 	C:\Program Files\Java\jdk-17\bin\management_ext.dll
0x00007ffbe0aa0000 - 0x00007ffbe0ab7000 	C:\Windows\system32\napinsp.dll
0x00007ffbe0ac0000 - 0x00007ffbe0adb000 	C:\Windows\system32\pnrpnsp.dll
0x00007ffbe1ac0000 - 0x00007ffbe1add000 	C:\Windows\system32\wshbth.dll
0x00007ffbe8c50000 - 0x00007ffbe8c6d000 	C:\Windows\system32\NLAapi.dll
0x00007ffbece50000 - 0x00007ffbece8b000 	C:\Windows\SYSTEM32\IPHLPAPI.DLL
0x00007ffbecea0000 - 0x00007ffbecf6a000 	C:\Windows\SYSTEM32\DNSAPI.dll
0x00007ffbee9f0000 - 0x00007ffbee9f8000 	C:\Windows\System32\NSI.dll
0x00007ffbe1fd0000 - 0x00007ffbe1fe2000 	C:\Windows\System32\winrnr.dll
0x00007ffbe4aa0000 - 0x00007ffbe4aaa000 	C:\Windows\System32\rasadhlp.dll
0x00007ffbe8310000 - 0x00007ffbe8390000 	C:\Windows\System32\fwpuclnt.dll
0x00007ffbed360000 - 0x00007ffbed378000 	C:\Windows\SYSTEM32\CRYPTSP.dll
0x00007ffbeca90000 - 0x00007ffbecac8000 	C:\Windows\system32\rsaenh.dll
0x00007ffbedd00000 - 0x00007ffbedd2e000 	C:\Windows\SYSTEM32\USERENV.dll
0x00007ffbed430000 - 0x00007ffbed43c000 	C:\Windows\SYSTEM32\CRYPTBASE.dll
0x00007ffbe8550000 - 0x00007ffbe8567000 	C:\Windows\SYSTEM32\dhcpcsvc6.DLL
0x00007ffbe8530000 - 0x00007ffbe854d000 	C:\Windows\SYSTEM32\dhcpcsvc.DLL

dbghelp: loaded successfully - version: 4.0.5 - missing functions: none
symbol engine: initialized successfully - sym options: 0x614 - pdb path: .;C:\Program Files\Java\jdk-17\bin;C:\Windows\SYSTEM32;C:\Program Files\SentinelOne\Sentinel Agent 25.1.3.334;C:\Windows\WinSxS\amd64_microsoft.windows.common-controls_6595b64144ccf1df_6.0.19041.6280_none_60bc30a171f2f3f3;C:\Program Files\Java\jdk-17\bin\server

VM Arguments:
jvm_args: -Dcom.sun.management.jmxremote -Dcom.sun.management.jmxremote.port=62093 -Dcom.sun.management.jmxremote.authenticate=false -Dcom.sun.management.jmxremote.ssl=false -Djava.rmi.server.hostname=localhost -Dspring.jmx.enabled=true -Dmanagement.endpoints.jmx.exposure.include=* -Dspring.application.admin.enabled=true -Dspring.output.ansi.enabled=always -XX:TieredStopAtLevel=1 -Dspring.boot.project.name=OrderServiceApp -Dfile.encoding=UTF-8 -Dstdout.encoding=UTF-8 -Dstderr.encoding=UTF-8 -XX:+ShowCodeDetailsInExceptionMessages -agentpath:C:\Program Files\SentinelOne\Sentinel Agent 25.1.3.334\SentinelJava64.dll=extendedCapabilities 
java_command: com.example.demo.OrderServiceAppApplication
java_class_path (initial): C:\Users\rethessh.ed\eclipse-workspace\java\spring tool\OrderServiceApp\target\classes;C:\Users\rethessh.ed\.m2\repository\org\springframework\boot\spring-boot-starter-actuator\4.0.6\spring-boot-starter-actuator-4.0.6.jar;C:\Users\rethessh.ed\.m2\repository\org\springframework\boot\spring-boot-starter\4.0.6\spring-boot-starter-4.0.6.jar;C:\Users\rethessh.ed\.m2\repository\org\springframework\boot\spring-boot-starter-logging\4.0.6\spring-boot-starter-logging-4.0.6.jar;C:\Users\rethessh.ed\.m2\repository\ch\qos\logback\logback-classic\1.5.32\logback-classic-1.5.32.jar;C:\Users\rethessh.ed\.m2\repository\ch\qos\logback\logback-core\1.5.32\logback-core-1.5.32.jar;C:\Users\rethessh.ed\.m2\repository\org\apache\logging\log4j\log4j-to-slf4j\2.25.4\log4j-to-slf4j-2.25.4.jar;C:\Users\rethessh.ed\.m2\repository\org\apache\logging\log4j\log4j-api\2.25.4\log4j-api-2.25.4.jar;C:\Users\rethessh.ed\.m2\repository\org\slf4j\jul-to-slf4j\2.0.17\jul-to-slf4j-2.0.17.jar;C:\Users\rethessh.ed\.m2\repository\org\springframework\boot\spring-boot-autoconfigure\4.0.6\spring-boot-autoconfigure-4.0.6.jar;C:\Users\rethessh.ed\.m2\repository\jakarta\annotation\jakarta.annotation-api\3.0.0\jakarta.annotation-api-3.0.0.jar;C:\Users\rethessh.ed\.m2\repository\org\yaml\snakeyaml\2.5\snakeyaml-2.5.jar;C:\Users\rethessh.ed\.m2\repository\org\springframework\boot\spring-boot-starter-micrometer-metrics\4.0.6\spring-boot-starter-micrometer-metrics-4.0.6.jar;C:\Users\rethessh.ed\.m2\repository\org\springframework\boot\spring-boot-micrometer-metrics\4.0.6\spring-boot-micrometer-metrics-4.0.6.jar;C:\Users\rethessh.ed\.m2\repository\org\springframework\boot\spring-boot-micrometer-observation\4.0.6\spring-boot-micrometer-observation-4.0.6.jar;C:\Users\rethessh.ed\.m2\repository\org\springframework\boot\spring-boot-actuator-autoconfigure\4.0.6\spring-boot-actuator-autoconfigure-4.0.6.jar;C:\Users\rethessh.ed\.m2\repository\org\springframework\boot\spring-boot-actuator\4.0.6\spring
Launcher Type: SUN_STANDARD

[Global flags]
     intx CICompilerCount                          = 3                                         {product} {ergonomic}
     uint ConcGCThreads                            = 1                                         {product} {ergonomic}
     uint G1ConcRefinementThreads                  = 4                                         {product} {ergonomic}
   size_t G1HeapRegionSize                         = 1048576                                   {product} {ergonomic}
    uintx GCDrainStackTargetSize                   = 64                                        {product} {ergonomic}
   size_t InitialHeapSize                          = 134217728                                 {product} {ergonomic}
     bool ManagementServer                         = true                                      {product} {command line}
   size_t MarkStackSize                            = 4194304                                   {product} {ergonomic}
   size_t MaxHeapSize                              = 2118123520                                {product} {ergonomic}
   size_t MaxNewSize                               = 1270874112                                {product} {ergonomic}
   size_t MinHeapDeltaBytes                        = 1048576                                   {product} {ergonomic}
   size_t MinHeapSize                              = 8388608                                   {product} {ergonomic}
    uintx NonProfiledCodeHeapSize                  = 0                                      {pd product} {ergonomic}
     bool ProfileInterpreter                       = false                                  {pd product} {command line}
    uintx ProfiledCodeHeapSize                     = 0                                      {pd product} {ergonomic}
     bool ShowCodeDetailsInExceptionMessages       = true                                   {manageable} {command line}
   size_t SoftMaxHeapSize                          = 2118123520                             {manageable} {ergonomic}
     intx TieredStopAtLevel                        = 1                                         {product} {command line}
     bool UseCompressedClassPointers               = true                           {product lp64_product} {ergonomic}
     bool UseCompressedOops                        = true                           {product lp64_product} {ergonomic}
     bool UseG1GC                                  = true                                      {product} {ergonomic}
     bool UseLargePagesIndividualAllocation        = false                                  {pd product} {ergonomic}

Logging:
Log output configuration:
 #0: stdout all=warning uptime,level,tags
 #1: stderr all=off uptime,level,tags

Environment Variables:
JAVA_HOME=C:\Program Files\Java\jdk-17
PATH=C:/Users/rethessh.ed/Downloads/spring-tools-for-eclipse-5.1.1.RELEASE-e4.39.0-win32.win32.x86_64/sts-5.1.1.RELEASE//plugins/org.eclipse.justj.openjdk.hotspot.jre.full.win32.x86_64_25.0.2.v20260203-1141/jre/bin/server;C:/Users/rethessh.ed/Downloads/spring-tools-for-eclipse-5.1.1.RELEASE-e4.39.0-win32.win32.x86_64/sts-5.1.1.RELEASE//plugins/org.eclipse.justj.openjdk.hotspot.jre.full.win32.x86_64_25.0.2.v20260203-1141/jre/bin;C:\Program Files\Java\jdk-17\bin;C:\Program Files\Common Files\Oracle\Java\javapath;C:\Program Files (x86)\Common Files\Oracle\Java\javapath;C:\Windows\system32;C:\Windows;C:\Windows\System32\Wbem;C:\Windows\System32\WindowsPowerShell\v1.0\;C:\Windows\System32\OpenSSH\;C:\Program Files\TortoiseSVN\bin;C:\Program Files\nodejs\;C:\Program Files\Microsoft SQL Server\150\Tools\Binn\;C:\Program Files\Microsoft SQL Server\Client SDK\ODBC\170\Tools\Binn\;C:\Program Files\dotnet\;C:\Users\rethessh.ed\AppData\Local\Programs\Python\Python314\Scripts\;C:\Users\rethessh.ed\AppData\Local\Programs\Python\Python314\;C:\Users\rethessh.ed\AppData\Local\Programs\Python\Launcher\;C:\Users\rethessh.ed\AppData\Local\Microsoft\WindowsApps;C:\Users\rethessh.ed\AppData\Local\Programs\Microsoft VS Code\bin;C:\Users\rethessh.ed\AppData\Local\Programs\Git\cmd;C:\Users\rethessh.ed\Downloads\spring-tools-for-eclipse-5.1.1.RELEASE-e4.39.0-win32.win32.x86_64\sts-5.1.1.RELEASE;
USERNAME=rethessh.ed
OS=Windows_NT
PROCESSOR_IDENTIFIER=Intel64 Family 6 Model 58 Stepping 9, GenuineIntel



---------------  S Y S T E M  ---------------

OS:
 Windows 10 , 64 bit Build 19041 (10.0.19041.5915)
OS uptime: 0 days 6:10 hours

CPU: total 4 (initial active 4) (4 cores per cpu, 1 threads per core) family 6 model 58 stepping 9 microcode 0x21, cx8, cmov, fxsr, mmx, sse, sse2, sse3, ssse3, sse4.1, sse4.2, popcnt, tsc, tscinvbit, avx, aes, erms, clmul, vzeroupper, clflush

Memory: 4k page, system-wide physical 8078M (505M free)
TotalPageFile size 12174M (AvailPageFile size 1M)
current process WorkingSet (physical memory assigned to process): 103M, peak: 103M
current process commit charge ("private bytes"): 225M, peak: 225M

vm_info: Java HotSpot(TM) 64-Bit Server VM (17.0.12+8-LTS-286) for windows-amd64 JRE (17.0.12+8-LTS-286), built on Jun  5 2024 06:46:59 by "mach5one" with MS VC++ 17.6 (VS2022)

END.
