#
# There is insufficient memory for the Java Runtime Environment to continue.
# Native memory allocation (malloc) failed to allocate 32744 bytes for ChunkPool::allocate
# Possible reasons:
#   The system is out of physical RAM or swap space
#   The process is running with CompressedOops enabled, and the Java Heap may be blocking the growth of the native heap
# Possible solutions:
#   Reduce memory load on the system
#   Increase physical memory or swap space
#   Check if swap backing store is full
#   Decrease Java heap size (-Xmx/-Xms)
#   Decrease number of Java threads
#   Decrease Java thread stack sizes (-Xss)
#   Set larger code cache with -XX:ReservedCodeCacheSize=
#   JVM is running with Unscaled Compressed Oops mode in which the Java heap is
#     placed in the first 4GB address space. The Java Heap base address is the
#     maximum limit for the native heap growth. Please use -XX:HeapBaseMinAddress
#     to set the Java Heap base and to place the Java Heap above 4GB virtual address.
# This output file may be truncated or incomplete.
#
#  Out of Memory Error (arena.cpp:78), pid=5952, tid=13968
#
# JRE version: Java(TM) SE Runtime Environment (17.0.12+8) (build 17.0.12+8-LTS-286)
# Java VM: Java HotSpot(TM) 64-Bit Server VM (17.0.12+8-LTS-286, mixed mode, emulated-client, sharing, tiered, compressed oops, compressed class ptrs, g1 gc, windows-amd64)
# No core dump will be written. Minidumps are not enabled by default on client versions of Windows
#

---------------  S U M M A R Y ------------

Command Line: -Dcom.sun.management.jmxremote -Dcom.sun.management.jmxremote.port=53191 -Dcom.sun.management.jmxremote.authenticate=false -Dcom.sun.management.jmxremote.ssl=false -Djava.rmi.server.hostname=localhost -Dspring.jmx.enabled=true -Dmanagement.endpoints.jmx.exposure.include=* -Dspring.application.admin.enabled=true -Dspring.output.ansi.enabled=always -XX:TieredStopAtLevel=1 -Dspring.boot.project.name=SBSecurityDemo -Dfile.encoding=UTF-8 -Dstdout.encoding=UTF-8 -Dstderr.encoding=UTF-8 -XX:+ShowCodeDetailsInExceptionMessages -agentpath:C:\Program Files\SentinelOne\Sentinel Agent 25.1.3.334\SentinelJava64.dll=extendedCapabilities com.example.demo.SbSecurityDemoApplication

Host: Intel(R) Core(TM) i5-3470 CPU @ 3.20GHz, 4 cores, 7G,  Windows 10 , 64 bit Build 19041 (10.0.19041.5915)
Time: Fri May  8 16:25:12 2026 India Standard Time elapsed time: 2.548450 seconds (0d 0h 0m 2s)

---------------  T H R E A D  ---------------

Current thread (0x00000203fbb30ea0):  JavaThread "C1 CompilerThread0" daemon [_thread_in_vm, id=13968, stack(0x000000c59aa00000,0x000000c59ab00000)]


Current CompileTask:
C1:   2553 2839       1       sun.net.www.MessageHeader::grow (92 bytes)

Stack: [0x000000c59aa00000,0x000000c59ab00000]
Native frames: (J=compiled Java code, j=interpreted, Vv=VM code, C=native code)
V  [jvm.dll+0x67a04a]
V  [jvm.dll+0x7da4ed]
V  [jvm.dll+0x7dbe33]
V  [jvm.dll+0x7dc4a3]
V  [jvm.dll+0x24508f]
V  [jvm.dll+0xab9a4]
V  [jvm.dll+0xabd3c]
V  [jvm.dll+0x1d2d9b]
V  [jvm.dll+0x1c04a5]
V  [jvm.dll+0x225fa3]
V  [jvm.dll+0x2242ab]
V  [jvm.dll+0x79075c]
V  [jvm.dll+0x78abea]
V  [jvm.dll+0x678f35]
C  [ucrtbase.dll+0x21bb2]
C  [KERNEL32.DLL+0x17374]
C  [ntdll.dll+0x4cc91]


---------------  P R O C E S S  ---------------

Threads class SMR info:
_java_thread_list=0x0000020441d95810, length=22, elements={
0x00000203ea372020, 0x00000203ea1d20c0, 0x00000203fbb12970, 0x00000203fbb1d590,
0x00000203fbb27490, 0x00000203fbb2b4c0, 0x00000203fbb2f490, 0x00000203fbb30ea0,
0x00000203fbb38170, 0x00000203ea1b1040, 0x00000203ea1b1920, 0x00000203fbc705d0,
0x000002044132a510, 0x000002044132ab70, 0x00000204412d4af0, 0x00000204416125e0,
0x000002044165ad40, 0x00000204416606a0, 0x0000020441660bb0, 0x000002044165f260,
0x000002044165fc80, 0x0000020441b4af00
}

Java Threads: ( => current thread )
  0x00000203ea372020 JavaThread "main" [_thread_blocked, id=12612, stack(0x000000c599d00000,0x000000c599e00000)]
  0x00000203ea1d20c0 JavaThread "Reference Handler" daemon [_thread_blocked, id=12704, stack(0x000000c59a400000,0x000000c59a500000)]
  0x00000203fbb12970 JavaThread "Finalizer" daemon [_thread_blocked, id=8864, stack(0x000000c59a500000,0x000000c59a600000)]
  0x00000203fbb1d590 JavaThread "Signal Dispatcher" daemon [_thread_blocked, id=8260, stack(0x000000c59a600000,0x000000c59a700000)]
  0x00000203fbb27490 JavaThread "Attach Listener" daemon [_thread_blocked, id=10620, stack(0x000000c59a700000,0x000000c59a800000)]
  0x00000203fbb2b4c0 JavaThread "Service Thread" daemon [_thread_blocked, id=7068, stack(0x000000c59a800000,0x000000c59a900000)]
  0x00000203fbb2f490 JavaThread "Monitor Deflation Thread" daemon [_thread_blocked, id=16768, stack(0x000000c59a900000,0x000000c59aa00000)]
=>0x00000203fbb30ea0 JavaThread "C1 CompilerThread0" daemon [_thread_in_vm, id=13968, stack(0x000000c59aa00000,0x000000c59ab00000)]
  0x00000203fbb38170 JavaThread "Sweeper thread" daemon [_thread_blocked, id=16368, stack(0x000000c59ab00000,0x000000c59ac00000)]
  0x00000203ea1b1040 JavaThread "Common-Cleaner" daemon [_thread_blocked, id=15232, stack(0x000000c59ac00000,0x000000c59ad00000)]
  0x00000203ea1b1920 JavaThread "C1 CompilerThread1" daemon [_thread_blocked, id=11788, stack(0x000000c59ad00000,0x000000c59ae00000)]
  0x00000203fbc705d0 JavaThread "Notification Thread" daemon [_thread_blocked, id=17004, stack(0x000000c59ae00000,0x000000c59af00000)]
  0x000002044132a510 JavaThread "RMI TCP Accept-0" daemon [_thread_in_native, id=8708, stack(0x000000c59af00000,0x000000c59b000000)]
  0x000002044132ab70 JavaThread "RMI TCP Accept-53191" daemon [_thread_in_native, id=2224, stack(0x000000c59b000000,0x000000c59b100000)]
  0x00000204412d4af0 JavaThread "RMI TCP Accept-0" daemon [_thread_in_native, id=7848, stack(0x000000c59b100000,0x000000c59b200000)]
  0x00000204416125e0 JavaThread "RMI TCP Connection(1)-127.0.0.1" daemon [_thread_in_native, id=15864, stack(0x000000c59b800000,0x000000c59b900000)]
  0x000002044165ad40 JavaThread "RMI Scheduler(0)" daemon [_thread_blocked, id=6540, stack(0x000000c59b900000,0x000000c59ba00000)]
  0x00000204416606a0 JavaThread "RMI TCP Connection(2)-127.0.0.1" daemon [_thread_in_native, id=4352, stack(0x000000c59ba00000,0x000000c59bb00000)]
  0x0000020441660bb0 JavaThread "JMX server connection timeout 21" daemon [_thread_blocked, id=11700, stack(0x000000c59bb00000,0x000000c59bc00000)]
  0x000002044165f260 JavaThread "Thread-0" [_thread_blocked, id=8860, stack(0x000000c59bc00000,0x000000c59bd00000)]
  0x000002044165fc80 JavaThread "restartedMain" [_thread_blocked, id=16464, stack(0x000000c59bd00000,0x000000c59be00000)]
  0x0000020441b4af00 JavaThread "C1 CompilerThread2" daemon [_thread_blocked, id=16952, stack(0x000000c59bf00000,0x000000c59c000000)]

Other Threads:
  0x00000203ea1ca440 VMThread "VM Thread" [stack: 0x000000c59a300000,0x000000c59a400000] [id=16644] _threads_hazard_ptr=0x0000020441d95810
  0x00000203ea37e5b0 WatcherThread [stack: 0x000000c59b200000,0x000000c59b300000] [id=2600]
  0x00000203ea0009e0 GCTaskThread "GC Thread#0" [stack: 0x000000c599e00000,0x000000c599f00000] [id=13048]
  0x00000203fbcb3150 GCTaskThread "GC Thread#1" [stack: 0x000000c59b300000,0x000000c59b400000] [id=15456]
  0x00000203fbcb2650 GCTaskThread "GC Thread#2" [stack: 0x000000c59b400000,0x000000c59b500000] [id=8868]
  0x00000203fbcb20d0 GCTaskThread "GC Thread#3" [stack: 0x000000c59b500000,0x000000c59b600000] [id=13228]
  0x00000203ea3bc210 ConcurrentGCThread "G1 Main Marker" [stack: 0x000000c599f00000,0x000000c59a000000] [id=12752]
  0x00000203ea3beae0 ConcurrentGCThread "G1 Conc#0" [stack: 0x000000c59a000000,0x000000c59a100000] [id=16264]
  0x00000203ea07ad00 ConcurrentGCThread "G1 Refine#0" [stack: 0x000000c59a100000,0x000000c59a200000] [id=12096]
  0x00000204413b1fc0 ConcurrentGCThread "G1 Refine#1" [stack: 0x000000c59b600000,0x000000c59b700000] [id=5736]
  0x00000204413c8560 ConcurrentGCThread "G1 Refine#2" [stack: 0x000000c59b700000,0x000000c59b800000] [id=14592]
  0x00000203ea07b740 ConcurrentGCThread "G1 Service" [stack: 0x000000c59a200000,0x000000c59a300000] [id=17236]

Threads with active compile tasks:
C1 CompilerThread0     2700 2839       1       sun.net.www.MessageHeader::grow (92 bytes)

VM state: synchronizing (normal execution)

VM Mutex/Monitor currently owned by a thread:  ([mutex/lock_event])
[0x00000203e7bdc810] Threads_lock - owner thread: 0x00000203ea1ca440

Heap address: 0x0000000081c00000, size: 2020 MB, Compressed Oops mode: 32-bit

CDS archive(s) mapped at: [0x00000203fc000000-0x00000203fcbd0000-0x00000203fcbd0000), size 12386304, SharedBaseAddress: 0x00000203fc000000, ArchiveRelocationMode: 1.
Compressed class space mapped at: 0x00000203fd000000-0x000002043d000000, reserved size: 1073741824
Narrow klass base: 0x00000203fc000000, Narrow klass shift: 0, Narrow klass range: 0x100000000

GC Precious Log:
 CPUs: 4 total, 4 available
 Memory: 8078M
 Large Page Support: Disabled
 NUMA Support: Disabled
 Compressed Oops: Enabled (32-bit)
 Heap Region Size: 1M
 Heap Min Capacity: 8M
 Heap Initial Capacity: 128M
 Heap Max Capacity: 2020M
 Pre-touch: Disabled
 Parallel Workers: 4
 Concurrent Workers: 1
 Concurrent Refinement Workers: 4
 Periodic GC: Disabled

Heap:
 garbage-first heap   total 131072K, used 80883K [0x0000000081c00000, 0x0000000100000000)
  region size 1024K, 74 young (75776K), 3 survivors (3072K)
 Metaspace       used 20860K, committed 21248K, reserved 1114112K
  class space    used 2866K, committed 3072K, reserved 1048576K

Heap Regions: E=young(eden), S=young(survivor), O=old, HS=humongous(starts), HC=humongous(continues), CS=collection set, F=free, OA=open archive, CA=closed archive, TAMS=top-at-mark-start (previous, next)
|   0|0x0000000081c00000, 0x0000000081d00000, 0x0000000081d00000|100%|HS|  |TAMS 0x0000000081c00000, 0x0000000081c00000| Complete 
|   1|0x0000000081d00000, 0x0000000081e00000, 0x0000000081e00000|100%|HS|  |TAMS 0x0000000081d00000, 0x0000000081d00000| Complete 
|   2|0x0000000081e00000, 0x0000000081f00000, 0x0000000081f00000|100%| O|  |TAMS 0x0000000081e00000, 0x0000000081e00000| Untracked 
|   3|0x0000000081f00000, 0x0000000082000000, 0x0000000082000000|100%| O|  |TAMS 0x0000000081f00000, 0x0000000081f00000| Untracked 
|   4|0x0000000082000000, 0x0000000082100000, 0x0000000082100000|100%| O|  |TAMS 0x0000000082000000, 0x0000000082000000| Untracked 
|   5|0x0000000082100000, 0x0000000082200000, 0x0000000082200000|100%| O|  |TAMS 0x0000000082100000, 0x0000000082100000| Untracked 
|   6|0x0000000082200000, 0x0000000082300000, 0x0000000082300000|100%| O|  |TAMS 0x0000000082200000, 0x0000000082200000| Untracked 
|   7|0x0000000082300000, 0x000000008234a200, 0x0000000082400000| 28%| O|  |TAMS 0x0000000082300000, 0x0000000082300000| Untracked 
|   8|0x0000000082400000, 0x0000000082400000, 0x0000000082500000|  0%| F|  |TAMS 0x0000000082400000, 0x0000000082400000| Untracked 
|   9|0x0000000082500000, 0x0000000082500000, 0x0000000082600000|  0%| F|  |TAMS 0x0000000082500000, 0x0000000082500000| Untracked 
|  10|0x0000000082600000, 0x0000000082600000, 0x0000000082700000|  0%| F|  |TAMS 0x0000000082600000, 0x0000000082600000| Untracked 
|  11|0x0000000082700000, 0x0000000082700000, 0x0000000082800000|  0%| F|  |TAMS 0x0000000082700000, 0x0000000082700000| Untracked 
|  12|0x0000000082800000, 0x0000000082800000, 0x0000000082900000|  0%| F|  |TAMS 0x0000000082800000, 0x0000000082800000| Untracked 
|  13|0x0000000082900000, 0x0000000082900000, 0x0000000082a00000|  0%| F|  |TAMS 0x0000000082900000, 0x0000000082900000| Untracked 
|  14|0x0000000082a00000, 0x0000000082a00000, 0x0000000082b00000|  0%| F|  |TAMS 0x0000000082a00000, 0x0000000082a00000| Untracked 
|  15|0x0000000082b00000, 0x0000000082b00000, 0x0000000082c00000|  0%| F|  |TAMS 0x0000000082b00000, 0x0000000082b00000| Untracked 
|  16|0x0000000082c00000, 0x0000000082c00000, 0x0000000082d00000|  0%| F|  |TAMS 0x0000000082c00000, 0x0000000082c00000| Untracked 
|  17|0x0000000082d00000, 0x0000000082d00000, 0x0000000082e00000|  0%| F|  |TAMS 0x0000000082d00000, 0x0000000082d00000| Untracked 
|  18|0x0000000082e00000, 0x0000000082e00000, 0x0000000082f00000|  0%| F|  |TAMS 0x0000000082e00000, 0x0000000082e00000| Untracked 
|  19|0x0000000082f00000, 0x0000000082f00000, 0x0000000083000000|  0%| F|  |TAMS 0x0000000082f00000, 0x0000000082f00000| Untracked 
|  20|0x0000000083000000, 0x0000000083000000, 0x0000000083100000|  0%| F|  |TAMS 0x0000000083000000, 0x0000000083000000| Untracked 
|  21|0x0000000083100000, 0x0000000083100000, 0x0000000083200000|  0%| F|  |TAMS 0x0000000083100000, 0x0000000083100000| Untracked 
|  22|0x0000000083200000, 0x0000000083200000, 0x0000000083300000|  0%| F|  |TAMS 0x0000000083200000, 0x0000000083200000| Untracked 
|  23|0x0000000083300000, 0x0000000083300000, 0x0000000083400000|  0%| F|  |TAMS 0x0000000083300000, 0x0000000083300000| Untracked 
|  24|0x0000000083400000, 0x0000000083400000, 0x0000000083500000|  0%| F|  |TAMS 0x0000000083400000, 0x0000000083400000| Untracked 
|  25|0x0000000083500000, 0x0000000083500000, 0x0000000083600000|  0%| F|  |TAMS 0x0000000083500000, 0x0000000083500000| Untracked 
|  26|0x0000000083600000, 0x0000000083600000, 0x0000000083700000|  0%| F|  |TAMS 0x0000000083600000, 0x0000000083600000| Untracked 
|  27|0x0000000083700000, 0x0000000083700000, 0x0000000083800000|  0%| F|  |TAMS 0x0000000083700000, 0x0000000083700000| Untracked 
|  28|0x0000000083800000, 0x0000000083800000, 0x0000000083900000|  0%| F|  |TAMS 0x0000000083800000, 0x0000000083800000| Untracked 
|  29|0x0000000083900000, 0x0000000083900000, 0x0000000083a00000|  0%| F|  |TAMS 0x0000000083900000, 0x0000000083900000| Untracked 
|  30|0x0000000083a00000, 0x0000000083a00000, 0x0000000083b00000|  0%| F|  |TAMS 0x0000000083a00000, 0x0000000083a00000| Untracked 
|  31|0x0000000083b00000, 0x0000000083b00000, 0x0000000083c00000|  0%| F|  |TAMS 0x0000000083b00000, 0x0000000083b00000| Untracked 
|  32|0x0000000083c00000, 0x0000000083c00000, 0x0000000083d00000|  0%| F|  |TAMS 0x0000000083c00000, 0x0000000083c00000| Untracked 
|  33|0x0000000083d00000, 0x0000000083d00000, 0x0000000083e00000|  0%| F|  |TAMS 0x0000000083d00000, 0x0000000083d00000| Untracked 
|  34|0x0000000083e00000, 0x0000000083e00000, 0x0000000083f00000|  0%| F|  |TAMS 0x0000000083e00000, 0x0000000083e00000| Untracked 
|  35|0x0000000083f00000, 0x0000000083f00000, 0x0000000084000000|  0%| F|  |TAMS 0x0000000083f00000, 0x0000000083f00000| Untracked 
|  36|0x0000000084000000, 0x0000000084000000, 0x0000000084100000|  0%| F|  |TAMS 0x0000000084000000, 0x0000000084000000| Untracked 
|  37|0x0000000084100000, 0x0000000084100000, 0x0000000084200000|  0%| F|  |TAMS 0x0000000084100000, 0x0000000084100000| Untracked 
|  38|0x0000000084200000, 0x0000000084200000, 0x0000000084300000|  0%| F|  |TAMS 0x0000000084200000, 0x0000000084200000| Untracked 
|  39|0x0000000084300000, 0x0000000084300000, 0x0000000084400000|  0%| F|  |TAMS 0x0000000084300000, 0x0000000084300000| Untracked 
|  40|0x0000000084400000, 0x0000000084400000, 0x0000000084500000|  0%| F|  |TAMS 0x0000000084400000, 0x0000000084400000| Untracked 
|  41|0x0000000084500000, 0x0000000084500000, 0x0000000084600000|  0%| F|  |TAMS 0x0000000084500000, 0x0000000084500000| Untracked 
|  42|0x0000000084600000, 0x0000000084600000, 0x0000000084700000|  0%| F|  |TAMS 0x0000000084600000, 0x0000000084600000| Untracked 
|  43|0x0000000084700000, 0x0000000084700000, 0x0000000084800000|  0%| F|  |TAMS 0x0000000084700000, 0x0000000084700000| Untracked 
|  44|0x0000000084800000, 0x0000000084800000, 0x0000000084900000|  0%| F|  |TAMS 0x0000000084800000, 0x0000000084800000| Untracked 
|  45|0x0000000084900000, 0x0000000084900000, 0x0000000084a00000|  0%| F|  |TAMS 0x0000000084900000, 0x0000000084900000| Untracked 
|  46|0x0000000084a00000, 0x0000000084a00000, 0x0000000084b00000|  0%| F|  |TAMS 0x0000000084a00000, 0x0000000084a00000| Untracked 
|  47|0x0000000084b00000, 0x0000000084b00000, 0x0000000084c00000|  0%| F|  |TAMS 0x0000000084b00000, 0x0000000084b00000| Untracked 
|  48|0x0000000084c00000, 0x0000000084c00000, 0x0000000084d00000|  0%| F|  |TAMS 0x0000000084c00000, 0x0000000084c00000| Untracked 
|  49|0x0000000084d00000, 0x0000000084d00000, 0x0000000084e00000|  0%| F|  |TAMS 0x0000000084d00000, 0x0000000084d00000| Untracked 
|  50|0x0000000084e00000, 0x0000000084e00000, 0x0000000084f00000|  0%| F|  |TAMS 0x0000000084e00000, 0x0000000084e00000| Untracked 
|  51|0x0000000084f00000, 0x0000000084f00000, 0x0000000085000000|  0%| F|  |TAMS 0x0000000084f00000, 0x0000000084f00000| Untracked 
|  52|0x0000000085000000, 0x0000000085000000, 0x0000000085100000|  0%| F|  |TAMS 0x0000000085000000, 0x0000000085000000| Untracked 
|  53|0x0000000085100000, 0x0000000085100000, 0x0000000085200000|  0%| F|  |TAMS 0x0000000085100000, 0x0000000085100000| Untracked 
|  54|0x0000000085200000, 0x0000000085280800, 0x0000000085300000| 50%| E|  |TAMS 0x0000000085200000, 0x0000000085200000| Complete 
|  55|0x0000000085300000, 0x0000000085400000, 0x0000000085400000|100%| E|CS|TAMS 0x0000000085300000, 0x0000000085300000| Complete 
|  56|0x0000000085400000, 0x0000000085500000, 0x0000000085500000|100%| E|CS|TAMS 0x0000000085400000, 0x0000000085400000| Complete 
|  57|0x0000000085500000, 0x0000000085600000, 0x0000000085600000|100%| E|CS|TAMS 0x0000000085500000, 0x0000000085500000| Complete 
|  58|0x0000000085600000, 0x0000000085700000, 0x0000000085700000|100%| E|CS|TAMS 0x0000000085600000, 0x0000000085600000| Complete 
|  59|0x0000000085700000, 0x0000000085800000, 0x0000000085800000|100%| E|CS|TAMS 0x0000000085700000, 0x0000000085700000| Complete 
|  60|0x0000000085800000, 0x0000000085900000, 0x0000000085900000|100%| E|CS|TAMS 0x0000000085800000, 0x0000000085800000| Complete 
|  61|0x0000000085900000, 0x0000000085a00000, 0x0000000085a00000|100%| E|CS|TAMS 0x0000000085900000, 0x0000000085900000| Complete 
|  62|0x0000000085a00000, 0x0000000085b00000, 0x0000000085b00000|100%| E|CS|TAMS 0x0000000085a00000, 0x0000000085a00000| Complete 
|  63|0x0000000085b00000, 0x0000000085c00000, 0x0000000085c00000|100%| E|CS|TAMS 0x0000000085b00000, 0x0000000085b00000| Complete 
|  64|0x0000000085c00000, 0x0000000085d00000, 0x0000000085d00000|100%| E|CS|TAMS 0x0000000085c00000, 0x0000000085c00000| Complete 
|  65|0x0000000085d00000, 0x0000000085e00000, 0x0000000085e00000|100%| E|CS|TAMS 0x0000000085d00000, 0x0000000085d00000| Complete 
|  66|0x0000000085e00000, 0x0000000085f00000, 0x0000000085f00000|100%| E|CS|TAMS 0x0000000085e00000, 0x0000000085e00000| Complete 
|  67|0x0000000085f00000, 0x0000000086000000, 0x0000000086000000|100%| E|CS|TAMS 0x0000000085f00000, 0x0000000085f00000| Complete 
|  68|0x0000000086000000, 0x0000000086100000, 0x0000000086100000|100%| E|CS|TAMS 0x0000000086000000, 0x0000000086000000| Complete 
|  69|0x0000000086100000, 0x0000000086200000, 0x0000000086200000|100%| E|CS|TAMS 0x0000000086100000, 0x0000000086100000| Complete 
|  70|0x0000000086200000, 0x0000000086300000, 0x0000000086300000|100%| E|CS|TAMS 0x0000000086200000, 0x0000000086200000| Complete 
|  71|0x0000000086300000, 0x0000000086400000, 0x0000000086400000|100%| E|CS|TAMS 0x0000000086300000, 0x0000000086300000| Complete 
|  72|0x0000000086400000, 0x0000000086500000, 0x0000000086500000|100%| E|CS|TAMS 0x0000000086400000, 0x0000000086400000| Complete 
|  73|0x0000000086500000, 0x0000000086600000, 0x0000000086600000|100%| E|CS|TAMS 0x0000000086500000, 0x0000000086500000| Complete 
|  74|0x0000000086600000, 0x0000000086700000, 0x0000000086700000|100%| E|CS|TAMS 0x0000000086600000, 0x0000000086600000| Complete 
|  75|0x0000000086700000, 0x0000000086800000, 0x0000000086800000|100%| E|CS|TAMS 0x0000000086700000, 0x0000000086700000| Complete 
|  76|0x0000000086800000, 0x0000000086900000, 0x0000000086900000|100%| E|CS|TAMS 0x0000000086800000, 0x0000000086800000| Complete 
|  77|0x0000000086900000, 0x0000000086a00000, 0x0000000086a00000|100%| E|CS|TAMS 0x0000000086900000, 0x0000000086900000| Complete 
|  78|0x0000000086a00000, 0x0000000086b00000, 0x0000000086b00000|100%| E|CS|TAMS 0x0000000086a00000, 0x0000000086a00000| Complete 
|  79|0x0000000086b00000, 0x0000000086c00000, 0x0000000086c00000|100%| E|CS|TAMS 0x0000000086b00000, 0x0000000086b00000| Complete 
|  80|0x0000000086c00000, 0x0000000086d00000, 0x0000000086d00000|100%| E|CS|TAMS 0x0000000086c00000, 0x0000000086c00000| Complete 
|  81|0x0000000086d00000, 0x0000000086e00000, 0x0000000086e00000|100%| E|CS|TAMS 0x0000000086d00000, 0x0000000086d00000| Complete 
|  82|0x0000000086e00000, 0x0000000086f00000, 0x0000000086f00000|100%| E|CS|TAMS 0x0000000086e00000, 0x0000000086e00000| Complete 
|  83|0x0000000086f00000, 0x0000000087000000, 0x0000000087000000|100%| E|CS|TAMS 0x0000000086f00000, 0x0000000086f00000| Complete 
|  84|0x0000000087000000, 0x0000000087100000, 0x0000000087100000|100%| E|CS|TAMS 0x0000000087000000, 0x0000000087000000| Complete 
|  85|0x0000000087100000, 0x0000000087200000, 0x0000000087200000|100%| E|CS|TAMS 0x0000000087100000, 0x0000000087100000| Complete 
|  86|0x0000000087200000, 0x0000000087300000, 0x0000000087300000|100%| E|CS|TAMS 0x0000000087200000, 0x0000000087200000| Complete 
|  87|0x0000000087300000, 0x0000000087400000, 0x0000000087400000|100%| E|  |TAMS 0x0000000087300000, 0x0000000087300000| Complete 
|  88|0x0000000087400000, 0x0000000087500000, 0x0000000087500000|100%| E|CS|TAMS 0x0000000087400000, 0x0000000087400000| Complete 
|  89|0x0000000087500000, 0x0000000087600000, 0x0000000087600000|100%| E|CS|TAMS 0x0000000087500000, 0x0000000087500000| Complete 
|  90|0x0000000087600000, 0x0000000087700000, 0x0000000087700000|100%| E|CS|TAMS 0x0000000087600000, 0x0000000087600000| Complete 
|  91|0x0000000087700000, 0x0000000087800000, 0x0000000087800000|100%| E|CS|TAMS 0x0000000087700000, 0x0000000087700000| Complete 
|  92|0x0000000087800000, 0x0000000087900000, 0x0000000087900000|100%| E|CS|TAMS 0x0000000087800000, 0x0000000087800000| Complete 
|  93|0x0000000087900000, 0x0000000087a00000, 0x0000000087a00000|100%| E|CS|TAMS 0x0000000087900000, 0x0000000087900000| Complete 
|  94|0x0000000087a00000, 0x0000000087b00000, 0x0000000087b00000|100%| E|CS|TAMS 0x0000000087a00000, 0x0000000087a00000| Complete 
|  95|0x0000000087b00000, 0x0000000087c00000, 0x0000000087c00000|100%| E|CS|TAMS 0x0000000087b00000, 0x0000000087b00000| Complete 
|  96|0x0000000087c00000, 0x0000000087d00000, 0x0000000087d00000|100%| E|CS|TAMS 0x0000000087c00000, 0x0000000087c00000| Complete 
|  97|0x0000000087d00000, 0x0000000087e00000, 0x0000000087e00000|100%| E|CS|TAMS 0x0000000087d00000, 0x0000000087d00000| Complete 
|  98|0x0000000087e00000, 0x0000000087f00000, 0x0000000087f00000|100%| E|CS|TAMS 0x0000000087e00000, 0x0000000087e00000| Complete 
|  99|0x0000000087f00000, 0x0000000088000000, 0x0000000088000000|100%| E|CS|TAMS 0x0000000087f00000, 0x0000000087f00000| Complete 
| 100|0x0000000088000000, 0x00000000880b2da0, 0x0000000088100000| 69%| S|CS|TAMS 0x0000000088000000, 0x0000000088000000| Complete 
| 101|0x0000000088100000, 0x0000000088200000, 0x0000000088200000|100%| S|CS|TAMS 0x0000000088100000, 0x0000000088100000| Complete 
| 102|0x0000000088200000, 0x0000000088300000, 0x0000000088300000|100%| S|CS|TAMS 0x0000000088200000, 0x0000000088200000| Complete 
| 103|0x0000000088300000, 0x0000000088400000, 0x0000000088400000|100%| E|CS|TAMS 0x0000000088300000, 0x0000000088300000| Complete 
| 104|0x0000000088400000, 0x0000000088500000, 0x0000000088500000|100%| E|CS|TAMS 0x0000000088400000, 0x0000000088400000| Complete 
| 105|0x0000000088500000, 0x0000000088600000, 0x0000000088600000|100%| E|CS|TAMS 0x0000000088500000, 0x0000000088500000| Complete 
| 106|0x0000000088600000, 0x0000000088700000, 0x0000000088700000|100%| E|CS|TAMS 0x0000000088600000, 0x0000000088600000| Complete 
| 107|0x0000000088700000, 0x0000000088800000, 0x0000000088800000|100%| E|CS|TAMS 0x0000000088700000, 0x0000000088700000| Complete 
| 108|0x0000000088800000, 0x0000000088900000, 0x0000000088900000|100%| E|CS|TAMS 0x0000000088800000, 0x0000000088800000| Complete 
| 109|0x0000000088900000, 0x0000000088a00000, 0x0000000088a00000|100%| E|CS|TAMS 0x0000000088900000, 0x0000000088900000| Complete 
| 110|0x0000000088a00000, 0x0000000088b00000, 0x0000000088b00000|100%| E|CS|TAMS 0x0000000088a00000, 0x0000000088a00000| Complete 
| 111|0x0000000088b00000, 0x0000000088c00000, 0x0000000088c00000|100%| E|CS|TAMS 0x0000000088b00000, 0x0000000088b00000| Complete 
| 112|0x0000000088c00000, 0x0000000088d00000, 0x0000000088d00000|100%| E|CS|TAMS 0x0000000088c00000, 0x0000000088c00000| Complete 
| 113|0x0000000088d00000, 0x0000000088e00000, 0x0000000088e00000|100%| E|CS|TAMS 0x0000000088d00000, 0x0000000088d00000| Complete 
| 114|0x0000000088e00000, 0x0000000088f00000, 0x0000000088f00000|100%| E|CS|TAMS 0x0000000088e00000, 0x0000000088e00000| Complete 
| 115|0x0000000088f00000, 0x0000000089000000, 0x0000000089000000|100%| E|CS|TAMS 0x0000000088f00000, 0x0000000088f00000| Complete 
| 116|0x0000000089000000, 0x0000000089100000, 0x0000000089100000|100%| E|CS|TAMS 0x0000000089000000, 0x0000000089000000| Complete 
| 117|0x0000000089100000, 0x0000000089200000, 0x0000000089200000|100%| E|CS|TAMS 0x0000000089100000, 0x0000000089100000| Complete 
| 118|0x0000000089200000, 0x0000000089300000, 0x0000000089300000|100%| E|CS|TAMS 0x0000000089200000, 0x0000000089200000| Complete 
| 119|0x0000000089300000, 0x0000000089400000, 0x0000000089400000|100%| E|CS|TAMS 0x0000000089300000, 0x0000000089300000| Complete 
| 120|0x0000000089400000, 0x0000000089500000, 0x0000000089500000|100%| E|CS|TAMS 0x0000000089400000, 0x0000000089400000| Complete 
| 121|0x0000000089500000, 0x0000000089600000, 0x0000000089600000|100%| E|CS|TAMS 0x0000000089500000, 0x0000000089500000| Complete 
| 122|0x0000000089600000, 0x0000000089700000, 0x0000000089700000|100%| E|CS|TAMS 0x0000000089600000, 0x0000000089600000| Complete 
| 123|0x0000000089700000, 0x0000000089800000, 0x0000000089800000|100%| E|CS|TAMS 0x0000000089700000, 0x0000000089700000| Complete 
| 124|0x0000000089800000, 0x0000000089900000, 0x0000000089900000|100%| E|CS|TAMS 0x0000000089800000, 0x0000000089800000| Complete 
| 125|0x0000000089900000, 0x0000000089a00000, 0x0000000089a00000|100%| E|CS|TAMS 0x0000000089900000, 0x0000000089900000| Complete 
| 126|0x0000000089a00000, 0x0000000089b00000, 0x0000000089b00000|100%| E|CS|TAMS 0x0000000089a00000, 0x0000000089a00000| Complete 
| 127|0x0000000089b00000, 0x0000000089c00000, 0x0000000089c00000|100%| E|CS|TAMS 0x0000000089b00000, 0x0000000089b00000| Complete 

Card table byte_map: [0x00000203f4fb0000,0x00000203f53b0000] _byte_map_base: 0x00000203f4ba2000

Marking Bits (Prev, Next): (CMBitMap*) 0x00000203ea3b70b0, (CMBitMap*) 0x00000203ea3b70f0
 Prev Bits: [0x00000203f57b0000, 0x00000203f7740000)
 Next Bits: [0x00000203f7740000, 0x00000203f96d0000)

Polling page: 0x00000203e9ac0000

Metaspace:

Usage:
  Non-class:     17.57 MB used.
      Class:      2.80 MB used.
       Both:     20.37 MB used.

Virtual space:
  Non-class space:       64.00 MB reserved,      17.75 MB ( 28%) committed,  1 nodes.
      Class space:        1.00 GB reserved,       3.00 MB ( <1%) committed,  1 nodes.
             Both:        1.06 GB reserved,      20.75 MB (  2%) committed. 

Chunk freelists:
   Non-Class:  13.58 MB
       Class:  13.05 MB
        Both:  26.62 MB

MaxMetaspaceSize: unlimited
CompressedClassSpaceSize: 1.00 GB
Initial GC threshold: 21.00 MB
Current GC threshold: 21.00 MB
CDS: on
MetaspaceReclaimPolicy: balanced
 - commit_granule_bytes: 65536.
 - commit_granule_words: 8192.
 - virtual_space_node_default_size: 8388608.
 - enlarge_chunks_in_place: 1.
 - new_chunks_are_fully_committed: 0.
 - uncommit_free_chunks: 1.
 - use_allocation_guard: 0.
 - handle_deallocations: 1.


Internal statistics:

num_allocs_failed_limit: 0.
num_arena_births: 466.
num_arena_deaths: 0.
num_vsnodes_births: 2.
num_vsnodes_deaths: 0.
num_space_committed: 332.
num_space_uncommitted: 0.
num_chunks_returned_to_freelist: 0.
num_chunks_taken_from_freelist: 1132.
num_chunk_merges: 0.
num_chunk_splits: 780.
num_chunks_enlarged: 549.
num_inconsistent_stats: 0.

CodeCache: size=49152Kb used=6913Kb max_used=6913Kb free=42238Kb
 bounds [0x00000203f1bb0000, 0x00000203f2280000, 0x00000203f4bb0000]
 total_blobs=3423 nmethods=2906 adapters=442
 compilation: disabled (not enough contiguous free space left)
              stopped_count=1, restarted_count=0
 full_count=1

Compilation events (20 events):
Event: 2.531 Thread 0x0000020441b4af00 nmethod 2855 0x00000203f225b110 code [0x00000203f225b2a0, 0x00000203f225b3f8]
Event: 2.531 Thread 0x0000020441b4af00 2856       1       org.springframework.core.type.classreading.MergedAnnotationReadingVisitor$ArrayVisitor::<init> (28 bytes)
Event: 2.531 Thread 0x0000020441b4af00 nmethod 2856 0x00000203f225b490 code [0x00000203f225b640, 0x00000203f225b928]
Event: 2.531 Thread 0x0000020441b4af00 2857       1       org.springframework.core.type.classreading.MergedAnnotationReadingVisitor$ArrayVisitor::visitEnd (42 bytes)
Event: 2.531 Thread 0x00000203ea1b1920 nmethod 2854 0x00000203f225ba10 code [0x00000203f225bbe0, 0x00000203f225c058]
Event: 2.531 Thread 0x00000203ea1b1920 2858       1       org.springframework.core.type.classreading.MergedAnnotationReadingVisitor$ArrayVisitor::getComponentType (48 bytes)
Event: 2.531 Thread 0x0000020441b4af00 nmethod 2857 0x00000203f225c290 code [0x00000203f225c460, 0x00000203f225c648]
Event: 2.532 Thread 0x0000020441b4af00 2859       1       org.springframework.core.type.classreading.MergedAnnotationReadingVisitor$$Lambda$517/0x00000203fd2781f8::accept (16 bytes)
Event: 2.532 Thread 0x00000203ea1b1920 nmethod 2858 0x00000203f225c790 code [0x00000203f225c960, 0x00000203f225cc08]
Event: 2.532 Thread 0x00000203ea1b1920 2860       1       org.springframework.core.type.classreading.MergedAnnotationReadingVisitor::lambda$visitArray$2 (13 bytes)
Event: 2.532 Thread 0x0000020441b4af00 nmethod 2859 0x00000203f225cd90 code [0x00000203f225cf20, 0x00000203f225d088]
Event: 2.532 Thread 0x00000203ea1b1920 nmethod 2860 0x00000203f225d190 code [0x00000203f225d320, 0x00000203f225d428]
Event: 2.532 Thread 0x0000020441b4af00 2861       1       org.springframework.core.annotation.AnnotationTypeMapping::getAnnotation (5 bytes)
Event: 2.532 Thread 0x00000203ea1b1920 2862       1       java.security.AccessController::doPrivileged (17 bytes)
Event: 2.532 Thread 0x0000020441b4af00 nmethod 2861 0x00000203f225d510 code [0x00000203f225d6a0, 0x00000203f225d778]
Event: 2.532 Thread 0x00000203ea1b1920 nmethod 2862 0x00000203f225d810 code [0x00000203f225d9c0, 0x00000203f225daf8]
Event: 2.532 Thread 0x00000203ea1b1920 2863       1       org.springframework.core.type.classreading.SimpleMethodMetadataReadingVisitor$$Lambda$515/0x00000203fd2734f8::accept (14 bytes)
Event: 2.532 Thread 0x00000203ea1b1920 nmethod 2863 0x00000203f225dc10 code [0x00000203f225dda0, 0x00000203f225dee8]
Event: 2.534 Thread 0x00000203ea1b1920 2864       1       org.springframework.core.annotation.MergedAnnotationCollectors$$Lambda$583/0x00000203fd2d2fb8::accept (15 bytes)
Event: 2.534 Thread 0x00000203ea1b1920 nmethod 2864 0x00000203f225df90 code [0x00000203f225e140, 0x00000203f225e358]

GC Heap History (6 events):
Event: 0.611 GC heap before
{Heap before GC invocations=0 (full 0):
 garbage-first heap   total 131072K, used 14336K [0x0000000081c00000, 0x0000000100000000)
  region size 1024K, 13 young (13312K), 0 survivors (0K)
 Metaspace       used 4919K, committed 5056K, reserved 1114112K
  class space    used 593K, committed 640K, reserved 1048576K
}
Event: 0.617 GC heap after
{Heap after GC invocations=1 (full 0):
 garbage-first heap   total 131072K, used 7413K [0x0000000081c00000, 0x0000000100000000)
  region size 1024K, 2 young (2048K), 2 survivors (2048K)
 Metaspace       used 4919K, committed 5056K, reserved 1114112K
  class space    used 593K, committed 640K, reserved 1048576K
}
Event: 0.881 GC heap before
{Heap before GC invocations=1 (full 0):
 garbage-first heap   total 131072K, used 19701K [0x0000000081c00000, 0x0000000100000000)
  region size 1024K, 14 young (14336K), 2 survivors (2048K)
 Metaspace       used 7417K, committed 7680K, reserved 1114112K
  class space    used 969K, committed 1088K, reserved 1048576K
}
Event: 0.886 GC heap after
{Heap after GC invocations=2 (full 0):
 garbage-first heap   total 131072K, used 8716K [0x0000000081c00000, 0x0000000100000000)
  region size 1024K, 2 young (2048K), 2 survivors (2048K)
 Metaspace       used 7417K, committed 7680K, reserved 1114112K
  class space    used 969K, committed 1088K, reserved 1048576K
}
Event: 1.388 GC heap before
{Heap before GC invocations=2 (full 0):
 garbage-first heap   total 131072K, used 31244K [0x0000000081c00000, 0x0000000100000000)
  region size 1024K, 25 young (25600K), 2 survivors (2048K)
 Metaspace       used 10603K, committed 10880K, reserved 1114112K
  class space    used 1463K, committed 1600K, reserved 1048576K
}
Event: 1.391 GC heap after
{Heap after GC invocations=3 (full 0):
 garbage-first heap   total 131072K, used 10227K [0x0000000081c00000, 0x0000000100000000)
  region size 1024K, 3 young (3072K), 3 survivors (3072K)
 Metaspace       used 10603K, committed 10880K, reserved 1114112K
  class space    used 1463K, committed 1600K, reserved 1048576K
}

Deoptimization events (0 events):
No events

Classes unloaded (0 events):
No events

Classes redefined (0 events):
No events

Internal exceptions (20 events):
Event: 1.417 Thread 0x000002044165fc80 Exception <a 'java/lang/NoSuchMethodError'{0x0000000089a54d38}: 'java.lang.Object java.lang.invoke.DirectMethodHandle$Holder.newInvokeSpecial(java.lang.Object, long)'> (0x0000000089a54d38) 
thrown [s\open\src\hotspot\share\interpreter\linkResolver.cpp, line 759]
Event: 1.417 Thread 0x000002044165fc80 Exception <a 'java/lang/NoSuchMethodError'{0x0000000089a5c3c8}: 'void java.lang.invoke.DirectMethodHandle$Holder.invokeVirtual(java.lang.Object, java.lang.Object, java.lang.Object, java.lang.Object)'> (0x0000000089a5c3c8) 
thrown [s\open\src\hotspot\share\interpreter\linkResolver.cpp, line 759]
Event: 1.431 Thread 0x000002044165fc80 Exception <a 'java/lang/NoSuchMethodError'{0x000000008991bbd0}: 'java.lang.Object java.lang.invoke.DirectMethodHandle$Holder.invokeSpecial(java.lang.Object, java.lang.Object, long, java.lang.Object, java.lang.Object, java.lang.Object, java.lang.Object, java.lang.Object, java.lang.Object)'> (0x000000008991bbd0) 
thrown [s\open\src\hotspot\share\interpreter\linkResolver.cpp, line 759]
Event: 1.431 Thread 0x000002044165fc80 Exception <a 'java/lang/NoSuchMethodError'{0x0000000089920450}: 'java.lang.Object java.lang.invoke.DelegatingMethodHandle$Holder.reinvoke_L(java.lang.Object, long, java.lang.Object, java.lang.Object, java.lang.Object, java.lang.Object, java.lang.Object, java.lang.Object)'> (0x0000000089920450) 
thrown [s\open\src\hotspot\share\interpreter\linkResolver.cpp, line 759]
Event: 1.495 Thread 0x000002044165fc80 Exception <a 'java/lang/NoSuchMethodError'{0x00000000897c87a8}: 'java.lang.Object java.lang.invoke.DirectMethodHandle$Holder.invokeSpecial(java.lang.Object, java.lang.Object, java.lang.Object, java.lang.Object, java.lang.Object, java.lang.Object, java.lang.Object, java.lang.Object, java.lang.Object)'> (0x00000000897c87a8) 
thrown [s\open\src\hotspot\share\interpreter\linkResolver.cpp, line 759]
Event: 1.496 Thread 0x000002044165fc80 Exception <a 'java/lang/NoSuchMethodError'{0x00000000897cd0d0}: 'java.lang.Object java.lang.invoke.Invokers$Holder.invoke_MT(java.lang.Object, java.lang.Object, java.lang.Object, java.lang.Object, java.lang.Object, java.lang.Object, java.lang.Object, java.lang.Object, java.lang.Object)'> (0x00000000897cd0d0) 
thrown [s\open\src\hotspot\share\interpreter\linkResolver.cpp, line 759]
Event: 1.498 Thread 0x000002044165f770 Exception <a 'java/lang/NoClassDefFoundError'{0x000000008979f3b8}: jakarta/validation/Validation> (0x000000008979f3b8) 
thrown [s\open\src\hotspot\share\classfile\systemDictionary.cpp, line 245]
Event: 1.510 Thread 0x000002044165fc80 Exception <a 'java/lang/IncompatibleClassChangeError'{0x000000008965db68}: Found class java.lang.Object, but interface was expected> (0x000000008965db68) 
thrown [s\open\src\hotspot\share\interpreter\linkResolver.cpp, line 826]
Event: 1.792 Thread 0x00000204416606a0 Exception <a 'java/lang/reflect/InvocationTargetException'{0x0000000088a48560}> (0x0000000088a48560) 
thrown [s\open\src\hotspot\share\runtime\reflection.cpp, line 1121]
Event: 1.950 Thread 0x000002044165fc80 Exception <a 'sun/nio/fs/WindowsException'{0x0000000087bf85b8}> (0x0000000087bf85b8) 
thrown [s\open\src\hotspot\share\prims\jni.cpp, line 516]
Event: 1.951 Thread 0x000002044165fc80 Exception <a 'java/lang/NoSuchMethodError'{0x0000000087bfa1c8}: 'int java.lang.invoke.DirectMethodHandle$Holder.invokeSpecial(java.lang.Object, java.lang.Object, java.lang.Object, java.lang.Object, java.lang.Object)'> (0x0000000087bfa1c8) 
thrown [s\open\src\hotspot\share\interpreter\linkResolver.cpp, line 759]
Event: 1.953 Thread 0x000002044165fc80 Exception <a 'java/lang/NoSuchMethodError'{0x0000000087a80520}: 'void java.lang.invoke.DirectMethodHandle$Holder.invokeVirtual(java.lang.Object, java.lang.Object)'> (0x0000000087a80520) 
thrown [s\open\src\hotspot\share\interpreter\linkResolver.cpp, line 759]
Event: 2.103 Thread 0x000002044165f770 Exception <a 'java/lang/NoSuchMethodError'{0x0000000086cba008}: 'long java.lang.invoke.DirectMethodHandle$Holder.invokeSpecial(java.lang.Object, java.lang.Object)'> (0x0000000086cba008) 
thrown [s\open\src\hotspot\share\interpreter\linkResolver.cpp, line 759]
Event: 2.104 Thread 0x000002044165f770 Exception <a 'java/lang/NoSuchMethodError'{0x0000000086cc4bc0}: 'long java.lang.invoke.DirectMethodHandle$Holder.invokeStatic(java.lang.Object, java.lang.Object)'> (0x0000000086cc4bc0) 
thrown [s\open\src\hotspot\share\interpreter\linkResolver.cpp, line 759]
Event: 2.104 Thread 0x000002044165f770 Exception <a 'java/lang/NoSuchMethodError'{0x0000000086cc7f18}: 'long java.lang.invoke.DirectMethodHandle$Holder.invokeStaticInit(java.lang.Object, java.lang.Object)'> (0x0000000086cc7f18) 
thrown [s\open\src\hotspot\share\interpreter\linkResolver.cpp, line 759]
Event: 2.106 Thread 0x000002044165f770 Exception <a 'java/lang/NoSuchMethodError'{0x0000000086cd5820}: 'long java.lang.invoke.DirectMethodHandle$Holder.invokeInterface(java.lang.Object, java.lang.Object)'> (0x0000000086cd5820) 
thrown [s\open\src\hotspot\share\interpreter\linkResolver.cpp, line 759]
Event: 2.106 Thread 0x000002044165f770 Exception <a 'java/lang/IncompatibleClassChangeError'{0x0000000086cd8b08}: Found class java.lang.Object, but interface was expected> (0x0000000086cd8b08) 
thrown [s\open\src\hotspot\share\interpreter\linkResolver.cpp, line 826]
Event: 2.110 Thread 0x000002044165f770 Exception <a 'java/lang/NoSuchMethodError'{0x0000000086bc16f0}: 'java.lang.Object java.lang.invoke.DirectMethodHandle$Holder.invokeVirtual(java.lang.Object, java.lang.Object, java.lang.Object, java.lang.Object)'> (0x0000000086bc16f0) 
thrown [s\open\src\hotspot\share\interpreter\linkResolver.cpp, line 759]
Event: 2.192 Thread 0x000002044165fc80 Exception <a 'java/lang/IncompatibleClassChangeError'{0x000000008644e4b0}: Found class java.lang.Object, but interface was expected> (0x000000008644e4b0) 
thrown [s\open\src\hotspot\share\interpreter\linkResolver.cpp, line 826]
Event: 2.295 Thread 0x00000204416606a0 Exception <a 'java/lang/reflect/InvocationTargetException'{0x0000000088a4be90}> (0x0000000088a4be90) 
thrown [s\open\src\hotspot\share\runtime\reflection.cpp, line 1121]

VM Operations (20 events):
Event: 0.926 Executing VM operation: HandshakeAllThreads
Event: 0.926 Executing VM operation: HandshakeAllThreads done
Event: 1.001 Executing VM operation: HandshakeAllThreads
Event: 1.001 Executing VM operation: HandshakeAllThreads done
Event: 1.387 Executing VM operation: G1CollectForAllocation
Event: 1.391 Executing VM operation: G1CollectForAllocation done
Event: 1.488 Executing VM operation: HandshakeAllThreads
Event: 1.488 Executing VM operation: HandshakeAllThreads done
Event: 1.869 Executing VM operation: HandshakeAllThreads
Event: 1.869 Executing VM operation: HandshakeAllThreads done
Event: 1.882 Executing VM operation: ChangeBreakpoints
Event: 1.883 Executing VM operation: ChangeBreakpoints done
Event: 1.920 Executing VM operation: get/set locals
Event: 1.920 Executing VM operation: get/set locals done
Event: 1.927 Executing VM operation: HandshakeAllThreads
Event: 1.927 Executing VM operation: HandshakeAllThreads done
Event: 2.155 Executing VM operation: HandshakeAllThreads
Event: 2.155 Executing VM operation: HandshakeAllThreads done
Event: 2.197 Executing VM operation: HandshakeAllThreads
Event: 2.197 Executing VM operation: HandshakeAllThreads done

Events (20 events):
Event: 2.178 loading class com/sun/security/sasl/Provider done
Event: 2.178 loading class com/sun/security/sasl/Provider$1
Event: 2.179 loading class com/sun/security/sasl/Provider$1 done
Event: 2.179 loading class com/sun/security/sasl/Provider$ProviderService
Event: 2.179 loading class com/sun/security/sasl/Provider$ProviderService done
Event: 2.179 loading class sun/security/provider/certpath/ldap/JdkLDAP
Event: 2.179 loading class sun/security/provider/certpath/ldap/JdkLDAP done
Event: 2.179 loading class sun/security/provider/certpath/ldap/JdkLDAP$ProviderService
Event: 2.179 loading class sun/security/provider/certpath/ldap/JdkLDAP$ProviderService done
Event: 2.189 Thread 0x000002044165f770 Thread exited: 0x000002044165f770
Event: 2.254 loading class java/util/stream/Streams$ConcatSpliterator$OfRef
Event: 2.254 loading class java/util/stream/Streams$ConcatSpliterator
Event: 2.254 loading class java/util/stream/Streams$ConcatSpliterator done
Event: 2.254 loading class java/util/stream/Streams$ConcatSpliterator$OfRef done
Event: 2.254 loading class java/util/stream/Streams$2
Event: 2.255 loading class java/util/stream/Streams$2 done
Event: 2.406 loading class java/security/AccessControlException
Event: 2.406 loading class java/security/AccessControlException done
Event: 2.412 loading class java/beans/PropertyVetoException
Event: 2.412 loading class java/beans/PropertyVetoException done


Dynamic libraries:
0x00007ff777590000 - 0x00007ff7775a0000 	C:\Program Files\Java\jdk-17\bin\javaw.exe
0x00000203e7ff0000 - 0x00000203e81e8000 	C:\Windows\SYSTEM32\ntd1l.dll
0x00000203e81f0000 - 0x00000203e82b2000 	C:\Windows\System32\kern3l32.dll
0x00007ffbf07b0000 - 0x00007ffbf09a8000 	C:\Windows\SYSTEM32\ntdll.dll
0x00007ffbeeb60000 - 0x00007ffbeec22000 	C:\Windows\System32\KERNEL32.DLL
0x00007ffbee1f0000 - 0x00007ffbee4e6000 	C:\Windows\System32\KERNELBASE.dll
0x00007ffbed870000 - 0x00007ffbedc4b000 	C:\Program Files\SentinelOne\Sentinel Agent 25.1.3.334\InProcessClient64.dll
0x00007ffbeff20000 - 0x00007ffbeffd1000 	C:\Windows\System32\ADVAPI32.dll
0x00007ffbef540000 - 0x00007ffbef5de000 	C:\Windows\System32\msvcrt.dll
0x00007ffbed860000 - 0x00007ffbed86a000 	C:\Windows\SYSTEM32\VERSION.dll
0x00007ffbef850000 - 0x00007ffbef8ef000 	C:\Windows\System32\sechost.dll
0x00007ffbeffe0000 - 0x00007ffbf0100000 	C:\Windows\System32\RPCRT4.dll
0x00007ffbee0f0000 - 0x00007ffbee117000 	C:\Windows\System32\bcrypt.dll
0x00007ffbee540000 - 0x00007ffbee640000 	C:\Windows\System32\ucrtbase.dll
0x00007ffbdcf20000 - 0x00007ffbdcf39000 	C:\Program Files\Java\jdk-17\bin\jli.dll
0x00007ffbdce30000 - 0x00007ffbdce4b000 	C:\Program Files\Java\jdk-17\bin\VCRUNTIME140.dll
0x00007ffbefa20000 - 0x00007ffbefbbd000 	C:\Windows\System32\USER32.dll
0x00007ffbee120000 - 0x00007ffbee142000 	C:\Windows\System32\win32u.dll
0x00007ffbde600000 - 0x00007ffbde89b000 	C:\Windows\WinSxS\amd64_microsoft.windows.common-controls_6595b64144ccf1df_6.0.19041.6280_none_60bc30a171f2f3f3\COMCTL32.dll
0x00007ffbef5e0000 - 0x00007ffbef60b000 	C:\Windows\System32\GDI32.dll
0x00007ffbee640000 - 0x00007ffbee759000 	C:\Windows\System32\gdi32full.dll
0x00007ffbee150000 - 0x00007ffbee1ed000 	C:\Windows\System32\msvcp_win.dll
0x00007ffbed790000 - 0x00007ffbed79b000 	C:\Windows\SYSTEM32\FLTLIB.DLL
0x00007ffbef610000 - 0x00007ffbef63f000 	C:\Windows\System32\IMM32.DLL
0x00007ffbdce20000 - 0x00007ffbdce2c000 	C:\Program Files\Java\jdk-17\bin\vcruntime140_1.dll
0x00007ffbbd730000 - 0x00007ffbbd7be000 	C:\Program Files\Java\jdk-17\bin\msvcp140.dll
0x00007ffba4e40000 - 0x00007ffba5a20000 	C:\Program Files\Java\jdk-17\bin\server\jvm.dll
0x00007ffbeea00000 - 0x00007ffbeea08000 	C:\Windows\System32\PSAPI.DLL
0x00007ffbd4c90000 - 0x00007ffbd4c99000 	C:\Windows\SYSTEM32\WSOCK32.dll
0x00007ffbeea10000 - 0x00007ffbeea7b000 	C:\Windows\System32\WS2_32.dll
0x00007ffbd9fe0000 - 0x00007ffbda007000 	C:\Windows\SYSTEM32\WINMM.dll
0x00007ffbeb710000 - 0x00007ffbeb722000 	C:\Windows\SYSTEM32\kernel.appcore.dll
0x00007ffbdce10000 - 0x00007ffbdce1a000 	C:\Program Files\Java\jdk-17\bin\jimage.dll
0x00007ffbdb660000 - 0x00007ffbdb861000 	C:\Windows\SYSTEM32\DBGHELP.DLL
0x00007ffbd3e80000 - 0x00007ffbd3eb4000 	C:\Windows\SYSTEM32\dbgcore.DLL
0x00007ffbede50000 - 0x00007ffbeded2000 	C:\Windows\System32\bcryptPrimitives.dll
0x00007ffbb71d0000 - 0x00007ffbb726f000 	C:\Program Files\SentinelOne\Sentinel Agent 25.1.3.334\SentinelJava64.dll
0x00007ffbef8f0000 - 0x00007ffbefa1b000 	C:\Windows\System32\ole32.dll
0x00007ffbefbc0000 - 0x00007ffbeff13000 	C:\Windows\System32\combase.dll
0x00007ffbd1070000 - 0x00007ffbd1095000 	C:\Program Files\Java\jdk-17\bin\java.dll
0x00007ffbb1760000 - 0x00007ffbb1837000 	C:\Program Files\Java\jdk-17\bin\jsvml.dll
0x00007ffbeece0000 - 0x00007ffbef450000 	C:\Windows\System32\SHELL32.dll
0x00007ffbeb910000 - 0x00007ffbec0b5000 	C:\Windows\SYSTEM32\windows.storage.dll
0x00007ffbed400000 - 0x00007ffbed42b000 	C:\Windows\SYSTEM32\Wldp.dll
0x00007ffbef760000 - 0x00007ffbef82d000 	C:\Windows\System32\OLEAUT32.dll
0x00000203ea1f0000 - 0x00000203ea29d000 	C:\Windows\System32\SHCORE.dll
0x00007ffbf0710000 - 0x00007ffbf076b000 	C:\Windows\System32\shlwapi.dll
0x00007ffbedd80000 - 0x00007ffbedda4000 	C:\Windows\SYSTEM32\profapi.dll
0x00007ffbd1ab0000 - 0x00007ffbd1ac9000 	C:\Program Files\Java\jdk-17\bin\net.dll
0x00007ffbe4820000 - 0x00007ffbe492a000 	C:\Windows\SYSTEM32\WINHTTP.dll
0x00007ffbed170000 - 0x00007ffbed1da000 	C:\Windows\system32\mswsock.dll
0x00007ffbd19f0000 - 0x00007ffbd1a06000 	C:\Program Files\Java\jdk-17\bin\nio.dll
0x00007ffbd0f90000 - 0x00007ffbd0fa8000 	C:\Program Files\Java\jdk-17\bin\zip.dll
0x00007ffbdc620000 - 0x00007ffbdc62a000 	C:\Program Files\Java\jdk-17\bin\management.dll
0x00007ffbd1990000 - 0x00007ffbd199b000 	C:\Program Files\Java\jdk-17\bin\management_ext.dll
0x00007ffbe0aa0000 - 0x00007ffbe0ab7000 	C:\Windows\system32\napinsp.dll
0x00007ffbe0ac0000 - 0x00007ffbe0adb000 	C:\Windows\system32\pnrpnsp.dll
0x00007ffbe1ac0000 - 0x00007ffbe1add000 	C:\Windows\system32\wshbth.dll
0x00007ffbe8c50000 - 0x00007ffbe8c6d000 	C:\Windows\system32\NLAapi.dll
0x00007ffbece50000 - 0x00007ffbece8b000 	C:\Windows\SYSTEM32\IPHLPAPI.DLL
0x00007ffbecea0000 - 0x00007ffbecf6a000 	C:\Windows\SYSTEM32\DNSAPI.dll
0x00007ffbee9f0000 - 0x00007ffbee9f8000 	C:\Windows\System32\NSI.dll
0x00007ffbe1fd0000 - 0x00007ffbe1fe2000 	C:\Windows\System32\winrnr.dll
0x00007ffbe4aa0000 - 0x00007ffbe4aaa000 	C:\Windows\System32\rasadhlp.dll
0x00007ffbe8310000 - 0x00007ffbe8390000 	C:\Windows\System32\fwpuclnt.dll
0x00007ffbed360000 - 0x00007ffbed378000 	C:\Windows\SYSTEM32\CRYPTSP.dll
0x00007ffbeca90000 - 0x00007ffbecac8000 	C:\Windows\system32\rsaenh.dll
0x00007ffbedd00000 - 0x00007ffbedd2e000 	C:\Windows\SYSTEM32\USERENV.dll
0x00007ffbed430000 - 0x00007ffbed43c000 	C:\Windows\SYSTEM32\CRYPTBASE.dll
0x00007ffbe8550000 - 0x00007ffbe8567000 	C:\Windows\SYSTEM32\dhcpcsvc6.DLL
0x00007ffbe8530000 - 0x00007ffbe854d000 	C:\Windows\SYSTEM32\dhcpcsvc.DLL
0x00007ffbd1630000 - 0x00007ffbd163e000 	C:\Program Files\Java\jdk-17\bin\sunmscapi.dll
0x00007ffbedee0000 - 0x00007ffbee03d000 	C:\Windows\System32\CRYPT32.dll
0x00007ffbed480000 - 0x00007ffbed4a7000 	C:\Windows\SYSTEM32\ncrypt.dll
0x00007ffbed440000 - 0x00007ffbed47b000 	C:\Windows\SYSTEM32\NTASN1.dll

dbghelp: loaded successfully - version: 4.0.5 - missing functions: none
symbol engine: initialized successfully - sym options: 0x614 - pdb path: .;C:\Program Files\Java\jdk-17\bin;C:\Windows\SYSTEM32;C:\Program Files\SentinelOne\Sentinel Agent 25.1.3.334;C:\Windows\WinSxS\amd64_microsoft.windows.common-controls_6595b64144ccf1df_6.0.19041.6280_none_60bc30a171f2f3f3;C:\Program Files\Java\jdk-17\bin\server

VM Arguments:
jvm_args: -Dcom.sun.management.jmxremote -Dcom.sun.management.jmxremote.port=53191 -Dcom.sun.management.jmxremote.authenticate=false -Dcom.sun.management.jmxremote.ssl=false -Djava.rmi.server.hostname=localhost -Dspring.jmx.enabled=true -Dmanagement.endpoints.jmx.exposure.include=* -Dspring.application.admin.enabled=true -Dspring.output.ansi.enabled=always -XX:TieredStopAtLevel=1 -Dspring.boot.project.name=SBSecurityDemo -Dfile.encoding=UTF-8 -Dstdout.encoding=UTF-8 -Dstderr.encoding=UTF-8 -XX:+ShowCodeDetailsInExceptionMessages -agentpath:C:\Program Files\SentinelOne\Sentinel Agent 25.1.3.334\SentinelJava64.dll=extendedCapabilities 
java_command: com.example.demo.SbSecurityDemoApplication
java_class_path (initial): C:\Users\rethessh.ed\eclipse-workspace\java\spring tool\SBSecurityDemo\target\classes;C:\Users\rethessh.ed\.m2\repository\org\springframework\boot\spring-boot-starter-data-jpa\3.5.14\spring-boot-starter-data-jpa-3.5.14.jar;C:\Users\rethessh.ed\.m2\repository\org\springframework\boot\spring-boot-starter\3.5.14\spring-boot-starter-3.5.14.jar;C:\Users\rethessh.ed\.m2\repository\org\springframework\boot\spring-boot-starter-logging\3.5.14\spring-boot-starter-logging-3.5.14.jar;C:\Users\rethessh.ed\.m2\repository\ch\qos\logback\logback-classic\1.5.32\logback-classic-1.5.32.jar;C:\Users\rethessh.ed\.m2\repository\ch\qos\logback\logback-core\1.5.32\logback-core-1.5.32.jar;C:\Users\rethessh.ed\.m2\repository\org\apache\logging\log4j\log4j-to-slf4j\2.24.3\log4j-to-slf4j-2.24.3.jar;C:\Users\rethessh.ed\.m2\repository\org\apache\logging\log4j\log4j-api\2.24.3\log4j-api-2.24.3.jar;C:\Users\rethessh.ed\.m2\repository\org\slf4j\jul-to-slf4j\2.0.17\jul-to-slf4j-2.0.17.jar;C:\Users\rethessh.ed\.m2\repository\jakarta\annotation\jakarta.annotation-api\2.1.1\jakarta.annotation-api-2.1.1.jar;C:\Users\rethessh.ed\.m2\repository\org\yaml\snakeyaml\2.4\snakeyaml-2.4.jar;C:\Users\rethessh.ed\.m2\repository\org\springframework\boot\spring-boot-starter-jdbc\3.5.14\spring-boot-starter-jdbc-3.5.14.jar;C:\Users\rethessh.ed\.m2\repository\com\zaxxer\HikariCP\6.3.3\HikariCP-6.3.3.jar;C:\Users\rethessh.ed\.m2\repository\org\springframework\spring-jdbc\6.2.18\spring-jdbc-6.2.18.jar;C:\Users\rethessh.ed\.m2\repository\org\hibernate\orm\hibernate-core\6.6.49.Final\hibernate-core-6.6.49.Final.jar;C:\Users\rethessh.ed\.m2\repository\jakarta\persistence\jakarta.persistence-api\3.1.0\jakarta.persistence-api-3.1.0.jar;C:\Users\rethessh.ed\.m2\repository\jakarta\transaction\jakarta.transaction-api\2.0.1\jakarta.transaction-api-2.0.1.jar;C:\Users\rethessh.ed\.m2\repository\org\jboss\logging\jboss-logging\3.6.3.Final\jboss-logging-3.6.3.Final.jar;C:\Users\rethessh.ed\.m2\repositor
Launcher Type: SUN_STANDARD

[Global flags]
     intx CICompilerCount                          = 3                                         {product} {ergonomic}
     uint ConcGCThreads                            = 1                                         {product} {ergonomic}
     uint G1ConcRefinementThreads                  = 4                                         {product} {ergonomic}
   size_t G1HeapRegionSize                         = 1048576                                   {product} {ergonomic}
    uintx GCDrainStackTargetSize                   = 64                                        {product} {ergonomic}
   size_t InitialHeapSize                          = 134217728                                 {product} {ergonomic}
     bool ManagementServer                         = true                                      {product} {command line}
   size_t MarkStackSize                            = 4194304                                   {product} {ergonomic}
   size_t MaxHeapSize                              = 2118123520                                {product} {ergonomic}
   size_t MaxNewSize                               = 1270874112                                {product} {ergonomic}
   size_t MinHeapDeltaBytes                        = 1048576                                   {product} {ergonomic}
   size_t MinHeapSize                              = 8388608                                   {product} {ergonomic}
    uintx NonProfiledCodeHeapSize                  = 0                                      {pd product} {ergonomic}
     bool ProfileInterpreter                       = false                                  {pd product} {command line}
    uintx ProfiledCodeHeapSize                     = 0                                      {pd product} {ergonomic}
     bool ShowCodeDetailsInExceptionMessages       = true                                   {manageable} {command line}
   size_t SoftMaxHeapSize                          = 2118123520                             {manageable} {ergonomic}
     intx TieredStopAtLevel                        = 1                                         {product} {command line}
     bool UseCompressedClassPointers               = true                           {product lp64_product} {ergonomic}
     bool UseCompressedOops                        = true                           {product lp64_product} {ergonomic}
     bool UseG1GC                                  = true                                      {product} {ergonomic}
     bool UseLargePagesIndividualAllocation        = false                                  {pd product} {ergonomic}

Logging:
Log output configuration:
 #0: stdout all=warning uptime,level,tags
 #1: stderr all=off uptime,level,tags

Environment Variables:
JAVA_HOME=C:\Program Files\Java\jdk-17
PATH=C:/Users/rethessh.ed/Downloads/spring-tools-for-eclipse-5.1.1.RELEASE-e4.39.0-win32.win32.x86_64/sts-5.1.1.RELEASE//plugins/org.eclipse.justj.openjdk.hotspot.jre.full.win32.x86_64_25.0.2.v20260203-1141/jre/bin/server;C:/Users/rethessh.ed/Downloads/spring-tools-for-eclipse-5.1.1.RELEASE-e4.39.0-win32.win32.x86_64/sts-5.1.1.RELEASE//plugins/org.eclipse.justj.openjdk.hotspot.jre.full.win32.x86_64_25.0.2.v20260203-1141/jre/bin;C:\Program Files\Java\jdk-17\bin;C:\Program Files\Common Files\Oracle\Java\javapath;C:\Program Files (x86)\Common Files\Oracle\Java\javapath;C:\Windows\system32;C:\Windows;C:\Windows\System32\Wbem;C:\Windows\System32\WindowsPowerShell\v1.0\;C:\Windows\System32\OpenSSH\;C:\Program Files\TortoiseSVN\bin;C:\Program Files\nodejs\;C:\Program Files\Microsoft SQL Server\150\Tools\Binn\;C:\Program Files\Microsoft SQL Server\Client SDK\ODBC\170\Tools\Binn\;C:\Program Files\dotnet\;C:\Users\rethessh.ed\AppData\Local\Programs\Python\Python314\Scripts\;C:\Users\rethessh.ed\AppData\Local\Programs\Python\Python314\;C:\Users\rethessh.ed\AppData\Local\Programs\Python\Launcher\;C:\Users\rethessh.ed\AppData\Local\Microsoft\WindowsApps;C:\Users\rethessh.ed\AppData\Local\Programs\Microsoft VS Code\bin;C:\Users\rethessh.ed\AppData\Local\Programs\Git\cmd;C:\Users\rethessh.ed\Downloads\spring-tools-for-eclipse-5.1.1.RELEASE-e4.39.0-win32.win32.x86_64\sts-5.1.1.RELEASE;
USERNAME=rethessh.ed
OS=Windows_NT
PROCESSOR_IDENTIFIER=Intel64 Family 6 Model 58 Stepping 9, GenuineIntel



---------------  S Y S T E M  ---------------

OS:
 Windows 10 , 64 bit Build 19041 (10.0.19041.5915)
OS uptime: 1 days 6:17 hours

CPU: total 4 (initial active 4) (4 cores per cpu, 1 threads per core) family 6 model 58 stepping 9 microcode 0x21, cx8, cmov, fxsr, mmx, sse, sse2, sse3, ssse3, sse4.1, sse4.2, popcnt, tsc, tscinvbit, avx, aes, erms, clmul, vzeroupper, clflush

Memory: 4k page, system-wide physical 8078M (1010M free)
TotalPageFile size 12174M (AvailPageFile size 50M)
current process WorkingSet (physical memory assigned to process): 163M, peak: 163M
current process commit charge ("private bytes"): 243M, peak: 243M

vm_info: Java HotSpot(TM) 64-Bit Server VM (17.0.12+8-LTS-286) for windows-amd64 JRE (17.0.12+8-LTS-286), built on Jun  5 2024 06:46:59 by "mach5one" with MS VC++ 17.6 (VS2022)

END.
