#
# There is insufficient memory for the Java Runtime Environment to continue.
# Native memory allocation (malloc) failed to allocate 32744 bytes for ChunkPool::allocate
# Possible reasons:
#   The system is out of physical RAM or swap space
#   The process is running with CompressedOops enabled, and the Java Heap may be blocking the growth of the native heap
# Possible solutions:
#   Reduce memory load on the system
#   Increase physical memory or swap space
#   Check if swap backing store is full
#   Decrease Java heap size (-Xmx/-Xms)
#   Decrease number of Java threads
#   Decrease Java thread stack sizes (-Xss)
#   Set larger code cache with -XX:ReservedCodeCacheSize=
#   JVM is running with Unscaled Compressed Oops mode in which the Java heap is
#     placed in the first 4GB address space. The Java Heap base address is the
#     maximum limit for the native heap growth. Please use -XX:HeapBaseMinAddress
#     to set the Java Heap base and to place the Java Heap above 4GB virtual address.
# This output file may be truncated or incomplete.
#
#  Out of Memory Error (arena.cpp:78), pid=6304, tid=308
#
# JRE version: Java(TM) SE Runtime Environment (17.0.12+8) (build 17.0.12+8-LTS-286)
# Java VM: Java HotSpot(TM) 64-Bit Server VM (17.0.12+8-LTS-286, mixed mode, emulated-client, tiered, compressed oops, compressed class ptrs, g1 gc, windows-amd64)
# No core dump will be written. Minidumps are not enabled by default on client versions of Windows
#

---------------  S U M M A R Y ------------

Command Line: -Dcom.sun.management.jmxremote -Dcom.sun.management.jmxremote.port=52959 -Dcom.sun.management.jmxremote.authenticate=false -Dcom.sun.management.jmxremote.ssl=false -Djava.rmi.server.hostname=localhost -Dspring.jmx.enabled=true -Dmanagement.endpoints.jmx.exposure.include=* -Dspring.application.admin.enabled=true -Dspring.output.ansi.enabled=always -XX:TieredStopAtLevel=1 -Dspring.boot.project.name=SBSecurityDemo -Dfile.encoding=UTF-8 -Dstdout.encoding=UTF-8 -Dstderr.encoding=UTF-8 -XX:+ShowCodeDetailsInExceptionMessages -agentpath:C:\Program Files\SentinelOne\Sentinel Agent 25.1.3.334\SentinelJava64.dll=extendedCapabilities com.example.demo.SbSecurityDemoApplication

Host: Intel(R) Core(TM) i5-3470 CPU @ 3.20GHz, 4 cores, 7G,  Windows 10 , 64 bit Build 19041 (10.0.19041.5915)
Time: Fri May  8 11:54:04 2026 India Standard Time elapsed time: 1.073992 seconds (0d 0h 0m 1s)

---------------  T H R E A D  ---------------

Current thread (0x0000020c2ad6d680):  JavaThread "main" [_thread_in_vm, id=308, stack(0x0000001b87100000,0x0000001b87200000)]

Stack: [0x0000001b87100000,0x0000001b87200000]
Native frames: (J=compiled Java code, j=interpreted, Vv=VM code, C=native code)
V  [jvm.dll+0x67a04a]
V  [jvm.dll+0x7da4ed]
V  [jvm.dll+0x7dbe33]
V  [jvm.dll+0x7dc4a3]
V  [jvm.dll+0x24508f]
V  [jvm.dll+0xab9a4]
V  [jvm.dll+0xabd3c]
V  [jvm.dll+0x1e7c11]
V  [jvm.dll+0x1e89d5]
V  [jvm.dll+0x1e931b]
V  [jvm.dll+0x1dea41]
V  [jvm.dll+0x53f78c]
V  [jvm.dll+0x7553b8]
V  [jvm.dll+0x7554a4]
V  [jvm.dll+0x40d1af]
V  [jvm.dll+0x413c39]
C  [java.dll+0x17ec]

Java frames: (J=compiled Java code, j=interpreted, Vv=VM code)
j  java.lang.ClassLoader.defineClass1(Ljava/lang/ClassLoader;Ljava/lang/String;[BIILjava/security/ProtectionDomain;Ljava/lang/String;)Ljava/lang/Class;+0 java.base@17.0.12
j  java.lang.ClassLoader.defineClass(Ljava/lang/String;[BIILjava/security/ProtectionDomain;)Ljava/lang/Class;+27 java.base@17.0.12
j  java.security.SecureClassLoader.defineClass(Ljava/lang/String;[BIILjava/security/CodeSource;)Ljava/lang/Class;+12 java.base@17.0.12
j  jdk.internal.loader.BuiltinClassLoader.defineClass(Ljava/lang/String;Ljdk/internal/loader/Resource;)Ljava/lang/Class;+117 java.base@17.0.12
j  jdk.internal.loader.BuiltinClassLoader.findClassOnClassPathOrNull(Ljava/lang/String;)Ljava/lang/Class;+37 java.base@17.0.12
j  jdk.internal.loader.BuiltinClassLoader.loadClassOrNull(Ljava/lang/String;Z)Ljava/lang/Class;+111 java.base@17.0.12
j  jdk.internal.loader.BuiltinClassLoader.loadClass(Ljava/lang/String;Z)Ljava/lang/Class;+3 java.base@17.0.12
j  jdk.internal.loader.ClassLoaders$AppClassLoader.loadClass(Ljava/lang/String;Z)Ljava/lang/Class;+36 java.base@17.0.12
j  java.lang.ClassLoader.loadClass(Ljava/lang/String;)Ljava/lang/Class;+3 java.base@17.0.12
v  ~StubRoutines::call_stub
j  org.slf4j.helpers.BasicMDCAdapter.<init>()V+5
j  org.slf4j.helpers.SubstituteServiceProvider.<init>()V+31
j  org.slf4j.LoggerFactory.<clinit>()V+8
v  ~StubRoutines::call_stub
j  org.apache.commons.logging.LogAdapter$Slf4jAdapter.createLocationAwareLog(Ljava/lang/String;)Lorg/apache/commons/logging/Log;+1
j  org.apache.commons.logging.LogAdapter$$Lambda$108+0x000000010014b460.apply(Ljava/lang/Object;)Ljava/lang/Object;+4
j  org.apache.commons.logging.LogAdapter.createLog(Ljava/lang/String;)Lorg/apache/commons/logging/Log;+4
j  org.apache.commons.logging.LogFactory.getLog(Ljava/lang/String;)Lorg/apache/commons/logging/Log;+1
j  org.apache.commons.logging.LogFactory.getLog(Ljava/lang/Class;)Lorg/apache/commons/logging/Log;+4
j  org.springframework.boot.SpringApplication.<clinit>()V+2
v  ~StubRoutines::call_stub
j  com.example.demo.SbSecurityDemoApplication.main([Ljava/lang/String;)V+3
v  ~StubRoutines::call_stub

---------------  P R O C E S S  ---------------

Threads class SMR info:
_java_thread_list=0x0000020c43449230, length=18, elements={
0x0000020c2ad6d680, 0x0000020c3bf27d60, 0x0000020c3e3b2a90, 0x0000020c3e414010,
0x0000020c3e4158f0, 0x0000020c3e417100, 0x0000020c3e419450, 0x0000020c3e3fc860,
0x0000020c3e4000c0, 0x0000020c3e5956b0, 0x0000020c3e584f80, 0x0000020c3e5f6bc0,
0x0000020c4333eb20, 0x0000020c4333f950, 0x0000020c43331bb0, 0x0000020c43609510,
0x0000020c43613e40, 0x0000020c436137d0
}

Java Threads: ( => current thread )
=>0x0000020c2ad6d680 JavaThread "main" [_thread_in_vm, id=308, stack(0x0000001b87100000,0x0000001b87200000)]
  0x0000020c3bf27d60 JavaThread "Reference Handler" daemon [_thread_blocked, id=11508, stack(0x0000001b87800000,0x0000001b87900000)]
  0x0000020c3e3b2a90 JavaThread "Finalizer" daemon [_thread_blocked, id=16712, stack(0x0000001b87900000,0x0000001b87a00000)]
  0x0000020c3e414010 JavaThread "Signal Dispatcher" daemon [_thread_blocked, id=10348, stack(0x0000001b87a00000,0x0000001b87b00000)]
  0x0000020c3e4158f0 JavaThread "Attach Listener" daemon [_thread_blocked, id=16528, stack(0x0000001b87b00000,0x0000001b87c00000)]
  0x0000020c3e417100 JavaThread "Service Thread" daemon [_thread_blocked, id=15904, stack(0x0000001b87c00000,0x0000001b87d00000)]
  0x0000020c3e419450 JavaThread "Monitor Deflation Thread" daemon [_thread_blocked, id=16804, stack(0x0000001b87d00000,0x0000001b87e00000)]
  0x0000020c3e3fc860 JavaThread "C1 CompilerThread0" daemon [_thread_blocked, id=16004, stack(0x0000001b87e00000,0x0000001b87f00000)]
  0x0000020c3e4000c0 JavaThread "Sweeper thread" daemon [_thread_blocked, id=536, stack(0x0000001b87f00000,0x0000001b88000000)]
  0x0000020c3e5956b0 JavaThread "Common-Cleaner" daemon [_thread_blocked, id=15896, stack(0x0000001b88000000,0x0000001b88100000)]
  0x0000020c3e584f80 JavaThread "C1 CompilerThread1" daemon [_thread_blocked, id=1344, stack(0x0000001b88100000,0x0000001b88200000)]
  0x0000020c3e5f6bc0 JavaThread "Notification Thread" daemon [_thread_blocked, id=12104, stack(0x0000001b88200000,0x0000001b88300000)]
  0x0000020c4333eb20 JavaThread "RMI TCP Accept-0" daemon [_thread_in_native, id=8548, stack(0x0000001b88300000,0x0000001b88400000)]
  0x0000020c4333f950 JavaThread "RMI TCP Accept-52959" daemon [_thread_in_native, id=16776, stack(0x0000001b88400000,0x0000001b88500000)]
  0x0000020c43331bb0 JavaThread "RMI TCP Accept-0" daemon [_thread_in_native, id=2308, stack(0x0000001b88500000,0x0000001b88600000)]
  0x0000020c43609510 JavaThread "RMI TCP Connection(1)-127.0.0.1" daemon [_thread_in_native, id=15620, stack(0x0000001b88700000,0x0000001b88800000)]
  0x0000020c43613e40 JavaThread "RMI Scheduler(0)" daemon [_thread_blocked, id=14128, stack(0x0000001b88800000,0x0000001b88900000)]
  0x0000020c436137d0 JavaThread "RMI TCP Connection(2)-127.0.0.1" daemon [_thread_in_native, id=2804, stack(0x0000001b88900000,0x0000001b88a00000)]

Other Threads:
  0x0000020c3e3bfc60 VMThread "VM Thread" [stack: 0x0000001b87700000,0x0000001b87800000] [id=1640]
  0x0000020c433342d0 WatcherThread [stack: 0x0000001b88600000,0x0000001b88700000] [id=6960]
  0x0000020c3bd509e0 GCTaskThread "GC Thread#0" [stack: 0x0000001b87200000,0x0000001b87300000] [id=12956]
  0x0000020c2adae7d0 ConcurrentGCThread "G1 Main Marker" [stack: 0x0000001b87300000,0x0000001b87400000] [id=2776]
  0x0000020c3bd57a10 ConcurrentGCThread "G1 Conc#0" [stack: 0x0000001b87400000,0x0000001b87500000] [id=2772]
  0x0000020c3bdc9be0 ConcurrentGCThread "G1 Refine#0" [stack: 0x0000001b87500000,0x0000001b87600000] [id=7236]
  0x0000020c3bdca420 ConcurrentGCThread "G1 Service" [stack: 0x0000001b87600000,0x0000001b87700000] [id=13292]

Threads with active compile tasks:

VM state: not at safepoint (normal execution)

VM Mutex/Monitor currently owned by a thread: None

OutOfMemory and StackOverflow Exception counts:
OutOfMemoryError java_heap_errors=1
LinkageErrors=11

Heap address: 0x0000000081c00000, size: 2020 MB, Compressed Oops mode: 32-bit

CDS archive(s) not mapped
Compressed class space mapped at: 0x0000000100000000-0x0000000140000000, reserved size: 1073741824
Narrow klass base: 0x0000000000000000, Narrow klass shift: 3, Narrow klass range: 0x140000000

GC Precious Log:
 CPUs: 4 total, 4 available
 Memory: 8078M
 Large Page Support: Disabled
 NUMA Support: Disabled
 Compressed Oops: Enabled (32-bit)
 Heap Region Size: 1M
 Heap Min Capacity: 8M
 Heap Initial Capacity: 128M
 Heap Max Capacity: 2020M
 Pre-touch: Disabled
 Parallel Workers: 4
 Concurrent Workers: 1
 Concurrent Refinement Workers: 4
 Periodic GC: Disabled

Heap:
 garbage-first heap   total 131072K, used 12288K [0x0000000081c00000, 0x0000000100000000)
  region size 1024K, 13 young (13312K), 0 survivors (0K)
 Metaspace       used 13380K, committed 13568K, reserved 1114112K
  class space    used 1379K, committed 1472K, reserved 1048576K

Heap Regions: E=young(eden), S=young(survivor), O=old, HS=humongous(starts), HC=humongous(continues), CS=collection set, F=free, OA=open archive, CA=closed archive, TAMS=top-at-mark-start (previous, next)
|   0|0x0000000081c00000, 0x0000000081c00000, 0x0000000081d00000|  0%| F|  |TAMS 0x0000000081c00000, 0x0000000081c00000| Untracked 
|   1|0x0000000081d00000, 0x0000000081d00000, 0x0000000081e00000|  0%| F|  |TAMS 0x0000000081d00000, 0x0000000081d00000| Untracked 
|   2|0x0000000081e00000, 0x0000000081e00000, 0x0000000081f00000|  0%| F|  |TAMS 0x0000000081e00000, 0x0000000081e00000| Untracked 
|   3|0x0000000081f00000, 0x0000000081f00000, 0x0000000082000000|  0%| F|  |TAMS 0x0000000081f00000, 0x0000000081f00000| Untracked 
|   4|0x0000000082000000, 0x0000000082000000, 0x0000000082100000|  0%| F|  |TAMS 0x0000000082000000, 0x0000000082000000| Untracked 
|   5|0x0000000082100000, 0x0000000082100000, 0x0000000082200000|  0%| F|  |TAMS 0x0000000082100000, 0x0000000082100000| Untracked 
|   6|0x0000000082200000, 0x0000000082200000, 0x0000000082300000|  0%| F|  |TAMS 0x0000000082200000, 0x0000000082200000| Untracked 
|   7|0x0000000082300000, 0x0000000082300000, 0x0000000082400000|  0%| F|  |TAMS 0x0000000082300000, 0x0000000082300000| Untracked 
|   8|0x0000000082400000, 0x0000000082400000, 0x0000000082500000|  0%| F|  |TAMS 0x0000000082400000, 0x0000000082400000| Untracked 
|   9|0x0000000082500000, 0x0000000082500000, 0x0000000082600000|  0%| F|  |TAMS 0x0000000082500000, 0x0000000082500000| Untracked 
|  10|0x0000000082600000, 0x0000000082600000, 0x0000000082700000|  0%| F|  |TAMS 0x0000000082600000, 0x0000000082600000| Untracked 
|  11|0x0000000082700000, 0x0000000082700000, 0x0000000082800000|  0%| F|  |TAMS 0x0000000082700000, 0x0000000082700000| Untracked 
|  12|0x0000000082800000, 0x0000000082800000, 0x0000000082900000|  0%| F|  |TAMS 0x0000000082800000, 0x0000000082800000| Untracked 
|  13|0x0000000082900000, 0x0000000082900000, 0x0000000082a00000|  0%| F|  |TAMS 0x0000000082900000, 0x0000000082900000| Untracked 
|  14|0x0000000082a00000, 0x0000000082a00000, 0x0000000082b00000|  0%| F|  |TAMS 0x0000000082a00000, 0x0000000082a00000| Untracked 
|  15|0x0000000082b00000, 0x0000000082b00000, 0x0000000082c00000|  0%| F|  |TAMS 0x0000000082b00000, 0x0000000082b00000| Untracked 
|  16|0x0000000082c00000, 0x0000000082c00000, 0x0000000082d00000|  0%| F|  |TAMS 0x0000000082c00000, 0x0000000082c00000| Untracked 
|  17|0x0000000082d00000, 0x0000000082d00000, 0x0000000082e00000|  0%| F|  |TAMS 0x0000000082d00000, 0x0000000082d00000| Untracked 
|  18|0x0000000082e00000, 0x0000000082e00000, 0x0000000082f00000|  0%| F|  |TAMS 0x0000000082e00000, 0x0000000082e00000| Untracked 
|  19|0x0000000082f00000, 0x0000000082f00000, 0x0000000083000000|  0%| F|  |TAMS 0x0000000082f00000, 0x0000000082f00000| Untracked 
|  20|0x0000000083000000, 0x0000000083000000, 0x0000000083100000|  0%| F|  |TAMS 0x0000000083000000, 0x0000000083000000| Untracked 
|  21|0x0000000083100000, 0x0000000083100000, 0x0000000083200000|  0%| F|  |TAMS 0x0000000083100000, 0x0000000083100000| Untracked 
|  22|0x0000000083200000, 0x0000000083200000, 0x0000000083300000|  0%| F|  |TAMS 0x0000000083200000, 0x0000000083200000| Untracked 
|  23|0x0000000083300000, 0x0000000083300000, 0x0000000083400000|  0%| F|  |TAMS 0x0000000083300000, 0x0000000083300000| Untracked 
|  24|0x0000000083400000, 0x0000000083400000, 0x0000000083500000|  0%| F|  |TAMS 0x0000000083400000, 0x0000000083400000| Untracked 
|  25|0x0000000083500000, 0x0000000083500000, 0x0000000083600000|  0%| F|  |TAMS 0x0000000083500000, 0x0000000083500000| Untracked 
|  26|0x0000000083600000, 0x0000000083600000, 0x0000000083700000|  0%| F|  |TAMS 0x0000000083600000, 0x0000000083600000| Untracked 
|  27|0x0000000083700000, 0x0000000083700000, 0x0000000083800000|  0%| F|  |TAMS 0x0000000083700000, 0x0000000083700000| Untracked 
|  28|0x0000000083800000, 0x0000000083800000, 0x0000000083900000|  0%| F|  |TAMS 0x0000000083800000, 0x0000000083800000| Untracked 
|  29|0x0000000083900000, 0x0000000083900000, 0x0000000083a00000|  0%| F|  |TAMS 0x0000000083900000, 0x0000000083900000| Untracked 
|  30|0x0000000083a00000, 0x0000000083a00000, 0x0000000083b00000|  0%| F|  |TAMS 0x0000000083a00000, 0x0000000083a00000| Untracked 
|  31|0x0000000083b00000, 0x0000000083b00000, 0x0000000083c00000|  0%| F|  |TAMS 0x0000000083b00000, 0x0000000083b00000| Untracked 
|  32|0x0000000083c00000, 0x0000000083c00000, 0x0000000083d00000|  0%| F|  |TAMS 0x0000000083c00000, 0x0000000083c00000| Untracked 
|  33|0x0000000083d00000, 0x0000000083d00000, 0x0000000083e00000|  0%| F|  |TAMS 0x0000000083d00000, 0x0000000083d00000| Untracked 
|  34|0x0000000083e00000, 0x0000000083e00000, 0x0000000083f00000|  0%| F|  |TAMS 0x0000000083e00000, 0x0000000083e00000| Untracked 
|  35|0x0000000083f00000, 0x0000000083f00000, 0x0000000084000000|  0%| F|  |TAMS 0x0000000083f00000, 0x0000000083f00000| Untracked 
|  36|0x0000000084000000, 0x0000000084000000, 0x0000000084100000|  0%| F|  |TAMS 0x0000000084000000, 0x0000000084000000| Untracked 
|  37|0x0000000084100000, 0x0000000084100000, 0x0000000084200000|  0%| F|  |TAMS 0x0000000084100000, 0x0000000084100000| Untracked 
|  38|0x0000000084200000, 0x0000000084200000, 0x0000000084300000|  0%| F|  |TAMS 0x0000000084200000, 0x0000000084200000| Untracked 
|  39|0x0000000084300000, 0x0000000084300000, 0x0000000084400000|  0%| F|  |TAMS 0x0000000084300000, 0x0000000084300000| Untracked 
|  40|0x0000000084400000, 0x0000000084400000, 0x0000000084500000|  0%| F|  |TAMS 0x0000000084400000, 0x0000000084400000| Untracked 
|  41|0x0000000084500000, 0x0000000084500000, 0x0000000084600000|  0%| F|  |TAMS 0x0000000084500000, 0x0000000084500000| Untracked 
|  42|0x0000000084600000, 0x0000000084600000, 0x0000000084700000|  0%| F|  |TAMS 0x0000000084600000, 0x0000000084600000| Untracked 
|  43|0x0000000084700000, 0x0000000084700000, 0x0000000084800000|  0%| F|  |TAMS 0x0000000084700000, 0x0000000084700000| Untracked 
|  44|0x0000000084800000, 0x0000000084800000, 0x0000000084900000|  0%| F|  |TAMS 0x0000000084800000, 0x0000000084800000| Untracked 
|  45|0x0000000084900000, 0x0000000084900000, 0x0000000084a00000|  0%| F|  |TAMS 0x0000000084900000, 0x0000000084900000| Untracked 
|  46|0x0000000084a00000, 0x0000000084a00000, 0x0000000084b00000|  0%| F|  |TAMS 0x0000000084a00000, 0x0000000084a00000| Untracked 
|  47|0x0000000084b00000, 0x0000000084b00000, 0x0000000084c00000|  0%| F|  |TAMS 0x0000000084b00000, 0x0000000084b00000| Untracked 
|  48|0x0000000084c00000, 0x0000000084c00000, 0x0000000084d00000|  0%| F|  |TAMS 0x0000000084c00000, 0x0000000084c00000| Untracked 
|  49|0x0000000084d00000, 0x0000000084d00000, 0x0000000084e00000|  0%| F|  |TAMS 0x0000000084d00000, 0x0000000084d00000| Untracked 
|  50|0x0000000084e00000, 0x0000000084e00000, 0x0000000084f00000|  0%| F|  |TAMS 0x0000000084e00000, 0x0000000084e00000| Untracked 
|  51|0x0000000084f00000, 0x0000000084f00000, 0x0000000085000000|  0%| F|  |TAMS 0x0000000084f00000, 0x0000000084f00000| Untracked 
|  52|0x0000000085000000, 0x0000000085000000, 0x0000000085100000|  0%| F|  |TAMS 0x0000000085000000, 0x0000000085000000| Untracked 
|  53|0x0000000085100000, 0x0000000085100000, 0x0000000085200000|  0%| F|  |TAMS 0x0000000085100000, 0x0000000085100000| Untracked 
|  54|0x0000000085200000, 0x0000000085200000, 0x0000000085300000|  0%| F|  |TAMS 0x0000000085200000, 0x0000000085200000| Untracked 
|  55|0x0000000085300000, 0x0000000085300000, 0x0000000085400000|  0%| F|  |TAMS 0x0000000085300000, 0x0000000085300000| Untracked 
|  56|0x0000000085400000, 0x0000000085400000, 0x0000000085500000|  0%| F|  |TAMS 0x0000000085400000, 0x0000000085400000| Untracked 
|  57|0x0000000085500000, 0x0000000085500000, 0x0000000085600000|  0%| F|  |TAMS 0x0000000085500000, 0x0000000085500000| Untracked 
|  58|0x0000000085600000, 0x0000000085600000, 0x0000000085700000|  0%| F|  |TAMS 0x0000000085600000, 0x0000000085600000| Untracked 
|  59|0x0000000085700000, 0x0000000085700000, 0x0000000085800000|  0%| F|  |TAMS 0x0000000085700000, 0x0000000085700000| Untracked 
|  60|0x0000000085800000, 0x0000000085800000, 0x0000000085900000|  0%| F|  |TAMS 0x0000000085800000, 0x0000000085800000| Untracked 
|  61|0x0000000085900000, 0x0000000085900000, 0x0000000085a00000|  0%| F|  |TAMS 0x0000000085900000, 0x0000000085900000| Untracked 
|  62|0x0000000085a00000, 0x0000000085a00000, 0x0000000085b00000|  0%| F|  |TAMS 0x0000000085a00000, 0x0000000085a00000| Untracked 
|  63|0x0000000085b00000, 0x0000000085b00000, 0x0000000085c00000|  0%| F|  |TAMS 0x0000000085b00000, 0x0000000085b00000| Untracked 
|  64|0x0000000085c00000, 0x0000000085c00000, 0x0000000085d00000|  0%| F|  |TAMS 0x0000000085c00000, 0x0000000085c00000| Untracked 
|  65|0x0000000085d00000, 0x0000000085d00000, 0x0000000085e00000|  0%| F|  |TAMS 0x0000000085d00000, 0x0000000085d00000| Untracked 
|  66|0x0000000085e00000, 0x0000000085e00000, 0x0000000085f00000|  0%| F|  |TAMS 0x0000000085e00000, 0x0000000085e00000| Untracked 
|  67|0x0000000085f00000, 0x0000000085f00000, 0x0000000086000000|  0%| F|  |TAMS 0x0000000085f00000, 0x0000000085f00000| Untracked 
|  68|0x0000000086000000, 0x0000000086000000, 0x0000000086100000|  0%| F|  |TAMS 0x0000000086000000, 0x0000000086000000| Untracked 
|  69|0x0000000086100000, 0x0000000086100000, 0x0000000086200000|  0%| F|  |TAMS 0x0000000086100000, 0x0000000086100000| Untracked 
|  70|0x0000000086200000, 0x0000000086200000, 0x0000000086300000|  0%| F|  |TAMS 0x0000000086200000, 0x0000000086200000| Untracked 
|  71|0x0000000086300000, 0x0000000086300000, 0x0000000086400000|  0%| F|  |TAMS 0x0000000086300000, 0x0000000086300000| Untracked 
|  72|0x0000000086400000, 0x0000000086400000, 0x0000000086500000|  0%| F|  |TAMS 0x0000000086400000, 0x0000000086400000| Untracked 
|  73|0x0000000086500000, 0x0000000086500000, 0x0000000086600000|  0%| F|  |TAMS 0x0000000086500000, 0x0000000086500000| Untracked 
|  74|0x0000000086600000, 0x0000000086600000, 0x0000000086700000|  0%| F|  |TAMS 0x0000000086600000, 0x0000000086600000| Untracked 
|  75|0x0000000086700000, 0x0000000086700000, 0x0000000086800000|  0%| F|  |TAMS 0x0000000086700000, 0x0000000086700000| Untracked 
|  76|0x0000000086800000, 0x0000000086800000, 0x0000000086900000|  0%| F|  |TAMS 0x0000000086800000, 0x0000000086800000| Untracked 
|  77|0x0000000086900000, 0x0000000086900000, 0x0000000086a00000|  0%| F|  |TAMS 0x0000000086900000, 0x0000000086900000| Untracked 
|  78|0x0000000086a00000, 0x0000000086a00000, 0x0000000086b00000|  0%| F|  |TAMS 0x0000000086a00000, 0x0000000086a00000| Untracked 
|  79|0x0000000086b00000, 0x0000000086b00000, 0x0000000086c00000|  0%| F|  |TAMS 0x0000000086b00000, 0x0000000086b00000| Untracked 
|  80|0x0000000086c00000, 0x0000000086c00000, 0x0000000086d00000|  0%| F|  |TAMS 0x0000000086c00000, 0x0000000086c00000| Untracked 
|  81|0x0000000086d00000, 0x0000000086d00000, 0x0000000086e00000|  0%| F|  |TAMS 0x0000000086d00000, 0x0000000086d00000| Untracked 
|  82|0x0000000086e00000, 0x0000000086e00000, 0x0000000086f00000|  0%| F|  |TAMS 0x0000000086e00000, 0x0000000086e00000| Untracked 
|  83|0x0000000086f00000, 0x0000000086f00000, 0x0000000087000000|  0%| F|  |TAMS 0x0000000086f00000, 0x0000000086f00000| Untracked 
|  84|0x0000000087000000, 0x0000000087000000, 0x0000000087100000|  0%| F|  |TAMS 0x0000000087000000, 0x0000000087000000| Untracked 
|  85|0x0000000087100000, 0x0000000087100000, 0x0000000087200000|  0%| F|  |TAMS 0x0000000087100000, 0x0000000087100000| Untracked 
|  86|0x0000000087200000, 0x0000000087200000, 0x0000000087300000|  0%| F|  |TAMS 0x0000000087200000, 0x0000000087200000| Untracked 
|  87|0x0000000087300000, 0x0000000087300000, 0x0000000087400000|  0%| F|  |TAMS 0x0000000087300000, 0x0000000087300000| Untracked 
|  88|0x0000000087400000, 0x0000000087400000, 0x0000000087500000|  0%| F|  |TAMS 0x0000000087400000, 0x0000000087400000| Untracked 
|  89|0x0000000087500000, 0x0000000087500000, 0x0000000087600000|  0%| F|  |TAMS 0x0000000087500000, 0x0000000087500000| Untracked 
|  90|0x0000000087600000, 0x0000000087600000, 0x0000000087700000|  0%| F|  |TAMS 0x0000000087600000, 0x0000000087600000| Untracked 
|  91|0x0000000087700000, 0x0000000087700000, 0x0000000087800000|  0%| F|  |TAMS 0x0000000087700000, 0x0000000087700000| Untracked 
|  92|0x0000000087800000, 0x0000000087800000, 0x0000000087900000|  0%| F|  |TAMS 0x0000000087800000, 0x0000000087800000| Untracked 
|  93|0x0000000087900000, 0x0000000087900000, 0x0000000087a00000|  0%| F|  |TAMS 0x0000000087900000, 0x0000000087900000| Untracked 
|  94|0x0000000087a00000, 0x0000000087a00000, 0x0000000087b00000|  0%| F|  |TAMS 0x0000000087a00000, 0x0000000087a00000| Untracked 
|  95|0x0000000087b00000, 0x0000000087b00000, 0x0000000087c00000|  0%| F|  |TAMS 0x0000000087b00000, 0x0000000087b00000| Untracked 
|  96|0x0000000087c00000, 0x0000000087c00000, 0x0000000087d00000|  0%| F|  |TAMS 0x0000000087c00000, 0x0000000087c00000| Untracked 
|  97|0x0000000087d00000, 0x0000000087d00000, 0x0000000087e00000|  0%| F|  |TAMS 0x0000000087d00000, 0x0000000087d00000| Untracked 
|  98|0x0000000087e00000, 0x0000000087e00000, 0x0000000087f00000|  0%| F|  |TAMS 0x0000000087e00000, 0x0000000087e00000| Untracked 
|  99|0x0000000087f00000, 0x0000000087f00000, 0x0000000088000000|  0%| F|  |TAMS 0x0000000087f00000, 0x0000000087f00000| Untracked 
| 100|0x0000000088000000, 0x0000000088000000, 0x0000000088100000|  0%| F|  |TAMS 0x0000000088000000, 0x0000000088000000| Untracked 
| 101|0x0000000088100000, 0x0000000088100000, 0x0000000088200000|  0%| F|  |TAMS 0x0000000088100000, 0x0000000088100000| Untracked 
| 102|0x0000000088200000, 0x0000000088200000, 0x0000000088300000|  0%| F|  |TAMS 0x0000000088200000, 0x0000000088200000| Untracked 
| 103|0x0000000088300000, 0x0000000088300000, 0x0000000088400000|  0%| F|  |TAMS 0x0000000088300000, 0x0000000088300000| Untracked 
| 104|0x0000000088400000, 0x0000000088400000, 0x0000000088500000|  0%| F|  |TAMS 0x0000000088400000, 0x0000000088400000| Untracked 
| 105|0x0000000088500000, 0x0000000088500000, 0x0000000088600000|  0%| F|  |TAMS 0x0000000088500000, 0x0000000088500000| Untracked 
| 106|0x0000000088600000, 0x0000000088600000, 0x0000000088700000|  0%| F|  |TAMS 0x0000000088600000, 0x0000000088600000| Untracked 
| 107|0x0000000088700000, 0x0000000088700000, 0x0000000088800000|  0%| F|  |TAMS 0x0000000088700000, 0x0000000088700000| Untracked 
| 108|0x0000000088800000, 0x0000000088800000, 0x0000000088900000|  0%| F|  |TAMS 0x0000000088800000, 0x0000000088800000| Untracked 
| 109|0x0000000088900000, 0x0000000088900000, 0x0000000088a00000|  0%| F|  |TAMS 0x0000000088900000, 0x0000000088900000| Untracked 
| 110|0x0000000088a00000, 0x0000000088a00000, 0x0000000088b00000|  0%| F|  |TAMS 0x0000000088a00000, 0x0000000088a00000| Untracked 
| 111|0x0000000088b00000, 0x0000000088b00000, 0x0000000088c00000|  0%| F|  |TAMS 0x0000000088b00000, 0x0000000088b00000| Untracked 
| 112|0x0000000088c00000, 0x0000000088c00000, 0x0000000088d00000|  0%| F|  |TAMS 0x0000000088c00000, 0x0000000088c00000| Untracked 
| 113|0x0000000088d00000, 0x0000000088d00000, 0x0000000088e00000|  0%| F|  |TAMS 0x0000000088d00000, 0x0000000088d00000| Untracked 
| 114|0x0000000088e00000, 0x0000000088e00000, 0x0000000088f00000|  0%| F|  |TAMS 0x0000000088e00000, 0x0000000088e00000| Untracked 
| 115|0x0000000088f00000, 0x0000000089000000, 0x0000000089000000|100%| E|  |TAMS 0x0000000088f00000, 0x0000000088f00000| Complete 
| 116|0x0000000089000000, 0x0000000089100000, 0x0000000089100000|100%| E|CS|TAMS 0x0000000089000000, 0x0000000089000000| Complete 
| 117|0x0000000089100000, 0x0000000089200000, 0x0000000089200000|100%| E|CS|TAMS 0x0000000089100000, 0x0000000089100000| Complete 
| 118|0x0000000089200000, 0x0000000089300000, 0x0000000089300000|100%| E|CS|TAMS 0x0000000089200000, 0x0000000089200000| Complete 
| 119|0x0000000089300000, 0x0000000089400000, 0x0000000089400000|100%| E|CS|TAMS 0x0000000089300000, 0x0000000089300000| Complete 
| 120|0x0000000089400000, 0x0000000089500000, 0x0000000089500000|100%| E|CS|TAMS 0x0000000089400000, 0x0000000089400000| Complete 
| 121|0x0000000089500000, 0x0000000089600000, 0x0000000089600000|100%| E|CS|TAMS 0x0000000089500000, 0x0000000089500000| Complete 
| 122|0x0000000089600000, 0x0000000089700000, 0x0000000089700000|100%| E|CS|TAMS 0x0000000089600000, 0x0000000089600000| Complete 
| 123|0x0000000089700000, 0x0000000089800000, 0x0000000089800000|100%| E|CS|TAMS 0x0000000089700000, 0x0000000089700000| Complete 
| 124|0x0000000089800000, 0x0000000089900000, 0x0000000089900000|100%| E|CS|TAMS 0x0000000089800000, 0x0000000089800000| Complete 
| 125|0x0000000089900000, 0x0000000089a00000, 0x0000000089a00000|100%| E|CS|TAMS 0x0000000089900000, 0x0000000089900000| Complete 
| 126|0x0000000089a00000, 0x0000000089b00000, 0x0000000089b00000|100%| E|CS|TAMS 0x0000000089a00000, 0x0000000089a00000| Complete 
| 127|0x0000000089b00000, 0x0000000089c00000, 0x0000000089c00000|100%| E|CS|TAMS 0x0000000089b00000, 0x0000000089b00000| Complete 

Card table byte_map: [0x0000020c375c0000,0x0000020c379c0000] _byte_map_base: 0x0000020c371b2000

Marking Bits (Prev, Next): (CMBitMap*) 0x0000020c2ad9fb60, (CMBitMap*) 0x0000020c2ad9fba0
 Prev Bits: [0x0000020c37dc0000, 0x0000020c39d50000)
 Next Bits: [0x0000020c39d50000, 0x0000020c3bce0000)

Polling page: 0x0000020c2a6c0000

Metaspace:

Usage:
  Non-class:     11.72 MB used.
      Class:      1.35 MB used.
       Both:     13.07 MB used.

Virtual space:
  Non-class space:       64.00 MB reserved,      11.81 MB ( 18%) committed,  1 nodes.
      Class space:        1.00 GB reserved,       1.44 MB ( <1%) committed,  1 nodes.
             Both:        1.06 GB reserved,      13.25 MB (  1%) committed. 

Chunk freelists:
   Non-Class:  4.04 MB
       Class:  14.54 MB
        Both:  18.58 MB

MaxMetaspaceSize: unlimited
CompressedClassSpaceSize: 1.00 GB
Initial GC threshold: 21.00 MB
Current GC threshold: 21.00 MB
CDS: off
MetaspaceReclaimPolicy: balanced
 - commit_granule_bytes: 65536.
 - commit_granule_words: 8192.
 - virtual_space_node_default_size: 8388608.
 - enlarge_chunks_in_place: 1.
 - new_chunks_are_fully_committed: 0.
 - uncommit_free_chunks: 1.
 - use_allocation_guard: 0.
 - handle_deallocations: 1.


Internal statistics:

num_allocs_failed_limit: 0.
num_arena_births: 140.
num_arena_deaths: 0.
num_vsnodes_births: 2.
num_vsnodes_deaths: 0.
num_space_committed: 212.
num_space_uncommitted: 0.
num_chunks_returned_to_freelist: 0.
num_chunks_taken_from_freelist: 229.
num_chunk_merges: 0.
num_chunk_splits: 127.
num_chunks_enlarged: 58.
num_inconsistent_stats: 0.

CodeCache: size=49152Kb used=3080Kb max_used=3080Kb free=46071Kb
 bounds [0x0000020c33d80000, 0x0000020c34090000, 0x0000020c36d80000]
 total_blobs=1414 nmethods=974 adapters=367
 compilation: disabled (not enough contiguous free space left)
              stopped_count=1, restarted_count=0
 full_count=1

Compilation events (20 events):
Event: 1.047 Thread 0x0000020c3e584f80 nmethod 928 0x0000020c3406aa10 code [0x0000020c3406aba0, 0x0000020c3406acd8]
Event: 1.047 Thread 0x0000020c3e3fc860 nmethod 927 0x0000020c3406ae10 code [0x0000020c3406afe0, 0x0000020c3406b218]
Event: 1.047 Thread 0x0000020c3e584f80  929       1       sun.net.www.ParseUtil::encodePath (41 bytes)
Event: 1.047 Thread 0x0000020c3e584f80 nmethod 929 0x0000020c3406b390 code [0x0000020c3406b540, 0x0000020c3406b6c8]
Event: 1.048 Thread 0x0000020c3e584f80  930       1       java.io.InputStream::<init> (5 bytes)
Event: 1.048 Thread 0x0000020c3e584f80 nmethod 930 0x0000020c3406b790 code [0x0000020c3406b920, 0x0000020c3406b9d8]
Event: 1.053 Thread 0x0000020c3e3fc860  931       1       java.security.CodeSource::getLocation (5 bytes)
Event: 1.053 Thread 0x0000020c3e3fc860 nmethod 931 0x0000020c3406ba90 code [0x0000020c3406bc20, 0x0000020c3406bcf8]
Event: 1.054 Thread 0x0000020c3e584f80  932       1       sun.net.www.protocol.file.Handler::parseURL (18 bytes)
Event: 1.054 Thread 0x0000020c3e3fc860  933       1       java.net.URLStreamHandler::parseURL (1201 bytes)
Event: 1.054 Thread 0x0000020c3e584f80 nmethod 932 0x0000020c3406bd90 code [0x0000020c3406bf40, 0x0000020c3406c078]
Event: 1.055 Thread 0x0000020c3e584f80  934       1       jdk.internal.util.jar.JarIndex::get (49 bytes)
Event: 1.055 Thread 0x0000020c3e584f80 nmethod 934 0x0000020c3406c190 code [0x0000020c3406c360, 0x0000020c3406c628]
Event: 1.056 Thread 0x0000020c3e584f80  935   !   1       jdk.internal.loader.URLClassPath$JarLoader::getResource (354 bytes)
Event: 1.058 Thread 0x0000020c3e584f80 nmethod 935 0x0000020c3406c810 code [0x0000020c3406cbc0, 0x0000020c3406dbc8]
Event: 1.058 Thread 0x0000020c3e584f80  936       1       java.util.concurrent.ConcurrentHashMap$BaseIterator::<init> (21 bytes)
Event: 1.058 Thread 0x0000020c3e584f80 nmethod 936 0x0000020c3406f110 code [0x0000020c3406f2c0, 0x0000020c3406f458]
Event: 1.058 Thread 0x0000020c3e584f80  937       1       java.util.concurrent.ConcurrentHashMap$Traverser::<init> (36 bytes)
Event: 1.058 Thread 0x0000020c3e584f80 nmethod 937 0x0000020c3406f510 code [0x0000020c3406f6a0, 0x0000020c3406f7f8]
Event: 1.064 Thread 0x0000020c3e3fc860 nmethod 933 0x0000020c3406f890 code [0x0000020c34070140, 0x0000020c34073ea8]

GC Heap History (0 events):
No events

Deoptimization events (0 events):
No events

Classes unloaded (0 events):
No events

Classes redefined (0 events):
No events

Internal exceptions (11 events):
Event: 0.507 Thread 0x0000020c2ad6d680 Exception <a 'java/lang/NoSuchMethodError'{0x00000000897d17b0}: 'java.lang.Object java.lang.invoke.DirectMethodHandle$Holder.invokeStaticInit(java.lang.Object)'> (0x00000000897d17b0) 
thrown [s\open\src\hotspot\share\interpreter\linkResolver.cpp, line 759]
Event: 0.528 Thread 0x0000020c2ad6d680 Exception <a 'java/lang/NoSuchMethodError'{0x00000000897ec0c0}: 'int java.lang.invoke.DirectMethodHandle$Holder.invokeInterface(java.lang.Object, java.lang.Object)'> (0x00000000897ec0c0) 
thrown [s\open\src\hotspot\share\interpreter\linkResolver.cpp, line 759]
Event: 0.528 Thread 0x0000020c2ad6d680 Exception <a 'java/lang/IncompatibleClassChangeError'{0x00000000897ef6c0}: Found class java.lang.Object, but interface was expected> (0x00000000897ef6c0) 
thrown [s\open\src\hotspot\share\interpreter\linkResolver.cpp, line 826]
Event: 0.529 Thread 0x0000020c2ad6d680 Exception <a 'java/lang/NoSuchMethodError'{0x00000000897f5270}: 'void java.lang.invoke.DirectMethodHandle$Holder.invokeStatic(java.lang.Object, java.lang.Object)'> (0x00000000897f5270) 
thrown [s\open\src\hotspot\share\interpreter\linkResolver.cpp, line 759]
Event: 0.579 Thread 0x0000020c2ad6d680 Exception <a 'java/lang/NoSuchMethodError'{0x00000000896c3208}: 'int java.lang.invoke.DirectMethodHandle$Holder.invokeSpecial(java.lang.Object, java.lang.Object, java.lang.Object)'> (0x00000000896c3208) 
thrown [s\open\src\hotspot\share\interpreter\linkResolver.cpp, line 759]
Event: 0.628 Thread 0x0000020c2ad6d680 Exception <a 'java/lang/NoSuchMethodError'{0x00000000895ccdb8}: 'void java.lang.invoke.DirectMethodHandle$Holder.invokeStatic(java.lang.Object, java.lang.Object, java.lang.Object)'> (0x00000000895ccdb8) 
thrown [s\open\src\hotspot\share\interpreter\linkResolver.cpp, line 759]
Event: 0.657 Thread 0x0000020c2ad6d680 Exception <a 'java/lang/NoSuchMethodError'{0x00000000894174d0}: 'int java.lang.invoke.DirectMethodHandle$Holder.invokeSpecialIFC(java.lang.Object, java.lang.Object, java.lang.Object)'> (0x00000000894174d0) 
thrown [s\open\src\hotspot\share\interpreter\linkResolver.cpp, line 759]
Event: 0.683 Thread 0x0000020c2ad6d680 Exception <a 'java/lang/NoSuchMethodError'{0x000000008948de88}: 'java.lang.Object java.lang.invoke.DirectMethodHandle$Holder.invokeStaticInit(java.lang.Object, int, int, int, int)'> (0x000000008948de88) 
thrown [s\open\src\hotspot\share\interpreter\linkResolver.cpp, line 759]
Event: 0.944 Thread 0x0000020c2ad6d680 Exception <a 'java/lang/NoSuchMethodError'{0x00000000893640c0}: 'java.lang.Object java.lang.invoke.DirectMethodHandle$Holder.invokeStaticInit(java.lang.Object, java.lang.Object, int, int, int, int)'> (0x00000000893640c0) 
thrown [s\open\src\hotspot\share\interpreter\linkResolver.cpp, line 759]
Event: 0.953 Thread 0x0000020c2ad6d680 Exception <a 'java/lang/ClassNotFoundException'{0x000000008937f810}: javax/management/remote/rmi/RMIServerImpl_Skel> (0x000000008937f810) 
thrown [s\open\src\hotspot\share\classfile\systemDictionary.cpp, line 256]
Event: 0.994 Thread 0x0000020c2ad6d680 Exception <a 'java/lang/ClassNotFoundException'{0x000000008925f780}: jdk/internal/agent/resources/spi/agentProvider> (0x000000008925f780) 
thrown [s\open\src\hotspot\share\classfile\systemDictionary.cpp, line 256]

VM Operations (6 events):
Event: 0.413 Executing VM operation: HandshakeAllThreads
Event: 0.413 Executing VM operation: HandshakeAllThreads done
Event: 0.638 Executing VM operation: HandshakeAllThreads
Event: 0.638 Executing VM operation: HandshakeAllThreads done
Event: 0.671 Executing VM operation: HandshakeAllThreads
Event: 0.671 Executing VM operation: HandshakeAllThreads done

Events (20 events):
Event: 1.006 loading class jdk/internal/loader/URLClassPath$JarLoader$2
Event: 1.007 loading class jdk/internal/loader/URLClassPath$JarLoader$2 done
Event: 1.007 loading class java/util/zip/CRC32
Event: 1.008 loading class java/util/zip/Checksum
Event: 1.008 loading class java/util/zip/Checksum done
Event: 1.008 loading class java/util/zip/CRC32 done
Event: 1.008 loading class java/util/zip/Checksum$1
Event: 1.008 loading class java/util/zip/Checksum$1 done
Event: 1.049 loading class java/lang/reflect/InvocationTargetException
Event: 1.049 loading class java/lang/reflect/InvocationTargetException done
Event: 1.050 loading class java/util/ServiceConfigurationError
Event: 1.050 loading class java/util/ServiceConfigurationError done
Event: 1.052 loading class java/lang/UnsupportedOperationException
Event: 1.052 loading class java/lang/UnsupportedOperationException done
Event: 1.053 loading class java/util/concurrent/LinkedBlockingQueue
Event: 1.054 loading class java/util/concurrent/LinkedBlockingQueue done
Event: 1.054 loading class java/util/concurrent/LinkedBlockingQueue$Node
Event: 1.054 loading class java/util/concurrent/LinkedBlockingQueue$Node done
Event: 1.056 loading class java/lang/InheritableThreadLocal
Event: 1.056 loading class java/lang/InheritableThreadLocal done


Dynamic libraries:
0x00007ff64be90000 - 0x00007ff64bea0000 	C:\Program Files\Java\jdk-17\bin\javaw.exe
0x0000020c2aab0000 - 0x0000020c2aca8000 	C:\Windows\SYSTEM32\ntd1l.dll
0x0000020c2a590000 - 0x0000020c2a652000 	C:\Windows\System32\kern3l32.dll
0x00007ffbf07b0000 - 0x00007ffbf09a8000 	C:\Windows\SYSTEM32\ntdll.dll
0x00007ffbeeb60000 - 0x00007ffbeec22000 	C:\Windows\System32\KERNEL32.DLL
0x00007ffbee1f0000 - 0x00007ffbee4e6000 	C:\Windows\System32\KERNELBASE.dll
0x00007ffbed870000 - 0x00007ffbedc4b000 	C:\Program Files\SentinelOne\Sentinel Agent 25.1.3.334\InProcessClient64.dll
0x00007ffbeff20000 - 0x00007ffbeffd1000 	C:\Windows\System32\ADVAPI32.dll
0x00007ffbef540000 - 0x00007ffbef5de000 	C:\Windows\System32\msvcrt.dll
0x00007ffbed860000 - 0x00007ffbed86a000 	C:\Windows\SYSTEM32\VERSION.dll
0x00007ffbef850000 - 0x00007ffbef8ef000 	C:\Windows\System32\sechost.dll
0x00007ffbeffe0000 - 0x00007ffbf0100000 	C:\Windows\System32\RPCRT4.dll
0x00007ffbee0f0000 - 0x00007ffbee117000 	C:\Windows\System32\bcrypt.dll
0x00007ffbee540000 - 0x00007ffbee640000 	C:\Windows\System32\ucrtbase.dll
0x00007ffbc4d60000 - 0x00007ffbc4d79000 	C:\Program Files\Java\jdk-17\bin\jli.dll
0x00007ffbc4b00000 - 0x00007ffbc4b1b000 	C:\Program Files\Java\jdk-17\bin\VCRUNTIME140.dll
0x00007ffbefa20000 - 0x00007ffbefbbd000 	C:\Windows\System32\USER32.dll
0x00007ffbde600000 - 0x00007ffbde89b000 	C:\Windows\WinSxS\amd64_microsoft.windows.common-controls_6595b64144ccf1df_6.0.19041.6280_none_60bc30a171f2f3f3\COMCTL32.dll
0x00007ffbee120000 - 0x00007ffbee142000 	C:\Windows\System32\win32u.dll
0x00007ffbef5e0000 - 0x00007ffbef60b000 	C:\Windows\System32\GDI32.dll
0x00007ffbee640000 - 0x00007ffbee759000 	C:\Windows\System32\gdi32full.dll
0x00007ffbee150000 - 0x00007ffbee1ed000 	C:\Windows\System32\msvcp_win.dll
0x00007ffbed790000 - 0x00007ffbed79b000 	C:\Windows\SYSTEM32\FLTLIB.DLL
0x00007ffbef610000 - 0x00007ffbef63f000 	C:\Windows\System32\IMM32.DLL
0x00007ffbe6670000 - 0x00007ffbe667c000 	C:\Program Files\Java\jdk-17\bin\vcruntime140_1.dll
0x00007ffbbbe90000 - 0x00007ffbbbf1e000 	C:\Program Files\Java\jdk-17\bin\msvcp140.dll
0x00007ffb7dd30000 - 0x00007ffb7e910000 	C:\Program Files\Java\jdk-17\bin\server\jvm.dll
0x00007ffbeea00000 - 0x00007ffbeea08000 	C:\Windows\System32\PSAPI.DLL
0x00007ffbd4c90000 - 0x00007ffbd4c99000 	C:\Windows\SYSTEM32\WSOCK32.dll
0x00007ffbeea10000 - 0x00007ffbeea7b000 	C:\Windows\System32\WS2_32.dll
0x00007ffbd9fe0000 - 0x00007ffbda007000 	C:\Windows\SYSTEM32\WINMM.dll
0x00007ffbeb710000 - 0x00007ffbeb722000 	C:\Windows\SYSTEM32\kernel.appcore.dll
0x00007ffbd1ac0000 - 0x00007ffbd1aca000 	C:\Program Files\Java\jdk-17\bin\jimage.dll
0x00007ffbdb660000 - 0x00007ffbdb861000 	C:\Windows\SYSTEM32\DBGHELP.DLL
0x00007ffbd3e80000 - 0x00007ffbd3eb4000 	C:\Windows\SYSTEM32\dbgcore.DLL
0x00007ffbede50000 - 0x00007ffbeded2000 	C:\Windows\System32\bcryptPrimitives.dll
0x00007ffbb71d0000 - 0x00007ffbb726f000 	C:\Program Files\SentinelOne\Sentinel Agent 25.1.3.334\SentinelJava64.dll
0x00007ffbef8f0000 - 0x00007ffbefa1b000 	C:\Windows\System32\ole32.dll
0x00007ffbefbc0000 - 0x00007ffbeff13000 	C:\Windows\System32\combase.dll
0x00007ffbbe4c0000 - 0x00007ffbbe4e5000 	C:\Program Files\Java\jdk-17\bin\java.dll
0x00007ffbbbd30000 - 0x00007ffbbbe07000 	C:\Program Files\Java\jdk-17\bin\jsvml.dll
0x00007ffbeece0000 - 0x00007ffbef450000 	C:\Windows\System32\SHELL32.dll
0x00007ffbeb910000 - 0x00007ffbec0b5000 	C:\Windows\SYSTEM32\windows.storage.dll
0x00007ffbed400000 - 0x00007ffbed42b000 	C:\Windows\SYSTEM32\Wldp.dll
0x00007ffbef760000 - 0x00007ffbef82d000 	C:\Windows\System32\OLEAUT32.dll
0x0000020c3e870000 - 0x0000020c3e91d000 	C:\Windows\System32\SHCORE.dll
0x00007ffbf0710000 - 0x00007ffbf076b000 	C:\Windows\System32\shlwapi.dll
0x00007ffbedd80000 - 0x00007ffbedda4000 	C:\Windows\SYSTEM32\profapi.dll
0x00007ffbc42c0000 - 0x00007ffbc42d9000 	C:\Program Files\Java\jdk-17\bin\net.dll
0x00007ffbe4820000 - 0x00007ffbe492a000 	C:\Windows\SYSTEM32\WINHTTP.dll
0x00007ffbed170000 - 0x00007ffbed1da000 	C:\Windows\system32\mswsock.dll
0x00007ffbc3360000 - 0x00007ffbc3376000 	C:\Program Files\Java\jdk-17\bin\nio.dll
0x00007ffbc1c50000 - 0x00007ffbc1c68000 	C:\Program Files\Java\jdk-17\bin\zip.dll
0x00007ffbd1a00000 - 0x00007ffbd1a0a000 	C:\Program Files\Java\jdk-17\bin\management.dll
0x00007ffbd0fe0000 - 0x00007ffbd0feb000 	C:\Program Files\Java\jdk-17\bin\management_ext.dll
0x00007ffbe0aa0000 - 0x00007ffbe0ab7000 	C:\Windows\system32\napinsp.dll
0x00007ffbe0ac0000 - 0x00007ffbe0adb000 	C:\Windows\system32\pnrpnsp.dll
0x00007ffbe1ac0000 - 0x00007ffbe1add000 	C:\Windows\system32\wshbth.dll
0x00007ffbe8c50000 - 0x00007ffbe8c6d000 	C:\Windows\system32\NLAapi.dll
0x00007ffbece50000 - 0x00007ffbece8b000 	C:\Windows\SYSTEM32\IPHLPAPI.DLL
0x00007ffbecea0000 - 0x00007ffbecf6a000 	C:\Windows\SYSTEM32\DNSAPI.dll
0x00007ffbee9f0000 - 0x00007ffbee9f8000 	C:\Windows\System32\NSI.dll
0x00007ffbe1fd0000 - 0x00007ffbe1fe2000 	C:\Windows\System32\winrnr.dll
0x00007ffbe4aa0000 - 0x00007ffbe4aaa000 	C:\Windows\System32\rasadhlp.dll
0x00007ffbe8310000 - 0x00007ffbe8390000 	C:\Windows\System32\fwpuclnt.dll
0x00007ffbed360000 - 0x00007ffbed378000 	C:\Windows\SYSTEM32\CRYPTSP.dll
0x00007ffbeca90000 - 0x00007ffbecac8000 	C:\Windows\system32\rsaenh.dll
0x00007ffbedd00000 - 0x00007ffbedd2e000 	C:\Windows\SYSTEM32\USERENV.dll
0x00007ffbed430000 - 0x00007ffbed43c000 	C:\Windows\SYSTEM32\CRYPTBASE.dll
0x00007ffbe8550000 - 0x00007ffbe8567000 	C:\Windows\SYSTEM32\dhcpcsvc6.DLL
0x00007ffbe8530000 - 0x00007ffbe854d000 	C:\Windows\SYSTEM32\dhcpcsvc.DLL

dbghelp: loaded successfully - version: 4.0.5 - missing functions: none
symbol engine: initialized successfully - sym options: 0x614 - pdb path: .;C:\Program Files\Java\jdk-17\bin;C:\Windows\SYSTEM32;C:\Program Files\SentinelOne\Sentinel Agent 25.1.3.334;C:\Windows\WinSxS\amd64_microsoft.windows.common-controls_6595b64144ccf1df_6.0.19041.6280_none_60bc30a171f2f3f3;C:\Program Files\Java\jdk-17\bin\server

VM Arguments:
jvm_args: -Dcom.sun.management.jmxremote -Dcom.sun.management.jmxremote.port=52959 -Dcom.sun.management.jmxremote.authenticate=false -Dcom.sun.management.jmxremote.ssl=false -Djava.rmi.server.hostname=localhost -Dspring.jmx.enabled=true -Dmanagement.endpoints.jmx.exposure.include=* -Dspring.application.admin.enabled=true -Dspring.output.ansi.enabled=always -XX:TieredStopAtLevel=1 -Dspring.boot.project.name=SBSecurityDemo -Dfile.encoding=UTF-8 -Dstdout.encoding=UTF-8 -Dstderr.encoding=UTF-8 -XX:+ShowCodeDetailsInExceptionMessages -agentpath:C:\Program Files\SentinelOne\Sentinel Agent 25.1.3.334\SentinelJava64.dll=extendedCapabilities 
java_command: com.example.demo.SbSecurityDemoApplication
java_class_path (initial): C:\Users\rethessh.ed\eclipse-workspace\java\spring tool\SBSecurityDemo\target\classes;C:\Users\rethessh.ed\.m2\repository\org\springframework\boot\spring-boot-starter-security\3.5.14\spring-boot-starter-security-3.5.14.jar;C:\Users\rethessh.ed\.m2\repository\org\springframework\boot\spring-boot-starter\3.5.14\spring-boot-starter-3.5.14.jar;C:\Users\rethessh.ed\.m2\repository\org\springframework\boot\spring-boot-starter-logging\3.5.14\spring-boot-starter-logging-3.5.14.jar;C:\Users\rethessh.ed\.m2\repository\ch\qos\logback\logback-classic\1.5.32\logback-classic-1.5.32.jar;C:\Users\rethessh.ed\.m2\repository\ch\qos\logback\logback-core\1.5.32\logback-core-1.5.32.jar;C:\Users\rethessh.ed\.m2\repository\org\apache\logging\log4j\log4j-to-slf4j\2.24.3\log4j-to-slf4j-2.24.3.jar;C:\Users\rethessh.ed\.m2\repository\org\apache\logging\log4j\log4j-api\2.24.3\log4j-api-2.24.3.jar;C:\Users\rethessh.ed\.m2\repository\org\slf4j\jul-to-slf4j\2.0.17\jul-to-slf4j-2.0.17.jar;C:\Users\rethessh.ed\.m2\repository\jakarta\annotation\jakarta.annotation-api\2.1.1\jakarta.annotation-api-2.1.1.jar;C:\Users\rethessh.ed\.m2\repository\org\yaml\snakeyaml\2.4\snakeyaml-2.4.jar;C:\Users\rethessh.ed\.m2\repository\org\springframework\spring-aop\6.2.18\spring-aop-6.2.18.jar;C:\Users\rethessh.ed\.m2\repository\org\springframework\spring-beans\6.2.18\spring-beans-6.2.18.jar;C:\Users\rethessh.ed\.m2\repository\org\springframework\security\spring-security-config\6.5.10\spring-security-config-6.5.10.jar;C:\Users\rethessh.ed\.m2\repository\org\springframework\spring-context\6.2.18\spring-context-6.2.18.jar;C:\Users\rethessh.ed\.m2\repository\org\springframework\security\spring-security-web\6.5.10\spring-security-web-6.5.10.jar;C:\Users\rethessh.ed\.m2\repository\org\springframework\spring-expression\6.2.18\spring-expression-6.2.18.jar;C:\Users\rethessh.ed\.m2\repository\org\springframework\boot\spring-boot-starter-thymeleaf\3.5.14\spring-boot-starter-thymeleaf-3.5.14.jar;C:\Us
Launcher Type: SUN_STANDARD

[Global flags]
     intx CICompilerCount                          = 3                                         {product} {ergonomic}
     uint ConcGCThreads                            = 1                                         {product} {ergonomic}
     uint G1ConcRefinementThreads                  = 4                                         {product} {ergonomic}
   size_t G1HeapRegionSize                         = 1048576                                   {product} {ergonomic}
    uintx GCDrainStackTargetSize                   = 64                                        {product} {ergonomic}
   size_t InitialHeapSize                          = 134217728                                 {product} {ergonomic}
     bool ManagementServer                         = true                                      {product} {command line}
   size_t MarkStackSize                            = 4194304                                   {product} {ergonomic}
   size_t MaxHeapSize                              = 2118123520                                {product} {ergonomic}
   size_t MaxNewSize                               = 1270874112                                {product} {ergonomic}
   size_t MinHeapDeltaBytes                        = 1048576                                   {product} {ergonomic}
   size_t MinHeapSize                              = 8388608                                   {product} {ergonomic}
    uintx NonProfiledCodeHeapSize                  = 0                                      {pd product} {ergonomic}
     bool ProfileInterpreter                       = false                                  {pd product} {command line}
    uintx ProfiledCodeHeapSize                     = 0                                      {pd product} {ergonomic}
     bool ShowCodeDetailsInExceptionMessages       = true                                   {manageable} {command line}
   size_t SoftMaxHeapSize                          = 2118123520                             {manageable} {ergonomic}
     intx TieredStopAtLevel                        = 1                                         {product} {command line}
     bool UseCompressedClassPointers               = true                           {product lp64_product} {ergonomic}
     bool UseCompressedOops                        = true                           {product lp64_product} {ergonomic}
     bool UseG1GC                                  = true                                      {product} {ergonomic}
     bool UseLargePagesIndividualAllocation        = false                                  {pd product} {ergonomic}

Logging:
Log output configuration:
 #0: stdout all=warning uptime,level,tags
 #1: stderr all=off uptime,level,tags

Environment Variables:
JAVA_HOME=C:\Program Files\Java\jdk-17
PATH=C:/Users/rethessh.ed/Downloads/spring-tools-for-eclipse-5.1.1.RELEASE-e4.39.0-win32.win32.x86_64/sts-5.1.1.RELEASE//plugins/org.eclipse.justj.openjdk.hotspot.jre.full.win32.x86_64_25.0.2.v20260203-1141/jre/bin/server;C:/Users/rethessh.ed/Downloads/spring-tools-for-eclipse-5.1.1.RELEASE-e4.39.0-win32.win32.x86_64/sts-5.1.1.RELEASE//plugins/org.eclipse.justj.openjdk.hotspot.jre.full.win32.x86_64_25.0.2.v20260203-1141/jre/bin;C:\Program Files\Java\jdk-17\bin;C:\Program Files\Common Files\Oracle\Java\javapath;C:\Program Files (x86)\Common Files\Oracle\Java\javapath;C:\Windows\system32;C:\Windows;C:\Windows\System32\Wbem;C:\Windows\System32\WindowsPowerShell\v1.0\;C:\Windows\System32\OpenSSH\;C:\Program Files\TortoiseSVN\bin;C:\Program Files\nodejs\;C:\Program Files\Microsoft SQL Server\150\Tools\Binn\;C:\Program Files\Microsoft SQL Server\Client SDK\ODBC\170\Tools\Binn\;C:\Program Files\dotnet\;C:\Users\rethessh.ed\AppData\Local\Programs\Python\Python314\Scripts\;C:\Users\rethessh.ed\AppData\Local\Programs\Python\Python314\;C:\Users\rethessh.ed\AppData\Local\Programs\Python\Launcher\;C:\Users\rethessh.ed\AppData\Local\Microsoft\WindowsApps;C:\Users\rethessh.ed\AppData\Local\Programs\Microsoft VS Code\bin;C:\Users\rethessh.ed\AppData\Local\Programs\Git\cmd;C:\Users\rethessh.ed\Downloads\spring-tools-for-eclipse-5.1.1.RELEASE-e4.39.0-win32.win32.x86_64\sts-5.1.1.RELEASE;
USERNAME=rethessh.ed
OS=Windows_NT
PROCESSOR_IDENTIFIER=Intel64 Family 6 Model 58 Stepping 9, GenuineIntel



---------------  S Y S T E M  ---------------

OS:
 Windows 10 , 64 bit Build 19041 (10.0.19041.5915)
OS uptime: 1 days 1:46 hours

CPU: total 4 (initial active 4) (4 cores per cpu, 1 threads per core) family 6 model 58 stepping 9 microcode 0x21, cx8, cmov, fxsr, mmx, sse, sse2, sse3, ssse3, sse4.1, sse4.2, popcnt, tsc, tscinvbit, avx, aes, erms, clmul, vzeroupper, clflush

Memory: 4k page, system-wide physical 8078M (716M free)
TotalPageFile size 12174M (AvailPageFile size 4M)
current process WorkingSet (physical memory assigned to process): 64M, peak: 64M
current process commit charge ("private bytes"): 211M, peak: 211M

vm_info: Java HotSpot(TM) 64-Bit Server VM (17.0.12+8-LTS-286) for windows-amd64 JRE (17.0.12+8-LTS-286), built on Jun  5 2024 06:46:59 by "mach5one" with MS VC++ 17.6 (VS2022)

END.
