#
# There is insufficient memory for the Java Runtime Environment to continue.
# Native memory allocation (mmap) failed to map 134217728 bytes for G1 virtual space
# Possible reasons:
#   The system is out of physical RAM or swap space
#   The process is running with CompressedOops enabled, and the Java Heap may be blocking the growth of the native heap
# Possible solutions:
#   Reduce memory load on the system
#   Increase physical memory or swap space
#   Check if swap backing store is full
#   Decrease Java heap size (-Xmx/-Xms)
#   Decrease number of Java threads
#   Decrease Java thread stack sizes (-Xss)
#   Set larger code cache with -XX:ReservedCodeCacheSize=
#   JVM is running with Unscaled Compressed Oops mode in which the Java heap is
#     placed in the first 4GB address space. The Java Heap base address is the
#     maximum limit for the native heap growth. Please use -XX:HeapBaseMinAddress
#     to set the Java Heap base and to place the Java Heap above 4GB virtual address.
# This output file may be truncated or incomplete.
#
#  Out of Memory Error (os_windows.cpp:3548), pid=12132, tid=6444
#
# JRE version:  (17.0.12+8) (build )
# Java VM: Java HotSpot(TM) 64-Bit Server VM (17.0.12+8-LTS-286, mixed mode, sharing, tiered, compressed oops, compressed class ptrs, g1 gc, windows-amd64)
# No core dump will be written. Minidumps are not enabled by default on client versions of Windows
#

---------------  S U M M A R Y ------------

Command Line: -Dnet.bytebuddy.agent.attacher.dump= -agentpath:C:\Program Files\SentinelOne\Sentinel Agent 25.1.3.334\SentinelJava64.dll=extendedCapabilities net.bytebuddy.agent.Attacher com.sun.tools.attach.VirtualMachine 11564 C:\Users\rethessh.ed\.m2\repository\net\bytebuddy\byte-buddy-agent\1.17.8\byte-buddy-agent-1.17.8.jar false 

Host: Intel(R) Core(TM) i5-3470 CPU @ 3.20GHz, 4 cores, 7G,  Windows 10 , 64 bit Build 19041 (10.0.19041.5915)
Time: Tue May  5 16:15:41 2026 India Standard Time elapsed time: 0.074880 seconds (0d 0h 0m 0s)

---------------  T H R E A D  ---------------

Current thread (0x000002ec8c5d4240):  JavaThread "Unknown thread" [_thread_in_vm, id=6444, stack(0x000000f064000000,0x000000f064100000)]

Stack: [0x000000f064000000,0x000000f064100000]
Native frames: (J=compiled Java code, j=interpreted, Vv=VM code, C=native code)
V  [jvm.dll+0x67a04a]
V  [jvm.dll+0x7da4ed]
V  [jvm.dll+0x7dbe33]
V  [jvm.dll+0x7dc4a3]
V  [jvm.dll+0x24508f]
V  [jvm.dll+0x677089]
V  [jvm.dll+0x66bd32]
V  [jvm.dll+0x301fa6]
V  [jvm.dll+0x309546]
V  [jvm.dll+0x359d2e]
V  [jvm.dll+0x359f5f]
V  [jvm.dll+0x2d9078]
V  [jvm.dll+0x2d9fe4]
V  [jvm.dll+0x7aca21]
V  [jvm.dll+0x367591]
V  [jvm.dll+0x78b999]
V  [jvm.dll+0x3ec83f]
V  [jvm.dll+0x3ee471]
C  [InProcessClient64.dll+0x13677d]
C  [InProcessClient64.dll+0xd0aa7]
C  [InProcessClient64.dll+0xd0a19]
C  [jli.dll+0x5297]
C  [ucrtbase.dll+0x21bb2]
C  [KERNEL32.DLL+0x17374]
C  [ntdll.dll+0x4cc91]


---------------  P R O C E S S  ---------------

Threads class SMR info:
_java_thread_list=0x00007ffe82ae7a18, length=0, elements={
}

Java Threads: ( => current thread )

Other Threads:
  0x000002eca7944820 GCTaskThread "GC Thread#0" [stack: 0x000000f064100000,0x000000f064200000] [id=10324]
  0x000002ec8c62d310 ConcurrentGCThread "G1 Main Marker" [stack: 0x000000f064200000,0x000000f064300000] [id=6628]
  0x000002ec8c62e910 ConcurrentGCThread "G1 Conc#0" [stack: 0x000000f064300000,0x000000f064400000] [id=13096]

[error occurred during error reporting (printing all threads), id 0xc0000005, EXCEPTION_ACCESS_VIOLATION (0xc0000005) at pc=0x00007ffe82319b67]

VM state: not at safepoint (not fully initialized)

VM Mutex/Monitor currently owned by a thread:  ([mutex/lock_event])
[0x000002ec8c5d33c0] Heap_lock - owner thread: 0x000002ec8c5d4240

Heap address: 0x0000000081c00000, size: 2020 MB, Compressed Oops mode: 32-bit

CDS archive(s) mapped at: [0x0000000000000000-0x0000000000000000-0x0000000000000000), size 0, SharedBaseAddress: 0x0000000800000000, ArchiveRelocationMode: 1.
Narrow klass base: 0x0000000000000000, Narrow klass shift: 0, Narrow klass range: 0x0

GC Precious Log:
<Empty>

Heap:
 garbage-first heap   total 0K, used 0K [0x0000000081c00000, 0x0000000100000000)
  region size 1024K, 0 young (0K), 0 survivors (0K)

[error occurred during error reporting (printing heap information), id 0xc0000005, EXCEPTION_ACCESS_VIOLATION (0xc0000005) at pc=0x00007ffe82703859]

GC Heap History (0 events):
No events

Deoptimization events (0 events):
No events

Classes unloaded (0 events):
No events

Classes redefined (0 events):
No events

Internal exceptions (0 events):
No events

VM Operations (0 events):
No events

Events (1 events):
Event: 0.014 Loaded shared library C:\Program Files\Java\jdk-17\bin\java.dll


Dynamic libraries:
0x00007ff7558a0000 - 0x00007ff7558b0000 	C:\Program Files\Java\jdk-17\bin\java.exe
0x000002ec8a330000 - 0x000002ec8a528000 	C:\Windows\SYSTEM32\ntd1l.dll
0x000002ec89e80000 - 0x000002ec89f42000 	C:\Windows\System32\kern3l32.dll
0x00007ffeed2f0000 - 0x00007ffeed4e8000 	C:\Windows\SYSTEM32\ntdll.dll
0x00007ffeec5c0000 - 0x00007ffeec682000 	C:\Windows\System32\KERNEL32.DLL
0x00007ffeeaaa0000 - 0x00007ffeead96000 	C:\Windows\System32\KERNELBASE.dll
0x00007ffeea4e0000 - 0x00007ffeea8bb000 	C:\Program Files\SentinelOne\Sentinel Agent 25.1.3.334\InProcessClient64.dll
0x00007ffeebc00000 - 0x00007ffeebcb1000 	C:\Windows\System32\ADVAPI32.dll
0x00007ffeebb50000 - 0x00007ffeebbee000 	C:\Windows\System32\msvcrt.dll
0x00007ffeea4d0000 - 0x00007ffeea4da000 	C:\Windows\SYSTEM32\VERSION.dll
0x00007ffeec330000 - 0x00007ffeec3cf000 	C:\Windows\System32\sechost.dll
0x00007ffeec200000 - 0x00007ffeec320000 	C:\Windows\System32\RPCRT4.dll
0x00007ffeeaa70000 - 0x00007ffeeaa97000 	C:\Windows\System32\bcrypt.dll
0x00007ffeeb220000 - 0x00007ffeeb320000 	C:\Windows\System32\ucrtbase.dll
0x00007ffee6680000 - 0x00007ffee6699000 	C:\Program Files\Java\jdk-17\bin\jli.dll
0x00007ffee3f90000 - 0x00007ffee3fab000 	C:\Program Files\Java\jdk-17\bin\VCRUNTIME140.dll
0x00007ffeeb440000 - 0x00007ffeeb5dd000 	C:\Windows\System32\USER32.dll
0x00007ffed8490000 - 0x00007ffed872b000 	C:\Windows\WinSxS\amd64_microsoft.windows.common-controls_6595b64144ccf1df_6.0.19041.6280_none_60bc30a171f2f3f3\COMCTL32.dll
0x00007ffeea990000 - 0x00007ffeea9b2000 	C:\Windows\System32\win32u.dll
0x00007ffeec690000 - 0x00007ffeec6bb000 	C:\Windows\System32\GDI32.dll
0x00007ffeeb100000 - 0x00007ffeeb219000 	C:\Windows\System32\gdi32full.dll
0x00007ffeeaf90000 - 0x00007ffeeb02d000 	C:\Windows\System32\msvcp_win.dll
0x00007ffeea3f0000 - 0x00007ffeea3fb000 	C:\Windows\SYSTEM32\FLTLIB.DLL
0x00007ffeec960000 - 0x00007ffeec98f000 	C:\Windows\System32\IMM32.DLL
0x00007ffee73b0000 - 0x00007ffee73bc000 	C:\Program Files\Java\jdk-17\bin\vcruntime140_1.dll
0x00007ffed5770000 - 0x00007ffed57fe000 	C:\Program Files\Java\jdk-17\bin\msvcp140.dll
0x00007ffe82030000 - 0x00007ffe82c10000 	C:\Program Files\Java\jdk-17\bin\server\jvm.dll
0x00007ffeecb30000 - 0x00007ffeecb38000 	C:\Windows\System32\PSAPI.DLL
0x00007ffed63d0000 - 0x00007ffed63d9000 	C:\Windows\SYSTEM32\WSOCK32.dll
0x00007ffeec990000 - 0x00007ffeec9fb000 	C:\Windows\System32\WS2_32.dll
0x00007ffedef00000 - 0x00007ffedef27000 	C:\Windows\SYSTEM32\WINMM.dll
0x00007ffee8250000 - 0x00007ffee8262000 	C:\Windows\SYSTEM32\kernel.appcore.dll
0x00007ffee7350000 - 0x00007ffee735a000 	C:\Program Files\Java\jdk-17\bin\jimage.dll
0x00007ffed8110000 - 0x00007ffed8311000 	C:\Windows\SYSTEM32\DBGHELP.DLL
0x00007ffed6400000 - 0x00007ffed6434000 	C:\Windows\SYSTEM32\dbgcore.DLL
0x00007ffeeada0000 - 0x00007ffeeae22000 	C:\Windows\System32\bcryptPrimitives.dll
0x00007ffec1010000 - 0x00007ffec10af000 	C:\Program Files\SentinelOne\Sentinel Agent 25.1.3.334\SentinelJava64.dll
0x00007ffeeca00000 - 0x00007ffeecb2b000 	C:\Windows\System32\ole32.dll
0x00007ffeeb7f0000 - 0x00007ffeebb43000 	C:\Windows\System32\combase.dll
0x00007ffee2960000 - 0x00007ffee2985000 	C:\Program Files\Java\jdk-17\bin\java.dll

dbghelp: loaded successfully - version: 4.0.5 - missing functions: none
symbol engine: initialized successfully - sym options: 0x614 - pdb path: .;C:\Program Files\Java\jdk-17\bin;C:\Windows\SYSTEM32;C:\Program Files\SentinelOne\Sentinel Agent 25.1.3.334;C:\Windows\WinSxS\amd64_microsoft.windows.common-controls_6595b64144ccf1df_6.0.19041.6280_none_60bc30a171f2f3f3;C:\Program Files\Java\jdk-17\bin\server

VM Arguments:
jvm_args: -Dnet.bytebuddy.agent.attacher.dump= -agentpath:C:\Program Files\SentinelOne\Sentinel Agent 25.1.3.334\SentinelJava64.dll=extendedCapabilities 
java_command: net.bytebuddy.agent.Attacher com.sun.tools.attach.VirtualMachine 11564 C:\Users\rethessh.ed\.m2\repository\net\bytebuddy\byte-buddy-agent\1.17.8\byte-buddy-agent-1.17.8.jar false 
java_class_path (initial): C:\Users\rethessh.ed\.m2\repository\net\bytebuddy\byte-buddy-agent\1.17.8\byte-buddy-agent-1.17.8.jar
Launcher Type: SUN_STANDARD

[Global flags]
     intx CICompilerCount                          = 3                                         {product} {ergonomic}
     uint ConcGCThreads                            = 1                                         {product} {ergonomic}
     uint G1ConcRefinementThreads                  = 4                                         {product} {ergonomic}
   size_t G1HeapRegionSize                         = 1048576                                   {product} {ergonomic}
    uintx GCDrainStackTargetSize                   = 64                                        {product} {ergonomic}
   size_t InitialHeapSize                          = 134217728                                 {product} {ergonomic}
   size_t MarkStackSize                            = 4194304                                   {product} {ergonomic}
   size_t MaxHeapSize                              = 2118123520                                {product} {ergonomic}
   size_t MinHeapDeltaBytes                        = 1048576                                   {product} {ergonomic}
   size_t MinHeapSize                              = 8388608                                   {product} {ergonomic}
    uintx NonNMethodCodeHeapSize                   = 5832780                                {pd product} {ergonomic}
    uintx NonProfiledCodeHeapSize                  = 122912730                              {pd product} {ergonomic}
    uintx ProfiledCodeHeapSize                     = 122912730                              {pd product} {ergonomic}
    uintx ReservedCodeCacheSize                    = 251658240                              {pd product} {ergonomic}
     bool SegmentedCodeCache                       = true                                      {product} {ergonomic}
   size_t SoftMaxHeapSize                          = 2118123520                             {manageable} {ergonomic}
     bool UseCompressedClassPointers               = true                           {product lp64_product} {ergonomic}
     bool UseCompressedOops                        = true                           {product lp64_product} {ergonomic}
     bool UseG1GC                                  = true                                      {product} {ergonomic}
     bool UseLargePagesIndividualAllocation        = false                                  {pd product} {ergonomic}

Logging:
Log output configuration:
 #0: stdout all=warning uptime,level,tags
 #1: stderr all=off uptime,level,tags

Environment Variables:
JAVA_HOME=C:\Program Files\Java\jdk-17
PATH=C:/Users/rethessh.ed/Downloads/spring-tools-for-eclipse-5.1.1.RELEASE-e4.39.0-win32.win32.x86_64/sts-5.1.1.RELEASE//plugins/org.eclipse.justj.openjdk.hotspot.jre.full.win32.x86_64_25.0.2.v20260203-1141/jre/bin/server;C:/Users/rethessh.ed/Downloads/spring-tools-for-eclipse-5.1.1.RELEASE-e4.39.0-win32.win32.x86_64/sts-5.1.1.RELEASE//plugins/org.eclipse.justj.openjdk.hotspot.jre.full.win32.x86_64_25.0.2.v20260203-1141/jre/bin;C:\Program Files\Java\jdk-17\bin;C:\Program Files\Common Files\Oracle\Java\javapath;C:\Program Files (x86)\Common Files\Oracle\Java\javapath;C:\Windows\system32;C:\Windows;C:\Windows\System32\Wbem;C:\Windows\System32\WindowsPowerShell\v1.0\;C:\Windows\System32\OpenSSH\;C:\Program Files\TortoiseSVN\bin;C:\Program Files\nodejs\;C:\Program Files\Microsoft SQL Server\150\Tools\Binn\;C:\Program Files\Microsoft SQL Server\Client SDK\ODBC\170\Tools\Binn\;C:\Program Files\dotnet\;C:\Users\rethessh.ed\AppData\Local\Programs\Python\Python314\Scripts\;C:\Users\rethessh.ed\AppData\Local\Programs\Python\Python314\;C:\Users\rethessh.ed\AppData\Local\Programs\Python\Launcher\;C:\Users\rethessh.ed\AppData\Local\Microsoft\WindowsApps;C:\Users\rethessh.ed\AppData\Local\Programs\Microsoft VS Code\bin;C:\Users\rethessh.ed\AppData\Local\Programs\Git\cmd;C:\Users\rethessh.ed\Downloads\spring-tools-for-eclipse-5.1.1.RELEASE-e4.39.0-win32.win32.x86_64\sts-5.1.1.RELEASE;
USERNAME=rethessh.ed
OS=Windows_NT
PROCESSOR_IDENTIFIER=Intel64 Family 6 Model 58 Stepping 9, GenuineIntel



---------------  S Y S T E M  ---------------

OS:
 Windows 10 , 64 bit Build 19041 (10.0.19041.5915)
OS uptime: 1 days 6:36 hours

CPU: total 4 (initial active 4) (4 cores per cpu, 1 threads per core) family 6 model 58 stepping 9 microcode 0x21, cx8, cmov, fxsr, mmx, sse, sse2, sse3, ssse3, sse4.1, sse4.2, popcnt, tsc, tscinvbit, avx, aes, erms, clmul, vzeroupper, clflush

Memory: 4k page, system-wide physical 8078M (831M free)
TotalPageFile size 12174M (AvailPageFile size 62M)
current process WorkingSet (physical memory assigned to process): 18M, peak: 18M
current process commit charge ("private bytes"): 55M, peak: 183M

vm_info: Java HotSpot(TM) 64-Bit Server VM (17.0.12+8-LTS-286) for windows-amd64 JRE (17.0.12+8-LTS-286), built on Jun  5 2024 06:46:59 by "mach5one" with MS VC++ 17.6 (VS2022)

END.
